current_time:  2024-08-22_21-36-56
problem:  heat
sga_num =  20
sga_depth =  4
sga_width =  5
sga_p_var =  0.5
sga_p_rep =  1
sga_p_mute =  0.3
sga_p_cro =  0.5
sga_run =  100
Creating the original pdes in the pool ...
Creating the ith pde, i= 0
a_pde.visualize(): ( ^3 ((u - ux) / (0 * u)))+(x * ( ^3 x))+( ^3 (ux + x))+((( ^2 u) + (ux - 0)) * (ux d^2 x))
evaluate_aic: 34.8463020470358
Creating the ith pde, i= 1
a_pde.visualize(): (x * u)+( ^2 u)+(ux d x)
evaluate_aic: 34.294840931332544
Creating the ith pde, i= 2
a_pde.visualize(): ((( ^2 0) - ( ^2 ux)) d x)
evaluate_aic: 30.346366510087687
Creating the ith pde, i= 3
a_pde.visualize(): (x / ux)
evaluate_aic: 30.3464651964516
Creating the ith pde, i= 4
a_pde.visualize(): ( ^2 (u d x))+( ^2 ux)+( ^2 ux)+( ^3 (x + ( ^3 x)))+(((x * u) d x) * x)
evaluate_aic: 38.2031547202871
Creating the ith pde, i= 5
a_pde.visualize(): (ux * ux)
evaluate_aic: 30.233953874008982
Creating the ith pde, i= 6
a_pde.visualize(): ( ^2 ux)+(((u / ux) d x) d x)+(u d^2 x)
evaluate_aic: 32.232400309337336
Creating the ith pde, i= 7
a_pde.visualize(): ((( ^3 u) / (u * ux)) / ((x / ux) + ( ^2 u)))+( ^3 ux)+(x * ((ux - x) - (u d^2 x)))
evaluate_aic: 34.1664485283643
Creating the ith pde, i= 8
a_pde.visualize(): ( ^2 (ux - (u + ux)))
evaluate_aic: 30.34646560787688
Creating the ith pde, i= 9
a_pde.visualize(): (( ^3 ux) d^2 x)+( ^3 ( ^3 u))
evaluate_aic: 32.325629537478385
Creating the ith pde, i= 10
a_pde.visualize(): (ux / 0)
evaluate_aic: 30.34646560787688
Creating the ith pde, i= 11
a_pde.visualize(): ( ^3 (u / 0))+(((x - ux) d x) / (ux * (ux d^2 x)))+(( ^3 ux) d^2 x)
evaluate_aic: 32.796529737918235
Creating the ith pde, i= 12
a_pde.visualize(): ( ^2 u)+(ux d x)
evaluate_aic: 32.34646560787688
Creating the ith pde, i= 13
a_pde.visualize(): (((u + ux) d^2 x) * ( ^2 (u - ux)))+( ^2 (ux d^2 x))+( ^3 ux)
evaluate_aic: 34.18942720722491
Creating the ith pde, i= 14
a_pde.visualize(): (((u * ux) - x) / x)+((u + 0) d x)+(((x / u) / (u + ux)) * (( ^3 u) + 0))+(x / 0)+( ^2 u)
evaluate_aic: 36.24849199190554
Creating the ith pde, i= 15
a_pde.visualize(): (u d^2 x)+( ^3 u)+(x d^2 x)
evaluate_aic: 34.339539113559
Creating the ith pde, i= 16
a_pde.visualize(): ( ^3 ux)+( ^2 x)+(((u / 0) d^2 x) d x)
evaluate_aic: 34.0651396330635
Creating the ith pde, i= 17
a_pde.visualize(): ((u - x) * (u - (ux - 0)))+(ux / ( ^3 x))
evaluate_aic: 32.34171124249675
Creating the ith pde, i= 18
a_pde.visualize(): (x / u)
evaluate_aic: 28.34646560787688
Creating the ith pde, i= 19
a_pde.visualize(): (((ux + 0) d x) d^2 x)+( ^3 (ux / x))+( ^2 ux)+(x / x)
evaluate_aic: 36.14668191594781
1 generation best_aic & best Eq: 28.34646560787688, (x / u)
best concise Eq: 8.4486u + 0.1058ux + -0.4211u^2 + 0.0053u^3
1 generation repeat cross over 3 times and mutation 3 times
2 generation best_aic & best Eq: 28.34646560787688, (x / u)
best concise Eq: 8.4486u + 0.1058ux + -0.4211u^2 + 0.0053u^3
2 generation repeat cross over 20 times and mutation 4 times
3 generation best_aic & best Eq: 28.34646560787688, (x / u)
best concise Eq: 8.4486u + 0.1058ux + -0.4211u^2 + 0.0053u^3
3 generation repeat cross over 20 times and mutation 3 times
4 generation best_aic & best Eq: 28.34646560787688, (x / u)
best concise Eq: 8.4486u + 0.1058ux + -0.4211u^2 + 0.0053u^3
4 generation repeat cross over 20 times and mutation 6 times
5 generation best_aic & best Eq: 28.34646560787688, (x / u)
best concise Eq: 8.4486u + 0.1058ux + -0.4211u^2 + 0.0053u^3
5 generation repeat cross over 20 times and mutation 9 times
6 generation best_aic & best Eq: 28.341795584385274, (ux / (( ^3 x) d^2 x))
best concise Eq: 8.3047u + 0.1026ux + -0.4148u^2 + 0.0053u^3 + 0.0987(ux / (( ^3 x) d^2 x))
6 generation repeat cross over 20 times and mutation 9 times
7 generation best_aic & best Eq: 28.341795584385274, (ux / (( ^3 x) d^2 x))
best concise Eq: 8.3047u + 0.1026ux + -0.4148u^2 + 0.0053u^3 + 0.0987(ux / (( ^3 x) d^2 x))
7 generation repeat cross over 20 times and mutation 4 times
8 generation best_aic & best Eq: 28.341795584385274, (ux / (( ^3 x) d^2 x))
best concise Eq: 8.3047u + 0.1026ux + -0.4148u^2 + 0.0053u^3 + 0.0987(ux / (( ^3 x) d^2 x))
8 generation repeat cross over 20 times and mutation 4 times
9 generation best_aic & best Eq: 28.341795584385274, (ux / (( ^3 x) d^2 x))
best concise Eq: 8.3047u + 0.1026ux + -0.4148u^2 + 0.0053u^3 + 0.0987(ux / (( ^3 x) d^2 x))
9 generation repeat cross over 20 times and mutation 7 times
10 generation best_aic & best Eq: 28.341795584385274, (ux / (( ^3 x) d^2 x))
best concise Eq: 8.3047u + 0.1026ux + -0.4148u^2 + 0.0053u^3 + 0.0987(ux / (( ^3 x) d^2 x))
10 generation repeat cross over 20 times and mutation 9 times
11 generation best_aic & best Eq: 28.341795584385274, (ux / (( ^3 x) d^2 x))
best concise Eq: 8.3047u + 0.1026ux + -0.4148u^2 + 0.0053u^3 + 0.0987(ux / (( ^3 x) d^2 x))
11 generation repeat cross over 20 times and mutation 9 times
12 generation best_aic & best Eq: 28.341795584385274, (ux / (( ^3 x) d^2 x))
best concise Eq: 8.3047u + 0.1026ux + -0.4148u^2 + 0.0053u^3 + 0.0987(ux / (( ^3 x) d^2 x))
12 generation repeat cross over 20 times and mutation 3 times
13 generation best_aic & best Eq: 28.341795584385274, (ux / (( ^3 x) d^2 x))
best concise Eq: 8.3047u + 0.1026ux + -0.4148u^2 + 0.0053u^3 + 0.0987(ux / (( ^3 x) d^2 x))
13 generation repeat cross over 20 times and mutation 6 times
14 generation best_aic & best Eq: 28.341795584385274, (ux / (( ^3 x) d^2 x))
best concise Eq: 8.3047u + 0.1026ux + -0.4148u^2 + 0.0053u^3 + 0.0987(ux / (( ^3 x) d^2 x))
14 generation repeat cross over 20 times and mutation 9 times
15 generation best_aic & best Eq: 28.341795584385274, (ux / (( ^3 x) d^2 x))
best concise Eq: 8.3047u + 0.1026ux + -0.4148u^2 + 0.0053u^3 + 0.0987(ux / (( ^3 x) d^2 x))
15 generation repeat cross over 20 times and mutation 7 times
16 generation best_aic & best Eq: 28.341795584385274, (ux / (( ^3 x) d^2 x))
best concise Eq: 8.3047u + 0.1026ux + -0.4148u^2 + 0.0053u^3 + 0.0987(ux / (( ^3 x) d^2 x))
16 generation repeat cross over 20 times and mutation 8 times
17 generation best_aic & best Eq: 28.341795584385274, (ux / (( ^3 x) d^2 x))
best concise Eq: 8.3047u + 0.1026ux + -0.4148u^2 + 0.0053u^3 + 0.0987(ux / (( ^3 x) d^2 x))
17 generation repeat cross over 20 times and mutation 4 times
18 generation best_aic & best Eq: 28.341795584385274, (ux / (( ^3 x) d^2 x))
best concise Eq: 8.3047u + 0.1026ux + -0.4148u^2 + 0.0053u^3 + 0.0987(ux / (( ^3 x) d^2 x))
18 generation repeat cross over 20 times and mutation 5 times
19 generation best_aic & best Eq: 28.341795584385274, (ux / (( ^3 x) d^2 x))
best concise Eq: 8.3047u + 0.1026ux + -0.4148u^2 + 0.0053u^3 + 0.0987(ux / (( ^3 x) d^2 x))
19 generation repeat cross over 20 times and mutation 4 times
20 generation best_aic & best Eq: 28.341795584385274, (ux / (( ^3 x) d^2 x))
best concise Eq: 8.3047u + 0.1026ux + -0.4148u^2 + 0.0053u^3 + 0.0987(ux / (( ^3 x) d^2 x))
20 generation repeat cross over 20 times and mutation 3 times
21 generation best_aic & best Eq: 28.341795584385274, (ux / (( ^3 x) d^2 x))
best concise Eq: 8.3047u + 0.1026ux + -0.4148u^2 + 0.0053u^3 + 0.0987(ux / (( ^3 x) d^2 x))
21 generation repeat cross over 20 times and mutation 6 times
22 generation best_aic & best Eq: 28.341795584385274, (ux / (( ^3 x) d^2 x))
best concise Eq: 8.3047u + 0.1026ux + -0.4148u^2 + 0.0053u^3 + 0.0987(ux / (( ^3 x) d^2 x))
22 generation repeat cross over 20 times and mutation 10 times
23 generation best_aic & best Eq: 28.341795584385274, (ux / (( ^3 x) d^2 x))
best concise Eq: 8.3047u + 0.1026ux + -0.4148u^2 + 0.0053u^3 + 0.0987(ux / (( ^3 x) d^2 x))
23 generation repeat cross over 20 times and mutation 10 times
24 generation best_aic & best Eq: 28.341795584385274, (ux / (( ^3 x) d^2 x))
best concise Eq: 8.3047u + 0.1026ux + -0.4148u^2 + 0.0053u^3 + 0.0987(ux / (( ^3 x) d^2 x))
24 generation repeat cross over 20 times and mutation 7 times
25 generation best_aic & best Eq: 28.341795386148842, (ux / ((x d^2 x) + x))
best concise Eq: 8.3047u + 0.1026ux + -0.4148u^2 + 0.0053u^3 + 0.0164(ux / ((x d^2 x) + x))
25 generation repeat cross over 20 times and mutation 7 times
26 generation best_aic & best Eq: 28.341795386148842, (ux / ((x d^2 x) + x))
best concise Eq: 8.3047u + 0.1026ux + -0.4148u^2 + 0.0053u^3 + 0.0164(ux / ((x d^2 x) + x))
26 generation repeat cross over 20 times and mutation 7 times
27 generation best_aic & best Eq: 28.341795386148842, (ux / ((x d^2 x) + x))
best concise Eq: 8.3047u + 0.1026ux + -0.4148u^2 + 0.0053u^3 + 0.0164(ux / ((x d^2 x) + x))
27 generation repeat cross over 20 times and mutation 5 times
28 generation best_aic & best Eq: 28.330790560807742, ((ux d^2 x) / ( ^3 (x d x)))
best concise Eq: 8.4708u + 0.1594ux + -0.4221u^2 + 0.0053u^3
28 generation repeat cross over 20 times and mutation 4 times
29 generation best_aic & best Eq: 28.330790560807742, ((ux d^2 x) / ( ^3 (x d x)))
best concise Eq: 8.4708u + 0.1594ux + -0.4221u^2 + 0.0053u^3
29 generation repeat cross over 20 times and mutation 6 times
30 generation best_aic & best Eq: 28.330790560807742, ((ux d^2 x) / ( ^3 (x d x)))
best concise Eq: 8.4708u + 0.1594ux + -0.4221u^2 + 0.0053u^3
30 generation repeat cross over 20 times and mutation 6 times
31 generation best_aic & best Eq: 28.330790560807742, ((ux d^2 x) / ( ^3 (x d x)))
best concise Eq: 8.4708u + 0.1594ux + -0.4221u^2 + 0.0053u^3
31 generation repeat cross over 20 times and mutation 5 times
32 generation best_aic & best Eq: 28.330790560807742, ((ux d^2 x) / ( ^3 (x d x)))
best concise Eq: 8.4708u + 0.1594ux + -0.4221u^2 + 0.0053u^3
32 generation repeat cross over 20 times and mutation 1 times
33 generation best_aic & best Eq: 28.330790560807742, ((ux d^2 x) / ( ^3 (x d x)))
best concise Eq: 8.4708u + 0.1594ux + -0.4221u^2 + 0.0053u^3
33 generation repeat cross over 20 times and mutation 8 times
34 generation best_aic & best Eq: 28.330790560807742, ((ux d^2 x) / ( ^3 (x d x)))
best concise Eq: 8.4708u + 0.1594ux + -0.4221u^2 + 0.0053u^3
34 generation repeat cross over 20 times and mutation 8 times
35 generation best_aic & best Eq: 28.330790560807742, ((ux d^2 x) / ( ^3 (x d x)))
best concise Eq: 8.4708u + 0.1594ux + -0.4221u^2 + 0.0053u^3
35 generation repeat cross over 20 times and mutation 8 times
36 generation best_aic & best Eq: 28.330790560807742, ((ux d^2 x) / ( ^3 (x d x)))
best concise Eq: 8.4708u + 0.1594ux + -0.4221u^2 + 0.0053u^3
36 generation repeat cross over 20 times and mutation 5 times
37 generation best_aic & best Eq: 28.330790560807742, ((ux d^2 x) / ( ^3 (x d x)))
best concise Eq: 8.4708u + 0.1594ux + -0.4221u^2 + 0.0053u^3
37 generation repeat cross over 20 times and mutation 11 times
38 generation best_aic & best Eq: 28.330790560807742, ((ux d^2 x) / ( ^3 (x d x)))
best concise Eq: 8.4708u + 0.1594ux + -0.4221u^2 + 0.0053u^3
38 generation repeat cross over 20 times and mutation 9 times
39 generation best_aic & best Eq: 28.251593490295225, (( ^2 x) d x)
best concise Eq: 8.9882u + -0.0239ux + -0.418u^2 + 0.0047u^3 + 16.0585(( ^2 x) d x)
39 generation repeat cross over 20 times and mutation 7 times
40 generation best_aic & best Eq: 28.251593490295225, (( ^2 x) d x)
best concise Eq: 8.9882u + -0.0239ux + -0.418u^2 + 0.0047u^3 + 16.0585(( ^2 x) d x)
40 generation repeat cross over 20 times and mutation 6 times
41 generation best_aic & best Eq: 28.251593490295225, (( ^2 x) d x)
best concise Eq: 8.9882u + -0.0239ux + -0.418u^2 + 0.0047u^3 + 16.0585(( ^2 x) d x)
41 generation repeat cross over 20 times and mutation 8 times
42 generation best_aic & best Eq: 28.251593490295225, (( ^2 x) d x)
best concise Eq: 8.9882u + -0.0239ux + -0.418u^2 + 0.0047u^3 + 16.0585(( ^2 x) d x)
42 generation repeat cross over 20 times and mutation 6 times
43 generation best_aic & best Eq: 28.251593490295225, (( ^2 x) d x)
best concise Eq: 8.9882u + -0.0239ux + -0.418u^2 + 0.0047u^3 + 16.0585(( ^2 x) d x)
43 generation repeat cross over 20 times and mutation 6 times
44 generation best_aic & best Eq: 28.251593490295225, (( ^2 x) d x)
best concise Eq: 8.9882u + -0.0239ux + -0.418u^2 + 0.0047u^3 + 16.0585(( ^2 x) d x)
44 generation repeat cross over 20 times and mutation 9 times
45 generation best_aic & best Eq: 28.251593490295225, (( ^2 x) d x)
best concise Eq: 8.9882u + -0.0239ux + -0.418u^2 + 0.0047u^3 + 16.0585(( ^2 x) d x)
45 generation repeat cross over 20 times and mutation 4 times
46 generation best_aic & best Eq: 28.251593490295225, (( ^2 x) d x)
best concise Eq: 8.9882u + -0.0239ux + -0.418u^2 + 0.0047u^3 + 16.0585(( ^2 x) d x)
46 generation repeat cross over 20 times and mutation 9 times
47 generation best_aic & best Eq: 28.251593490295225, (( ^2 x) d x)
best concise Eq: 8.9882u + -0.0239ux + -0.418u^2 + 0.0047u^3 + 16.0585(( ^2 x) d x)
47 generation repeat cross over 20 times and mutation 7 times
48 generation best_aic & best Eq: 28.251593490295225, (( ^2 x) d x)
best concise Eq: 8.9882u + -0.0239ux + -0.418u^2 + 0.0047u^3 + 16.0585(( ^2 x) d x)
48 generation repeat cross over 20 times and mutation 7 times
49 generation best_aic & best Eq: 26.34646572748209, (((0 + x) + u) d^2 x)
best concise Eq: 8.4476u + 0.1058ux + -0.4211u^2 + 0.0053u^3
49 generation repeat cross over 20 times and mutation 7 times
50 generation best_aic & best Eq: 26.34646572748209, (((0 + x) + u) d^2 x)
best concise Eq: 8.4476u + 0.1058ux + -0.4211u^2 + 0.0053u^3
50 generation repeat cross over 20 times and mutation 4 times
51 generation best_aic & best Eq: 26.34646572748209, (((0 + x) + u) d^2 x)
best concise Eq: 8.4476u + 0.1058ux + -0.4211u^2 + 0.0053u^3
51 generation repeat cross over 20 times and mutation 8 times
52 generation best_aic & best Eq: 26.34646572748209, (((0 + x) + u) d^2 x)
best concise Eq: 8.4476u + 0.1058ux + -0.4211u^2 + 0.0053u^3
52 generation repeat cross over 20 times and mutation 5 times
53 generation best_aic & best Eq: 26.34646572748209, (((0 + x) + u) d^2 x)
best concise Eq: 8.4476u + 0.1058ux + -0.4211u^2 + 0.0053u^3
53 generation repeat cross over 20 times and mutation 10 times
54 generation best_aic & best Eq: 26.34646572748209, (((0 + x) + u) d^2 x)
best concise Eq: 8.4476u + 0.1058ux + -0.4211u^2 + 0.0053u^3
54 generation repeat cross over 20 times and mutation 5 times
55 generation best_aic & best Eq: 26.34646572748209, (((0 + x) + u) d^2 x)
best concise Eq: 8.4476u + 0.1058ux + -0.4211u^2 + 0.0053u^3
55 generation repeat cross over 20 times and mutation 5 times
56 generation best_aic & best Eq: 26.34646572748209, (((0 + x) + u) d^2 x)
best concise Eq: 8.4476u + 0.1058ux + -0.4211u^2 + 0.0053u^3
56 generation repeat cross over 20 times and mutation 5 times
57 generation best_aic & best Eq: 26.34646572748209, (((0 + x) + u) d^2 x)
best concise Eq: 8.4476u + 0.1058ux + -0.4211u^2 + 0.0053u^3
57 generation repeat cross over 20 times and mutation 9 times
58 generation best_aic & best Eq: 26.34646572748209, (((0 + x) + u) d^2 x)
best concise Eq: 8.4476u + 0.1058ux + -0.4211u^2 + 0.0053u^3
58 generation repeat cross over 20 times and mutation 6 times
59 generation best_aic & best Eq: 26.34646572748209, (((0 + x) + u) d^2 x)
best concise Eq: 8.4476u + 0.1058ux + -0.4211u^2 + 0.0053u^3
59 generation repeat cross over 20 times and mutation 6 times
60 generation best_aic & best Eq: 26.34646572748209, (((0 + x) + u) d^2 x)
best concise Eq: 8.4476u + 0.1058ux + -0.4211u^2 + 0.0053u^3
60 generation repeat cross over 20 times and mutation 5 times
61 generation best_aic & best Eq: 26.34646572748209, (((0 + x) + u) d^2 x)
best concise Eq: 8.4476u + 0.1058ux + -0.4211u^2 + 0.0053u^3
61 generation repeat cross over 20 times and mutation 10 times
62 generation best_aic & best Eq: 26.34646572748209, (((0 + x) + u) d^2 x)
best concise Eq: 8.4476u + 0.1058ux + -0.4211u^2 + 0.0053u^3
62 generation repeat cross over 20 times and mutation 7 times
63 generation best_aic & best Eq: 26.34646572748209, (((0 + x) + u) d^2 x)
best concise Eq: 8.4476u + 0.1058ux + -0.4211u^2 + 0.0053u^3
63 generation repeat cross over 20 times and mutation 9 times
64 generation best_aic & best Eq: 26.34646572748209, (((0 + x) + u) d^2 x)
best concise Eq: 8.4476u + 0.1058ux + -0.4211u^2 + 0.0053u^3
64 generation repeat cross over 20 times and mutation 9 times
65 generation best_aic & best Eq: 26.34646572748209, (((0 + x) + u) d^2 x)
best concise Eq: 8.4476u + 0.1058ux + -0.4211u^2 + 0.0053u^3
65 generation repeat cross over 20 times and mutation 5 times
66 generation best_aic & best Eq: 26.34646572748209, (((0 + x) + u) d^2 x)
best concise Eq: 8.4476u + 0.1058ux + -0.4211u^2 + 0.0053u^3
66 generation repeat cross over 20 times and mutation 12 times
67 generation best_aic & best Eq: 26.34646572748209, (((0 + x) + u) d^2 x)
best concise Eq: 8.4476u + 0.1058ux + -0.4211u^2 + 0.0053u^3
67 generation repeat cross over 20 times and mutation 8 times
68 generation best_aic & best Eq: 26.34646572748209, (((0 + x) + u) d^2 x)
best concise Eq: 8.4476u + 0.1058ux + -0.4211u^2 + 0.0053u^3
68 generation repeat cross over 20 times and mutation 7 times
69 generation best_aic & best Eq: 26.34646572748209, (((0 + x) + u) d^2 x)
best concise Eq: 8.4476u + 0.1058ux + -0.4211u^2 + 0.0053u^3
69 generation repeat cross over 20 times and mutation 9 times
70 generation best_aic & best Eq: 26.34646572748209, (((0 + x) + u) d^2 x)
best concise Eq: 8.4476u + 0.1058ux + -0.4211u^2 + 0.0053u^3
70 generation repeat cross over 20 times and mutation 3 times
71 generation best_aic & best Eq: 26.34646572748209, (((0 + x) + u) d^2 x)
best concise Eq: 8.4476u + 0.1058ux + -0.4211u^2 + 0.0053u^3
71 generation repeat cross over 20 times and mutation 7 times
72 generation best_aic & best Eq: 26.34646572748209, (((0 + x) + u) d^2 x)
best concise Eq: 8.4476u + 0.1058ux + -0.4211u^2 + 0.0053u^3
72 generation repeat cross over 20 times and mutation 7 times
73 generation best_aic & best Eq: 26.34646572748209, (((0 + x) + u) d^2 x)
best concise Eq: 8.4476u + 0.1058ux + -0.4211u^2 + 0.0053u^3
73 generation repeat cross over 20 times and mutation 7 times
74 generation best_aic & best Eq: 26.34646572748209, (((0 + x) + u) d^2 x)
best concise Eq: 8.4476u + 0.1058ux + -0.4211u^2 + 0.0053u^3
74 generation repeat cross over 20 times and mutation 10 times
75 generation best_aic & best Eq: 26.34646572748209, (((0 + x) + u) d^2 x)
best concise Eq: 8.4476u + 0.1058ux + -0.4211u^2 + 0.0053u^3
75 generation repeat cross over 20 times and mutation 8 times
76 generation best_aic & best Eq: 26.34646572748209, (((0 + x) + u) d^2 x)
best concise Eq: 8.4476u + 0.1058ux + -0.4211u^2 + 0.0053u^3
76 generation repeat cross over 20 times and mutation 6 times
77 generation best_aic & best Eq: 26.34646572748209, (((0 + x) + u) d^2 x)
best concise Eq: 8.4476u + 0.1058ux + -0.4211u^2 + 0.0053u^3
77 generation repeat cross over 20 times and mutation 6 times
78 generation best_aic & best Eq: 26.34646572748209, (((0 + x) + u) d^2 x)
best concise Eq: 8.4476u + 0.1058ux + -0.4211u^2 + 0.0053u^3
78 generation repeat cross over 20 times and mutation 7 times
79 generation best_aic & best Eq: 26.34646572748209, (((0 + x) + u) d^2 x)
best concise Eq: 8.4476u + 0.1058ux + -0.4211u^2 + 0.0053u^3
79 generation repeat cross over 20 times and mutation 8 times
80 generation best_aic & best Eq: 26.34646572748209, (((0 + x) + u) d^2 x)
best concise Eq: 8.4476u + 0.1058ux + -0.4211u^2 + 0.0053u^3
80 generation repeat cross over 20 times and mutation 4 times
81 generation best_aic & best Eq: 26.34646572748209, (((0 + x) + u) d^2 x)
best concise Eq: 8.4476u + 0.1058ux + -0.4211u^2 + 0.0053u^3
81 generation repeat cross over 20 times and mutation 7 times
82 generation best_aic & best Eq: 26.34646572748209, (((0 + x) + u) d^2 x)
best concise Eq: 8.4476u + 0.1058ux + -0.4211u^2 + 0.0053u^3
82 generation repeat cross over 20 times and mutation 4 times
83 generation best_aic & best Eq: 26.34646572748209, (((0 + x) + u) d^2 x)
best concise Eq: 8.4476u + 0.1058ux + -0.4211u^2 + 0.0053u^3
83 generation repeat cross over 20 times and mutation 3 times
84 generation best_aic & best Eq: 26.34646572748209, (((0 + x) + u) d^2 x)
best concise Eq: 8.4476u + 0.1058ux + -0.4211u^2 + 0.0053u^3
84 generation repeat cross over 20 times and mutation 10 times
85 generation best_aic & best Eq: 26.34646572748209, (((0 + x) + u) d^2 x)
best concise Eq: 8.4476u + 0.1058ux + -0.4211u^2 + 0.0053u^3
85 generation repeat cross over 20 times and mutation 11 times
86 generation best_aic & best Eq: 26.34646572748209, (((0 + x) + u) d^2 x)
best concise Eq: 8.4476u + 0.1058ux + -0.4211u^2 + 0.0053u^3
86 generation repeat cross over 20 times and mutation 7 times
87 generation best_aic & best Eq: 26.34646572748209, (((0 + x) + u) d^2 x)
best concise Eq: 8.4476u + 0.1058ux + -0.4211u^2 + 0.0053u^3
87 generation repeat cross over 20 times and mutation 11 times
88 generation best_aic & best Eq: 26.34646572748209, (((0 + x) + u) d^2 x)
best concise Eq: 8.4476u + 0.1058ux + -0.4211u^2 + 0.0053u^3
88 generation repeat cross over 20 times and mutation 6 times
89 generation best_aic & best Eq: 26.34646572748209, (((0 + x) + u) d^2 x)
best concise Eq: 8.4476u + 0.1058ux + -0.4211u^2 + 0.0053u^3
89 generation repeat cross over 20 times and mutation 5 times
90 generation best_aic & best Eq: 26.34646572748209, (((0 + x) + u) d^2 x)
best concise Eq: 8.4476u + 0.1058ux + -0.4211u^2 + 0.0053u^3
90 generation repeat cross over 20 times and mutation 6 times
91 generation best_aic & best Eq: 26.34646572748209, (((0 + x) + u) d^2 x)
best concise Eq: 8.4476u + 0.1058ux + -0.4211u^2 + 0.0053u^3
91 generation repeat cross over 20 times and mutation 8 times
92 generation best_aic & best Eq: 26.34646572748209, (((0 + x) + u) d^2 x)
best concise Eq: 8.4476u + 0.1058ux + -0.4211u^2 + 0.0053u^3
92 generation repeat cross over 20 times and mutation 9 times
93 generation best_aic & best Eq: 26.34646572748209, (((0 + x) + u) d^2 x)
best concise Eq: 8.4476u + 0.1058ux + -0.4211u^2 + 0.0053u^3
93 generation repeat cross over 20 times and mutation 4 times
94 generation best_aic & best Eq: 26.34646572748209, (((0 + x) + u) d^2 x)
best concise Eq: 8.4476u + 0.1058ux + -0.4211u^2 + 0.0053u^3
94 generation repeat cross over 20 times and mutation 6 times
95 generation best_aic & best Eq: 26.34646572748209, (((0 + x) + u) d^2 x)
best concise Eq: 8.4476u + 0.1058ux + -0.4211u^2 + 0.0053u^3
95 generation repeat cross over 20 times and mutation 11 times
96 generation best_aic & best Eq: 26.34646572748209, (((0 + x) + u) d^2 x)
best concise Eq: 8.4476u + 0.1058ux + -0.4211u^2 + 0.0053u^3
96 generation repeat cross over 20 times and mutation 8 times
97 generation best_aic & best Eq: 26.34646572748209, (((0 + x) + u) d^2 x)
best concise Eq: 8.4476u + 0.1058ux + -0.4211u^2 + 0.0053u^3
97 generation repeat cross over 20 times and mutation 8 times
98 generation best_aic & best Eq: 26.34646572748209, (((0 + x) + u) d^2 x)
best concise Eq: 8.4476u + 0.1058ux + -0.4211u^2 + 0.0053u^3
98 generation repeat cross over 20 times and mutation 8 times
99 generation best_aic & best Eq: 26.34646572748209, (((0 + x) + u) d^2 x)
best concise Eq: 8.4476u + 0.1058ux + -0.4211u^2 + 0.0053u^3
99 generation repeat cross over 20 times and mutation 9 times
100 generation best_aic & best Eq: 26.34646572748209, (((0 + x) + u) d^2 x)
best concise Eq: 8.4476u + 0.1058ux + -0.4211u^2 + 0.0053u^3
100 generation repeat cross over 20 times and mutation 6 times
