current_time:  2024-08-27_22-47-30
problem:  heat
use_difference:  False
sga_num =  20
sga_depth =  4
sga_width =  5
sga_p_var =  0.5
sga_p_rep =  1
sga_p_mute =  0.3
sga_p_cro =  0.5
sga_run =  100
equation_left_right_difference =  5.5445256562468436e-05
Creating the original pdes in the pool ...
Creating the ith pde, i= 0
a_pde.visualize(): ( ^3 u)+(ux d x)+(x * u)+(ux / ( ^2 uy))
evaluate_aic: -13.46372538406208
Creating the ith pde, i= 1
a_pde.visualize(): (((0 * u) - uy) d y)+(y * ((ux d x) / (x / uy)))+( ^2 ux)
evaluate_aic: -13.46372538406208
Creating the ith pde, i= 2
a_pde.visualize(): (( ^3 (u - 0)) / ( ^2 ( ^3 x)))+((u d^2 y) * (y d^2 y))+(( ^3 (u + 0)) d^2 x)+( ^2 ( ^2 (y - uy)))
evaluate_aic: -13.46372538406208
Creating the ith pde, i= 3
a_pde.visualize(): ( ^2 ((y d y) + (u / u)))+(ux d^2 y)+(( ^2 (y / ux)) d^2 x)
evaluate_aic: -13.46372538406208
Creating the ith pde, i= 4
a_pde.visualize(): ( ^2 y)
evaluate_aic: -13.46372538406208
Creating the ith pde, i= 5
a_pde.visualize(): ((y + u) d x)+(u d^2 x)+( ^3 (u / (ux - x)))
evaluate_aic: -9.661545621853392
Creating the ith pde, i= 6
a_pde.visualize(): (( ^2 x) d^2 x)+(((y d x) + (x / uy)) d y)
evaluate_aic: -13.46372538406208
Creating the ith pde, i= 7
a_pde.visualize(): ( ^2 uy)+(uy d y)+((ux + (uy * 0)) d^2 y)+( ^3 ( ^2 (x d^2 x)))+(( ^2 (uy + u)) d y)
evaluate_aic: -13.46372538406208
Creating the ith pde, i= 8
a_pde.visualize(): ((ux / ( ^3 0)) d y)+( ^3 ( ^3 ux))+( ^2 x)
evaluate_aic: -11.75514402421005
Creating the ith pde, i= 9
a_pde.visualize(): ( ^3 ux)+( ^3 x)+( ^3 u)
evaluate_aic: -13.46372538406208
Creating the ith pde, i= 10
a_pde.visualize(): (ux d y)
evaluate_aic: -11.755144024210052
Creating the ith pde, i= 11
a_pde.visualize(): ((y * x) * (x / (0 + y)))+( ^2 uy)
evaluate_aic: -13.46372538406208
Creating the ith pde, i= 12
a_pde.visualize(): (((uy - 0) / 0) / ux)+(x d^2 x)
evaluate_aic: -13.46372538406208
Creating the ith pde, i= 13
a_pde.visualize(): ((y - (uy - y)) d x)+(( ^3 (uy - x)) d x)+((x d^2 y) / 0)
evaluate_aic: -9.708784809236603
Creating the ith pde, i= 14
a_pde.visualize(): (ux / ( ^2 0))
evaluate_aic: -9.821769760871607
Creating the ith pde, i= 15
a_pde.visualize(): ( ^3 ux)
evaluate_aic: -13.46372538406208
Creating the ith pde, i= 16
a_pde.visualize(): (u d y)+( ^2 ((0 + y) + uy))+( ^3 uy)
evaluate_aic: -9.592394902190302
Creating the ith pde, i= 17
a_pde.visualize(): (y d^2 y)+( ^3 ((ux + uy) d^2 x))+( ^3 ((u / 0) * u))
evaluate_aic: -13.46372538406208
Creating the ith pde, i= 18
a_pde.visualize(): (y * uy)+(((0 + y) d^2 y) / (uy - uy))
evaluate_aic: -13.46372538406208
Creating the ith pde, i= 19
a_pde.visualize(): (ux / (x d^2 y))+( ^2 (uy * (uy - u)))+(( ^2 x) d y)
evaluate_aic: -9.492706931654476
1 generation best_aic & best Eq: -13.46372538406208, ( ^3 u)+(ux d x)+(x * u)+(ux / ( ^2 uy))
best concise Eq: 0.5062uxx
We are close to the answer, pay attention
1 generation repeat cross over 0 times and mutation 0 times
2 generation best_aic & best Eq: -13.46372538406208, ( ^3 u)+(ux d x)+(x * u)+(ux / ( ^2 uy))
best concise Eq: 0.5062uxx
We are close to the answer, pay attention
2 generation repeat cross over 2 times and mutation 1 times
3 generation best_aic & best Eq: -13.46372538406208, ( ^3 u)+(ux d x)+(x * u)+(ux / ( ^2 uy))
best concise Eq: 0.5062uxx
We are close to the answer, pay attention
3 generation repeat cross over 6 times and mutation 0 times
4 generation best_aic & best Eq: -13.46372538406208, ( ^3 u)+(ux d x)+(x * u)+(ux / ( ^2 uy))
best concise Eq: 0.5062uxx
We are close to the answer, pay attention
4 generation repeat cross over 8 times and mutation 0 times
