current_time:  2024-08-22_14-48-55
sga_num =  20
sga_depth =  4
sga_width =  5
sga_p_var =  0.5
sga_p_rep =  1
sga_p_mute =  0.3
sga_p_cro =  0.5
sga_run =  100
Creating the original pdes in the pool ...
Creating the ith pde, i= 0
a_pde.visualize(): ( ^3 u)+(ux d x)+(u / ux)+(u d x)
evaluate_aic: 18.38206793253031
Creating the ith pde, i= 1
a_pde.visualize(): ( ^2 x)+((x - u) d x)+( ^3 (u + (ux / 0)))
evaluate_aic: 12.382336729033769
Creating the ith pde, i= 2
a_pde.visualize(): ((ux d x) / ((0 - 0) / u))+(( ^2 x) d^2 x)+((ux + u) d^2 x)
evaluate_aic: 16.3004157015393
Creating the ith pde, i= 3
a_pde.visualize(): ( ^2 ux)+(( ^3 (u + u)) d^2 x)+(( ^2 x) / (x * 0))+(x / u)
evaluate_aic: 12.375620564573433
Creating the ith pde, i= 4
a_pde.visualize(): ( ^3 ( ^3 x))+(((u - x) / ux) d^2 x)
evaluate_aic: 8.382808336940856
Creating the ith pde, i= 5
a_pde.visualize(): (ux d^2 x)
evaluate_aic: 12.301801961616828
Creating the ith pde, i= 6
a_pde.visualize(): (u / (x - (ux - 0)))+(u / ((u + ux) - x))+(x d x)
evaluate_aic: 10.382336730734863
a_err: inf 太小!
Creating the ith pde, i= 7
a_pde.visualize(): ( ^3 x)+( ^3 ((ux + x) - (x + 0)))
evaluate_aic: 8.382808336940856
Creating the ith pde, i= 8
a_pde.visualize(): ((ux / ( ^2 x)) / ux)+((( ^3 ux) + ( ^2 ux)) d^2 x)
evaluate_aic: 10.34409980046815
Creating the ith pde, i= 9
a_pde.visualize(): (x / (( ^3 0) * (x d x)))+(((ux d^2 x) + x) d^2 x)+(((ux - x) d x) * ux)
evaluate_aic: 10.367022690683992
Creating the ith pde, i= 10
a_pde.visualize(): ( ^3 ux)
evaluate_aic: 8.382808336940856
Creating the ith pde, i= 11
a_pde.visualize(): (( ^3 u) d x)
evaluate_aic: 8.382808336940856
Creating the ith pde, i= 12
a_pde.visualize(): ( ^3 u)+(((0 + ux) / (0 * x)) * ((u d x) * ux))
evaluate_aic: 10.38233473491678
Creating the ith pde, i= 13
a_pde.visualize(): ( ^3 x)+( ^3 ux)
evaluate_aic: 8.382808336940856
a_err: inf 太小!
a_err: inf 太小!
Creating the ith pde, i= 14
a_pde.visualize(): ( ^2 x)+(((x + ux) d^2 x) / (( ^2 0) - ux))+( ^2 ux)+(x / ux)
evaluate_aic: 8.382808336940856
Creating the ith pde, i= 15
a_pde.visualize(): ( ^2 (ux * x))+(x d x)
evaluate_aic: 10.382336730734863
a_err: inf 太小!
Creating the ith pde, i= 16
a_pde.visualize(): (u d x)
evaluate_aic: 12.386357744142988
Creating the ith pde, i= 17
a_pde.visualize(): (u / u)
evaluate_aic: 10.382336730734863
a_err: inf 太小!
Creating the ith pde, i= 18
a_pde.visualize(): ( ^3 ((u d^2 x) + 0))+((x d x) * (u / (ux - 0)))
evaluate_aic: 12.339839480384384
Creating the ith pde, i= 19
a_pde.visualize(): (( ^2 x) d^2 x)+(u / ux)
evaluate_aic: 12.38084488664971
1 generation best_aic & best Eq: 8.382808336940856, ( ^3 ( ^3 x))+(((u - x) / ux) d^2 x)
best concise Eq: 1.5516u + 0.2347uxx + -1.9101u^2
1 generation repeat cross over 0 times and mutation 1 times
2 generation best_aic & best Eq: 8.382808336940856, ( ^3 ( ^3 x))+(((u - x) / ux) d^2 x)
best concise Eq: 1.5516u + 0.2347uxx + -1.9101u^2
2 generation repeat cross over 9 times and mutation 0 times
3 generation best_aic & best Eq: 8.382808336940856, ( ^3 ( ^3 x))+(((u - x) / ux) d^2 x)
best concise Eq: 1.5516u + 0.2347uxx + -1.9101u^2
3 generation repeat cross over 10 times and mutation 2 times
4 generation best_aic & best Eq: 8.382808336940856, ( ^3 ( ^3 x))+(((u - x) / ux) d^2 x)
best concise Eq: 1.5516u + 0.2347uxx + -1.9101u^2
4 generation repeat cross over 7 times and mutation 1 times
5 generation best_aic & best Eq: 8.382808336940856, ( ^3 ( ^3 x))+(((u - x) / ux) d^2 x)
best concise Eq: 1.5516u + 0.2347uxx + -1.9101u^2
5 generation repeat cross over 10 times and mutation 1 times
6 generation best_aic & best Eq: 8.382808336940856, ( ^3 ( ^3 x))+(((u - x) / ux) d^2 x)
best concise Eq: 1.5516u + 0.2347uxx + -1.9101u^2
6 generation repeat cross over 6 times and mutation 0 times
7 generation best_aic & best Eq: 8.382808336940856, ( ^3 ( ^3 x))+(((u - x) / ux) d^2 x)
best concise Eq: 1.5516u + 0.2347uxx + -1.9101u^2
7 generation repeat cross over 10 times and mutation 0 times
8 generation best_aic & best Eq: 8.382808336940856, ( ^3 ( ^3 x))+(((u - x) / ux) d^2 x)
best concise Eq: 1.5516u + 0.2347uxx + -1.9101u^2
8 generation repeat cross over 7 times and mutation 2 times
9 generation best_aic & best Eq: 8.382808336940856, ( ^3 ( ^3 x))+(((u - x) / ux) d^2 x)
best concise Eq: 1.5516u + 0.2347uxx + -1.9101u^2
9 generation repeat cross over 14 times and mutation 2 times
10 generation best_aic & best Eq: 8.382808336940856, ( ^3 ( ^3 x))+(((u - x) / ux) d^2 x)
best concise Eq: 1.5516u + 0.2347uxx + -1.9101u^2
10 generation repeat cross over 12 times and mutation 2 times
11 generation best_aic & best Eq: 8.382808336940856, ( ^3 ( ^3 x))+(((u - x) / ux) d^2 x)
best concise Eq: 1.5516u + 0.2347uxx + -1.9101u^2
11 generation repeat cross over 9 times and mutation 0 times
12 generation best_aic & best Eq: 8.382808336940856, ( ^3 ( ^3 x))+(((u - x) / ux) d^2 x)
best concise Eq: 1.5516u + 0.2347uxx + -1.9101u^2
12 generation repeat cross over 11 times and mutation 2 times
13 generation best_aic & best Eq: 8.382808336940856, ( ^3 ( ^3 x))+(((u - x) / ux) d^2 x)
best concise Eq: 1.5516u + 0.2347uxx + -1.9101u^2
13 generation repeat cross over 10 times and mutation 3 times
14 generation best_aic & best Eq: 8.381858627018111, (( ^2 ( ^3 u)) / 0)
best concise Eq: 0.5878u + 0.2336uxx
14 generation repeat cross over 9 times and mutation 2 times
15 generation best_aic & best Eq: 8.381858627018111, (( ^2 ( ^3 u)) / 0)
best concise Eq: 0.5878u + 0.2336uxx
15 generation repeat cross over 14 times and mutation 3 times
16 generation best_aic & best Eq: 8.381858627018111, (( ^2 ( ^3 u)) / 0)
best concise Eq: 0.5878u + 0.2336uxx
16 generation repeat cross over 10 times and mutation 1 times
17 generation best_aic & best Eq: 8.381858627018111, (( ^2 ( ^3 u)) / 0)
best concise Eq: 0.5878u + 0.2336uxx
17 generation repeat cross over 15 times and mutation 1 times
18 generation best_aic & best Eq: 8.381858627018111, (( ^2 ( ^3 u)) / 0)
best concise Eq: 0.5878u + 0.2336uxx
18 generation repeat cross over 15 times and mutation 0 times
19 generation best_aic & best Eq: 8.381858627018111, (( ^2 ( ^3 u)) / 0)
best concise Eq: 0.5878u + 0.2336uxx
19 generation repeat cross over 15 times and mutation 0 times
20 generation best_aic & best Eq: 8.381858627018111, (( ^2 ( ^3 u)) / 0)
best concise Eq: 0.5878u + 0.2336uxx
20 generation repeat cross over 19 times and mutation 1 times
21 generation best_aic & best Eq: 8.381858627018111, (( ^2 ( ^3 u)) / 0)
best concise Eq: 0.5878u + 0.2336uxx
21 generation repeat cross over 16 times and mutation 0 times
22 generation best_aic & best Eq: 8.381858626635665, ( ^2 (( ^2 u) d x))+(( ^3 ( ^2 u)) / 0)
best concise Eq: 0.5878u + 0.2336uxx
22 generation repeat cross over 17 times and mutation 0 times
23 generation best_aic & best Eq: 8.381858626635665, ( ^2 (( ^2 u) d x))+(( ^3 ( ^2 u)) / 0)
best concise Eq: 0.5878u + 0.2336uxx
23 generation repeat cross over 12 times and mutation 3 times
24 generation best_aic & best Eq: 8.381858626635665, ( ^2 (( ^2 u) d x))+(( ^3 ( ^2 u)) / 0)
best concise Eq: 0.5878u + 0.2336uxx
24 generation repeat cross over 10 times and mutation 3 times
25 generation best_aic & best Eq: 8.381858626635665, ( ^2 (( ^2 u) d x))+(( ^3 ( ^2 u)) / 0)
best concise Eq: 0.5878u + 0.2336uxx
25 generation repeat cross over 15 times and mutation 1 times
26 generation best_aic & best Eq: 8.381858626635665, ( ^2 (( ^2 u) d x))+(( ^3 ( ^2 u)) / 0)
best concise Eq: 0.5878u + 0.2336uxx
26 generation repeat cross over 18 times and mutation 1 times
27 generation best_aic & best Eq: 8.381858626635665, ( ^2 (( ^2 u) d x))+(( ^3 ( ^2 u)) / 0)
best concise Eq: 0.5878u + 0.2336uxx
27 generation repeat cross over 17 times and mutation 1 times
28 generation best_aic & best Eq: 8.381858626635665, ( ^2 (( ^2 u) d x))+(( ^3 ( ^2 u)) / 0)
best concise Eq: 0.5878u + 0.2336uxx
28 generation repeat cross over 15 times and mutation 0 times
29 generation best_aic & best Eq: 8.381858626635665, ( ^2 (( ^2 u) d x))+(( ^3 ( ^2 u)) / 0)
best concise Eq: 0.5878u + 0.2336uxx
29 generation repeat cross over 19 times and mutation 3 times
30 generation best_aic & best Eq: 8.381858626635665, ( ^2 (( ^2 u) d x))+(( ^3 ( ^2 u)) / 0)
best concise Eq: 0.5878u + 0.2336uxx
30 generation repeat cross over 17 times and mutation 2 times
31 generation best_aic & best Eq: 8.381858626635665, ( ^2 (( ^2 u) d x))+(( ^3 ( ^2 u)) / 0)
best concise Eq: 0.5878u + 0.2336uxx
31 generation repeat cross over 15 times and mutation 2 times
32 generation best_aic & best Eq: 8.381858626635665, ( ^2 (( ^2 u) d x))+(( ^3 ( ^2 u)) / 0)
best concise Eq: 0.5878u + 0.2336uxx
32 generation repeat cross over 13 times and mutation 0 times
33 generation best_aic & best Eq: 8.381858626635665, ( ^2 (( ^2 u) d x))+(( ^3 ( ^2 u)) / 0)
best concise Eq: 0.5878u + 0.2336uxx
33 generation repeat cross over 14 times and mutation 3 times
34 generation best_aic & best Eq: 8.381858626635665, ( ^2 (( ^2 u) d x))+(( ^3 ( ^2 u)) / 0)
best concise Eq: 0.5878u + 0.2336uxx
34 generation repeat cross over 17 times and mutation 1 times
35 generation best_aic & best Eq: 8.381858626635665, ( ^2 (( ^2 u) d x))+(( ^3 ( ^2 u)) / 0)
best concise Eq: 0.5878u + 0.2336uxx
35 generation repeat cross over 19 times and mutation 1 times
36 generation best_aic & best Eq: 8.381858626635665, ( ^2 (( ^2 u) d x))+(( ^3 ( ^2 u)) / 0)
best concise Eq: 0.5878u + 0.2336uxx
36 generation repeat cross over 17 times and mutation 0 times
37 generation best_aic & best Eq: 8.381858626635665, ( ^2 (( ^2 u) d x))+(( ^3 ( ^2 u)) / 0)
best concise Eq: 0.5878u + 0.2336uxx
37 generation repeat cross over 19 times and mutation 1 times
38 generation best_aic & best Eq: 8.381858626635665, ( ^2 (( ^2 u) d x))+(( ^3 ( ^2 u)) / 0)
best concise Eq: 0.5878u + 0.2336uxx
38 generation repeat cross over 16 times and mutation 2 times
39 generation best_aic & best Eq: 8.381858626635665, ( ^2 (( ^2 u) d x))+(( ^3 ( ^2 u)) / 0)
best concise Eq: 0.5878u + 0.2336uxx
39 generation repeat cross over 20 times and mutation 0 times
40 generation best_aic & best Eq: 8.381858626635665, ( ^2 (( ^2 u) d x))+(( ^3 ( ^2 u)) / 0)
best concise Eq: 0.5878u + 0.2336uxx
40 generation repeat cross over 18 times and mutation 2 times
41 generation best_aic & best Eq: 8.381858626635665, ( ^2 (( ^2 u) d x))+(( ^3 ( ^2 u)) / 0)
best concise Eq: 0.5878u + 0.2336uxx
41 generation repeat cross over 20 times and mutation 4 times
42 generation best_aic & best Eq: 8.381858626635665, ( ^2 (( ^2 u) d x))+(( ^3 ( ^2 u)) / 0)
best concise Eq: 0.5878u + 0.2336uxx
42 generation repeat cross over 20 times and mutation 2 times
43 generation best_aic & best Eq: 8.381858626635665, ( ^2 (( ^2 u) d x))+(( ^3 ( ^2 u)) / 0)
best concise Eq: 0.5878u + 0.2336uxx
43 generation repeat cross over 19 times and mutation 3 times
44 generation best_aic & best Eq: 8.381858626635665, ( ^2 (( ^2 u) d x))+(( ^3 ( ^2 u)) / 0)
best concise Eq: 0.5878u + 0.2336uxx
44 generation repeat cross over 20 times and mutation 1 times
45 generation best_aic & best Eq: 8.381858626635665, ( ^2 (( ^2 u) d x))+(( ^3 ( ^2 u)) / 0)
best concise Eq: 0.5878u + 0.2336uxx
45 generation repeat cross over 19 times and mutation 1 times
46 generation best_aic & best Eq: 8.381858626635665, ( ^2 (( ^2 u) d x))+(( ^3 ( ^2 u)) / 0)
best concise Eq: 0.5878u + 0.2336uxx
46 generation repeat cross over 18 times and mutation 1 times
47 generation best_aic & best Eq: 8.381858626635665, ( ^2 (( ^2 u) d x))+(( ^3 ( ^2 u)) / 0)
best concise Eq: 0.5878u + 0.2336uxx
47 generation repeat cross over 19 times and mutation 0 times
48 generation best_aic & best Eq: 8.381858626635665, ( ^2 (( ^2 u) d x))+(( ^3 ( ^2 u)) / 0)
best concise Eq: 0.5878u + 0.2336uxx
48 generation repeat cross over 16 times and mutation 4 times
49 generation best_aic & best Eq: 8.381858626635665, ( ^2 (( ^2 u) d x))+(( ^3 ( ^2 u)) / 0)
best concise Eq: 0.5878u + 0.2336uxx
49 generation repeat cross over 19 times and mutation 2 times
50 generation best_aic & best Eq: 8.381858626635665, ( ^2 (( ^2 u) d x))+(( ^3 ( ^2 u)) / 0)
best concise Eq: 0.5878u + 0.2336uxx
50 generation repeat cross over 20 times and mutation 4 times
51 generation best_aic & best Eq: 8.381858626635665, ( ^2 (( ^2 u) d x))+(( ^3 ( ^2 u)) / 0)
best concise Eq: 0.5878u + 0.2336uxx
51 generation repeat cross over 19 times and mutation 2 times
52 generation best_aic & best Eq: 8.381858626635665, ( ^2 (( ^2 u) d x))+(( ^3 ( ^2 u)) / 0)
best concise Eq: 0.5878u + 0.2336uxx
52 generation repeat cross over 17 times and mutation 4 times
53 generation best_aic & best Eq: 8.381858626635665, ( ^2 (( ^2 u) d x))+(( ^3 ( ^2 u)) / 0)
best concise Eq: 0.5878u + 0.2336uxx
53 generation repeat cross over 17 times and mutation 7 times
54 generation best_aic & best Eq: 8.381858626635665, ( ^2 (( ^2 u) d x))+(( ^3 ( ^2 u)) / 0)
best concise Eq: 0.5878u + 0.2336uxx
54 generation repeat cross over 15 times and mutation 3 times
55 generation best_aic & best Eq: 8.381858626635665, ( ^2 (( ^2 u) d x))+(( ^3 ( ^2 u)) / 0)
best concise Eq: 0.5878u + 0.2336uxx
55 generation repeat cross over 17 times and mutation 4 times
56 generation best_aic & best Eq: 8.381858626635665, ( ^2 (( ^2 u) d x))+(( ^3 ( ^2 u)) / 0)
best concise Eq: 0.5878u + 0.2336uxx
56 generation repeat cross over 18 times and mutation 4 times
57 generation best_aic & best Eq: 8.381858626635665, ( ^2 (( ^2 u) d x))+(( ^3 ( ^2 u)) / 0)
best concise Eq: 0.5878u + 0.2336uxx
57 generation repeat cross over 19 times and mutation 2 times
58 generation best_aic & best Eq: 8.381858626635665, ( ^2 (( ^2 u) d x))+(( ^3 ( ^2 u)) / 0)
best concise Eq: 0.5878u + 0.2336uxx
58 generation repeat cross over 20 times and mutation 4 times
59 generation best_aic & best Eq: 8.381858626635665, ( ^2 (( ^2 u) d x))+(( ^3 ( ^2 u)) / 0)
best concise Eq: 0.5878u + 0.2336uxx
59 generation repeat cross over 19 times and mutation 1 times
60 generation best_aic & best Eq: 8.381858626635665, ( ^2 (( ^2 u) d x))+(( ^3 ( ^2 u)) / 0)
best concise Eq: 0.5878u + 0.2336uxx
60 generation repeat cross over 17 times and mutation 6 times
61 generation best_aic & best Eq: 8.381858626635665, ( ^2 (( ^2 u) d x))+(( ^3 ( ^2 u)) / 0)
best concise Eq: 0.5878u + 0.2336uxx
61 generation repeat cross over 17 times and mutation 2 times
62 generation best_aic & best Eq: 8.381858626635665, ( ^2 (( ^2 u) d x))+(( ^3 ( ^2 u)) / 0)
best concise Eq: 0.5878u + 0.2336uxx
62 generation repeat cross over 17 times and mutation 4 times
63 generation best_aic & best Eq: 8.381858626635665, ( ^2 (( ^2 u) d x))+(( ^3 ( ^2 u)) / 0)
best concise Eq: 0.5878u + 0.2336uxx
63 generation repeat cross over 20 times and mutation 2 times
64 generation best_aic & best Eq: 8.381858626635665, ( ^2 (( ^2 u) d x))+(( ^3 ( ^2 u)) / 0)
best concise Eq: 0.5878u + 0.2336uxx
64 generation repeat cross over 18 times and mutation 5 times
65 generation best_aic & best Eq: 8.381858626635665, ( ^2 (( ^2 u) d x))+(( ^3 ( ^2 u)) / 0)
best concise Eq: 0.5878u + 0.2336uxx
65 generation repeat cross over 18 times and mutation 3 times
66 generation best_aic & best Eq: 8.381858626635665, ( ^2 (( ^2 u) d x))+(( ^3 ( ^2 u)) / 0)
best concise Eq: 0.5878u + 0.2336uxx
66 generation repeat cross over 19 times and mutation 4 times
67 generation best_aic & best Eq: 8.381858626635665, ( ^2 (( ^2 u) d x))+(( ^3 ( ^2 u)) / 0)
best concise Eq: 0.5878u + 0.2336uxx
67 generation repeat cross over 20 times and mutation 5 times
68 generation best_aic & best Eq: 8.381858626635665, ( ^2 (( ^2 u) d x))+(( ^3 ( ^2 u)) / 0)
best concise Eq: 0.5878u + 0.2336uxx
68 generation repeat cross over 18 times and mutation 1 times
69 generation best_aic & best Eq: 8.381858626635665, ( ^2 (( ^2 u) d x))+(( ^3 ( ^2 u)) / 0)
best concise Eq: 0.5878u + 0.2336uxx
69 generation repeat cross over 17 times and mutation 1 times
70 generation best_aic & best Eq: 8.381858626635665, ( ^2 (( ^2 u) d x))+(( ^3 ( ^2 u)) / 0)
best concise Eq: 0.5878u + 0.2336uxx
70 generation repeat cross over 14 times and mutation 3 times
71 generation best_aic & best Eq: 8.381858626635665, ( ^2 (( ^2 u) d x))+(( ^3 ( ^2 u)) / 0)
best concise Eq: 0.5878u + 0.2336uxx
71 generation repeat cross over 18 times and mutation 1 times
72 generation best_aic & best Eq: 8.381858626635665, ( ^2 (( ^2 u) d x))+(( ^3 ( ^2 u)) / 0)
best concise Eq: 0.5878u + 0.2336uxx
72 generation repeat cross over 18 times and mutation 1 times
73 generation best_aic & best Eq: 8.28384706662393, ( ^2 (x - 0))+((( ^2 x) - u) d^2 x)
best concise Eq: -0.7472u + 0.5761uxx + 0.3411((( ^2 x) - u) d^2 x)
73 generation repeat cross over 17 times and mutation 4 times
74 generation best_aic & best Eq: 8.28384706662393, ( ^2 (x - 0))+((( ^2 x) - u) d^2 x)
best concise Eq: -0.7472u + 0.5761uxx + 0.3411((( ^2 x) - u) d^2 x)
74 generation repeat cross over 16 times and mutation 2 times
75 generation best_aic & best Eq: 8.28384706662393, ( ^2 (x - 0))+((( ^2 x) - u) d^2 x)
best concise Eq: -0.7472u + 0.5761uxx + 0.3411((( ^2 x) - u) d^2 x)
75 generation repeat cross over 15 times and mutation 2 times
76 generation best_aic & best Eq: 8.28384706662393, ( ^2 (x - 0))+((( ^2 x) - u) d^2 x)
best concise Eq: -0.7472u + 0.5761uxx + 0.3411((( ^2 x) - u) d^2 x)
76 generation repeat cross over 15 times and mutation 2 times
77 generation best_aic & best Eq: 8.28384706662393, ( ^2 (x - 0))+((( ^2 x) - u) d^2 x)
best concise Eq: -0.7472u + 0.5761uxx + 0.3411((( ^2 x) - u) d^2 x)
77 generation repeat cross over 15 times and mutation 2 times
78 generation best_aic & best Eq: 8.28384706662393, ( ^2 (x - 0))+((( ^2 x) - u) d^2 x)
best concise Eq: -0.7472u + 0.5761uxx + 0.3411((( ^2 x) - u) d^2 x)
78 generation repeat cross over 17 times and mutation 3 times
79 generation best_aic & best Eq: 8.28384706662393, ( ^2 (x - 0))+((( ^2 x) - u) d^2 x)
best concise Eq: -0.7472u + 0.5761uxx + 0.3411((( ^2 x) - u) d^2 x)
79 generation repeat cross over 18 times and mutation 3 times
80 generation best_aic & best Eq: 8.28384706662393, ( ^2 (x - 0))+((( ^2 x) - u) d^2 x)
best concise Eq: -0.7472u + 0.5761uxx + 0.3411((( ^2 x) - u) d^2 x)
80 generation repeat cross over 17 times and mutation 2 times
81 generation best_aic & best Eq: 8.28384706662393, ( ^2 (x - 0))+((( ^2 x) - u) d^2 x)
best concise Eq: -0.7472u + 0.5761uxx + 0.3411((( ^2 x) - u) d^2 x)
81 generation repeat cross over 18 times and mutation 2 times
82 generation best_aic & best Eq: 8.28384706662393, ( ^2 (x - 0))+((( ^2 x) - u) d^2 x)
best concise Eq: -0.7472u + 0.5761uxx + 0.3411((( ^2 x) - u) d^2 x)
82 generation repeat cross over 17 times and mutation 3 times
83 generation best_aic & best Eq: 8.28384706662393, ( ^2 (x - 0))+((( ^2 x) - u) d^2 x)
best concise Eq: -0.7472u + 0.5761uxx + 0.3411((( ^2 x) - u) d^2 x)
83 generation repeat cross over 17 times and mutation 2 times
84 generation best_aic & best Eq: 8.28384706662393, ( ^2 (x - 0))+((( ^2 x) - u) d^2 x)
best concise Eq: -0.7472u + 0.5761uxx + 0.3411((( ^2 x) - u) d^2 x)
84 generation repeat cross over 18 times and mutation 1 times
85 generation best_aic & best Eq: 8.28384706662393, ( ^2 (x - 0))+((( ^2 x) - u) d^2 x)
best concise Eq: -0.7472u + 0.5761uxx + 0.3411((( ^2 x) - u) d^2 x)
85 generation repeat cross over 20 times and mutation 3 times
86 generation best_aic & best Eq: 8.28384706662393, ( ^2 (x - 0))+((( ^2 x) - u) d^2 x)
best concise Eq: -0.7472u + 0.5761uxx + 0.3411((( ^2 x) - u) d^2 x)
86 generation repeat cross over 19 times and mutation 1 times
87 generation best_aic & best Eq: 8.28384706662393, ( ^2 (x - 0))+((( ^2 x) - u) d^2 x)
best concise Eq: -0.7472u + 0.5761uxx + 0.3411((( ^2 x) - u) d^2 x)
87 generation repeat cross over 20 times and mutation 4 times
88 generation best_aic & best Eq: 8.28384706662393, ( ^2 (x - 0))+((( ^2 x) - u) d^2 x)
best concise Eq: -0.7472u + 0.5761uxx + 0.3411((( ^2 x) - u) d^2 x)
88 generation repeat cross over 18 times and mutation 5 times
89 generation best_aic & best Eq: 8.28384706662393, ( ^2 (x - 0))+((( ^2 x) - u) d^2 x)
best concise Eq: -0.7472u + 0.5761uxx + 0.3411((( ^2 x) - u) d^2 x)
89 generation repeat cross over 20 times and mutation 1 times
90 generation best_aic & best Eq: 8.28384706662393, ( ^2 (x - 0))+((( ^2 x) - u) d^2 x)
best concise Eq: -0.7472u + 0.5761uxx + 0.3411((( ^2 x) - u) d^2 x)
90 generation repeat cross over 20 times and mutation 4 times
91 generation best_aic & best Eq: 8.28384706662393, ( ^2 (x - 0))+((( ^2 x) - u) d^2 x)
best concise Eq: -0.7472u + 0.5761uxx + 0.3411((( ^2 x) - u) d^2 x)
91 generation repeat cross over 20 times and mutation 4 times
92 generation best_aic & best Eq: 8.28384706662393, ( ^2 (x - 0))+((( ^2 x) - u) d^2 x)
best concise Eq: -0.7472u + 0.5761uxx + 0.3411((( ^2 x) - u) d^2 x)
92 generation repeat cross over 20 times and mutation 3 times
93 generation best_aic & best Eq: 8.28384706662393, ( ^2 (x - 0))+((( ^2 x) - u) d^2 x)
best concise Eq: -0.7472u + 0.5761uxx + 0.3411((( ^2 x) - u) d^2 x)
93 generation repeat cross over 20 times and mutation 7 times
94 generation best_aic & best Eq: 8.28384706662393, ( ^2 (x - 0))+((( ^2 x) - u) d^2 x)
best concise Eq: -0.7472u + 0.5761uxx + 0.3411((( ^2 x) - u) d^2 x)
94 generation repeat cross over 20 times and mutation 6 times
95 generation best_aic & best Eq: 8.28384706662393, ( ^2 (x - 0))+((( ^2 x) - u) d^2 x)
best concise Eq: -0.7472u + 0.5761uxx + 0.3411((( ^2 x) - u) d^2 x)
95 generation repeat cross over 20 times and mutation 5 times
96 generation best_aic & best Eq: 8.28384706662393, ( ^2 (x - 0))+((( ^2 x) - u) d^2 x)
best concise Eq: -0.7472u + 0.5761uxx + 0.3411((( ^2 x) - u) d^2 x)
96 generation repeat cross over 19 times and mutation 6 times
97 generation best_aic & best Eq: 8.28384706662393, ( ^2 (x - 0))+((( ^2 x) - u) d^2 x)
best concise Eq: -0.7472u + 0.5761uxx + 0.3411((( ^2 x) - u) d^2 x)
97 generation repeat cross over 20 times and mutation 3 times
98 generation best_aic & best Eq: 8.28384706662393, ( ^2 (x - 0))+((( ^2 x) - u) d^2 x)
best concise Eq: -0.7472u + 0.5761uxx + 0.3411((( ^2 x) - u) d^2 x)
98 generation repeat cross over 20 times and mutation 3 times
99 generation best_aic & best Eq: 8.28384706662393, ( ^2 (x - 0))+((( ^2 x) - u) d^2 x)
best concise Eq: -0.7472u + 0.5761uxx + 0.3411((( ^2 x) - u) d^2 x)
99 generation repeat cross over 20 times and mutation 3 times
100 generation best_aic & best Eq: 8.28384706662393, ( ^2 (x - 0))+((( ^2 x) - u) d^2 x)
best concise Eq: -0.7472u + 0.5761uxx + 0.3411((( ^2 x) - u) d^2 x)
100 generation repeat cross over 20 times and mutation 5 times
