current_time:  2024-08-22_14-37-40
sga_num =  20
sga_depth =  4
sga_width =  5
sga_p_var =  0.5
sga_p_rep =  1
sga_p_mute =  0.3
sga_p_cro =  0.5
sga_run =  100
Creating the original pdes in the pool ...
Creating the ith pde, i= 0
a_pde.visualize(): ( ^3 ( ^3 (0 - u)))+( ^3 ux)
evaluate_aic: 10.381638132415153
Creating the ith pde, i= 1
a_pde.visualize(): (u d^2 x)+( ^3 (( ^3 0) - (x / x)))+((ux d x) * ((x * x) / (ux - u)))
evaluate_aic: 12.282299198477443
Creating the ith pde, i= 2
a_pde.visualize(): (( ^3 ux) * ux)+( ^3 (u d^2 x))+(ux / x)+(x * u)
evaluate_aic: 14.338536524614863
Creating the ith pde, i= 3
a_pde.visualize(): (( ^3 x) / ( ^2 0))+(( ^3 ux) / (0 + 0))+(u d x)
evaluate_aic: 12.386382926823618
Creating the ith pde, i= 4
a_pde.visualize(): ((ux * u) d x)+(ux d^2 x)
evaluate_aic: 14.300678671593387
Creating the ith pde, i= 5
a_pde.visualize(): ((ux / ( ^2 ux)) d x)+( ^2 u)
evaluate_aic: 10.382808517045707
Creating the ith pde, i= 6
a_pde.visualize(): ((u d x) / ((x * u) d^2 x))
evaluate_aic: 8.382808336940856
a_err: inf 太小!
Creating the ith pde, i= 7
a_pde.visualize(): ( ^2 x)+(((u + u) + ux) * ux)+(ux / u)
evaluate_aic: 8.382808336940856
Creating the ith pde, i= 8
a_pde.visualize(): ( ^3 ( ^3 ux))+( ^2 (u - 0))+(ux d x)+(ux d x)
evaluate_aic: 14.386328739772436
Creating the ith pde, i= 9
a_pde.visualize(): (u d x)
evaluate_aic: 12.386357744142988
a_err: inf 太小!
Creating the ith pde, i= 10
a_pde.visualize(): (ux d x)
evaluate_aic: 10.38646686059418
Creating the ith pde, i= 11
a_pde.visualize(): (((ux - u) - ( ^2 u)) d^2 x)+(u d^2 x)+(((0 d^2 x) - ux) d x)
evaluate_aic: 16.256798450948203
Creating the ith pde, i= 12
a_pde.visualize(): ((x + ux) d^2 x)
evaluate_aic: 12.301801961616828
Creating the ith pde, i= 13
a_pde.visualize(): ((u + (ux + 0)) / x)+( ^3 ux)+(u d x)+( ^3 ((x / ux) d x))+(((x / ux) d^2 x) d x)
evaluate_aic: 14.38111813062184
Creating the ith pde, i= 14
a_pde.visualize(): ( ^2 x)
evaluate_aic: 8.382808336940856
Creating the ith pde, i= 15
a_pde.visualize(): (x d x)
evaluate_aic: 10.382336730734863
Creating the ith pde, i= 16
a_pde.visualize(): ( ^2 ux)+((x + (0 * u)) / 0)
evaluate_aic: 8.382808336940856
Creating the ith pde, i= 17
a_pde.visualize(): ( ^3 ( ^2 u))
evaluate_aic: 8.381858626635665
Creating the ith pde, i= 18
a_pde.visualize(): ( ^2 ux)+(x / ux)+( ^3 (ux - (x d^2 x)))
evaluate_aic: 8.382808336940856
Creating the ith pde, i= 19
a_pde.visualize(): ( ^2 x)
evaluate_aic: 8.382808336940856
1 generation best_aic & best Eq: 8.381858626635665, ( ^3 ( ^2 u))
best concise Eq: 0.5878u + 0.2336uxx + -2.1641( ^3 ( ^2 u))
1 generation repeat cross over 3 times and mutation 0 times
2 generation best_aic & best Eq: 8.381858626635665, ( ^3 ( ^2 u))
best concise Eq: 0.5878u + 0.2336uxx + -2.1641( ^3 ( ^2 u))
2 generation repeat cross over 11 times and mutation 2 times
3 generation best_aic & best Eq: 8.381858626635665, ( ^3 ( ^2 u))
best concise Eq: 0.5878u + 0.2336uxx + -2.1641( ^3 ( ^2 u))
3 generation repeat cross over 18 times and mutation 2 times
4 generation best_aic & best Eq: 8.381858626635665, ( ^3 ( ^2 u))
best concise Eq: 0.5878u + 0.2336uxx + -2.1641( ^3 ( ^2 u))
4 generation repeat cross over 18 times and mutation 0 times
5 generation best_aic & best Eq: 8.381858626635665, ( ^3 ( ^2 u))
best concise Eq: 0.5878u + 0.2336uxx + -2.1641( ^3 ( ^2 u))
5 generation repeat cross over 18 times and mutation 0 times
6 generation best_aic & best Eq: 8.381858626635665, ( ^3 ( ^2 u))
best concise Eq: 0.5878u + 0.2336uxx + -2.1641( ^3 ( ^2 u))
6 generation repeat cross over 18 times and mutation 3 times
7 generation best_aic & best Eq: 8.381858626635665, ( ^3 ( ^2 u))
best concise Eq: 0.5878u + 0.2336uxx + -2.1641( ^3 ( ^2 u))
7 generation repeat cross over 18 times and mutation 2 times
8 generation best_aic & best Eq: 8.381858626635665, ( ^3 ( ^2 u))
best concise Eq: 0.5878u + 0.2336uxx + -2.1641( ^3 ( ^2 u))
8 generation repeat cross over 18 times and mutation 3 times
9 generation best_aic & best Eq: 8.381858626635665, ( ^3 ( ^2 u))
best concise Eq: 0.5878u + 0.2336uxx + -2.1641( ^3 ( ^2 u))
9 generation repeat cross over 17 times and mutation 4 times
10 generation best_aic & best Eq: 8.381858626635665, ( ^3 ( ^2 u))
best concise Eq: 0.5878u + 0.2336uxx + -2.1641( ^3 ( ^2 u))
10 generation repeat cross over 20 times and mutation 3 times
11 generation best_aic & best Eq: 8.381858626635665, ( ^3 ( ^2 u))
best concise Eq: 0.5878u + 0.2336uxx + -2.1641( ^3 ( ^2 u))
11 generation repeat cross over 18 times and mutation 2 times
12 generation best_aic & best Eq: 8.381858626635665, ( ^3 ( ^2 u))
best concise Eq: 0.5878u + 0.2336uxx + -2.1641( ^3 ( ^2 u))
12 generation repeat cross over 17 times and mutation 1 times
13 generation best_aic & best Eq: 8.381858626635665, ( ^3 ( ^2 u))
best concise Eq: 0.5878u + 0.2336uxx + -2.1641( ^3 ( ^2 u))
13 generation repeat cross over 20 times and mutation 4 times
14 generation best_aic & best Eq: 8.381858626635665, ( ^3 ( ^2 u))
best concise Eq: 0.5878u + 0.2336uxx + -2.1641( ^3 ( ^2 u))
14 generation repeat cross over 16 times and mutation 3 times
15 generation best_aic & best Eq: 8.381858626635665, ( ^3 ( ^2 u))
best concise Eq: 0.5878u + 0.2336uxx + -2.1641( ^3 ( ^2 u))
15 generation repeat cross over 18 times and mutation 1 times
16 generation best_aic & best Eq: 8.381858626635665, ( ^3 ( ^2 u))
best concise Eq: 0.5878u + 0.2336uxx + -2.1641( ^3 ( ^2 u))
16 generation repeat cross over 20 times and mutation 3 times
17 generation best_aic & best Eq: 8.381858626635665, ( ^3 ( ^2 u))
best concise Eq: 0.5878u + 0.2336uxx + -2.1641( ^3 ( ^2 u))
17 generation repeat cross over 20 times and mutation 2 times
18 generation best_aic & best Eq: 8.381858626635665, ( ^3 ( ^2 u))
best concise Eq: 0.5878u + 0.2336uxx + -2.1641( ^3 ( ^2 u))
18 generation repeat cross over 17 times and mutation 3 times
19 generation best_aic & best Eq: 8.381858626635665, ( ^3 ( ^2 u))
best concise Eq: 0.5878u + 0.2336uxx + -2.1641( ^3 ( ^2 u))
19 generation repeat cross over 18 times and mutation 3 times
20 generation best_aic & best Eq: 8.381858626635665, ( ^3 ( ^2 u))
best concise Eq: 0.5878u + 0.2336uxx + -2.1641( ^3 ( ^2 u))
20 generation repeat cross over 17 times and mutation 4 times
21 generation best_aic & best Eq: 8.381858626635665, ( ^3 ( ^2 u))
best concise Eq: 0.5878u + 0.2336uxx + -2.1641( ^3 ( ^2 u))
21 generation repeat cross over 19 times and mutation 4 times
22 generation best_aic & best Eq: 8.381858626635665, ( ^3 ( ^2 u))
best concise Eq: 0.5878u + 0.2336uxx + -2.1641( ^3 ( ^2 u))
22 generation repeat cross over 19 times and mutation 2 times
23 generation best_aic & best Eq: 8.381858626635665, ( ^3 ( ^2 u))
best concise Eq: 0.5878u + 0.2336uxx + -2.1641( ^3 ( ^2 u))
23 generation repeat cross over 20 times and mutation 3 times
24 generation best_aic & best Eq: 8.381858626635665, ( ^3 ( ^2 u))
best concise Eq: 0.5878u + 0.2336uxx + -2.1641( ^3 ( ^2 u))
24 generation repeat cross over 19 times and mutation 4 times
25 generation best_aic & best Eq: 8.381858626459941, ( ^3 (( ^2 u) / ( ^2 0)))
best concise Eq: 0.5878u + 0.2336uxx
25 generation repeat cross over 19 times and mutation 0 times
26 generation best_aic & best Eq: 8.381858626459941, ( ^3 (( ^2 u) / ( ^2 0)))
best concise Eq: 0.5878u + 0.2336uxx
26 generation repeat cross over 18 times and mutation 2 times
27 generation best_aic & best Eq: 8.381858626459941, ( ^3 (( ^2 u) / ( ^2 0)))
best concise Eq: 0.5878u + 0.2336uxx
27 generation repeat cross over 18 times and mutation 1 times
28 generation best_aic & best Eq: 8.381858626459941, ( ^3 (( ^2 u) / ( ^2 0)))
best concise Eq: 0.5878u + 0.2336uxx
28 generation repeat cross over 17 times and mutation 2 times
29 generation best_aic & best Eq: 8.381858626459941, ( ^3 (( ^2 u) / ( ^2 0)))
best concise Eq: 0.5878u + 0.2336uxx
29 generation repeat cross over 13 times and mutation 0 times
30 generation best_aic & best Eq: 8.381858626459941, ( ^3 (( ^2 u) / ( ^2 0)))
best concise Eq: 0.5878u + 0.2336uxx
30 generation repeat cross over 18 times and mutation 2 times
31 generation best_aic & best Eq: 8.381858626459941, ( ^3 (( ^2 u) / ( ^2 0)))
best concise Eq: 0.5878u + 0.2336uxx
31 generation repeat cross over 16 times and mutation 1 times
32 generation best_aic & best Eq: 8.381858626459941, ( ^3 (( ^2 u) / ( ^2 0)))
best concise Eq: 0.5878u + 0.2336uxx
32 generation repeat cross over 19 times and mutation 1 times
33 generation best_aic & best Eq: 8.381858626459941, ( ^3 (( ^2 u) / ( ^2 0)))
best concise Eq: 0.5878u + 0.2336uxx
33 generation repeat cross over 18 times and mutation 3 times
34 generation best_aic & best Eq: 8.381858626459941, ( ^3 (( ^2 u) / ( ^2 0)))
best concise Eq: 0.5878u + 0.2336uxx
34 generation repeat cross over 20 times and mutation 2 times
35 generation best_aic & best Eq: 8.381858626459941, ( ^3 (( ^2 u) / ( ^2 0)))
best concise Eq: 0.5878u + 0.2336uxx
35 generation repeat cross over 15 times and mutation 1 times
36 generation best_aic & best Eq: 8.381858626459941, ( ^3 (( ^2 u) / ( ^2 0)))
best concise Eq: 0.5878u + 0.2336uxx
36 generation repeat cross over 17 times and mutation 1 times
37 generation best_aic & best Eq: 8.381858626459941, ( ^3 (( ^2 u) / ( ^2 0)))
best concise Eq: 0.5878u + 0.2336uxx
37 generation repeat cross over 15 times and mutation 0 times
38 generation best_aic & best Eq: 8.381858626459941, ( ^3 (( ^2 u) / ( ^2 0)))
best concise Eq: 0.5878u + 0.2336uxx
38 generation repeat cross over 17 times and mutation 0 times
39 generation best_aic & best Eq: 8.381858626459941, ( ^3 (( ^2 u) / ( ^2 0)))
best concise Eq: 0.5878u + 0.2336uxx
39 generation repeat cross over 16 times and mutation 2 times
40 generation best_aic & best Eq: 8.381858626459941, ( ^3 (( ^2 u) / ( ^2 0)))
best concise Eq: 0.5878u + 0.2336uxx
40 generation repeat cross over 11 times and mutation 0 times
41 generation best_aic & best Eq: 8.381858626459941, ( ^3 (( ^2 u) / ( ^2 0)))
best concise Eq: 0.5878u + 0.2336uxx
41 generation repeat cross over 17 times and mutation 2 times
42 generation best_aic & best Eq: 8.381858626459941, ( ^3 (( ^2 u) / ( ^2 0)))
best concise Eq: 0.5878u + 0.2336uxx
42 generation repeat cross over 15 times and mutation 1 times
43 generation best_aic & best Eq: 8.381858626459941, ( ^3 (( ^2 u) / ( ^2 0)))
best concise Eq: 0.5878u + 0.2336uxx
43 generation repeat cross over 15 times and mutation 1 times
44 generation best_aic & best Eq: 8.381858626459941, ( ^3 (( ^2 u) / ( ^2 0)))
best concise Eq: 0.5878u + 0.2336uxx
44 generation repeat cross over 16 times and mutation 0 times
45 generation best_aic & best Eq: 8.381858626459941, ( ^3 (( ^2 u) / ( ^2 0)))
best concise Eq: 0.5878u + 0.2336uxx
45 generation repeat cross over 17 times and mutation 1 times
46 generation best_aic & best Eq: 8.381858626459941, ( ^3 (( ^2 u) / ( ^2 0)))
best concise Eq: 0.5878u + 0.2336uxx
46 generation repeat cross over 14 times and mutation 1 times
47 generation best_aic & best Eq: 8.381858626459941, ( ^3 (( ^2 u) / ( ^2 0)))
best concise Eq: 0.5878u + 0.2336uxx
47 generation repeat cross over 18 times and mutation 1 times
48 generation best_aic & best Eq: 8.381858626459941, ( ^3 (( ^2 u) / ( ^2 0)))
best concise Eq: 0.5878u + 0.2336uxx
48 generation repeat cross over 17 times and mutation 3 times
49 generation best_aic & best Eq: 8.381858626459941, ( ^3 (( ^2 u) / ( ^2 0)))
best concise Eq: 0.5878u + 0.2336uxx
49 generation repeat cross over 16 times and mutation 3 times
50 generation best_aic & best Eq: 8.381858626459941, ( ^3 (( ^2 u) / ( ^2 0)))
best concise Eq: 0.5878u + 0.2336uxx
50 generation repeat cross over 19 times and mutation 3 times
51 generation best_aic & best Eq: 8.381858626459941, ( ^3 (( ^2 u) / ( ^2 0)))
best concise Eq: 0.5878u + 0.2336uxx
51 generation repeat cross over 14 times and mutation 3 times
52 generation best_aic & best Eq: 8.381858626459941, ( ^3 (( ^2 u) / ( ^2 0)))
best concise Eq: 0.5878u + 0.2336uxx
52 generation repeat cross over 18 times and mutation 0 times
53 generation best_aic & best Eq: 8.381858626459941, ( ^3 (( ^2 u) / ( ^2 0)))
best concise Eq: 0.5878u + 0.2336uxx
53 generation repeat cross over 17 times and mutation 2 times
54 generation best_aic & best Eq: 8.381858626459941, ( ^3 (( ^2 u) / ( ^2 0)))
best concise Eq: 0.5878u + 0.2336uxx
54 generation repeat cross over 18 times and mutation 4 times
55 generation best_aic & best Eq: 8.381858626459941, ( ^3 (( ^2 u) / ( ^2 0)))
best concise Eq: 0.5878u + 0.2336uxx
55 generation repeat cross over 18 times and mutation 1 times
56 generation best_aic & best Eq: 8.381858626459941, ( ^3 (( ^2 u) / ( ^2 0)))
best concise Eq: 0.5878u + 0.2336uxx
56 generation repeat cross over 17 times and mutation 1 times
57 generation best_aic & best Eq: 8.381858626459941, ( ^3 (( ^2 u) / ( ^2 0)))
best concise Eq: 0.5878u + 0.2336uxx
57 generation repeat cross over 17 times and mutation 1 times
58 generation best_aic & best Eq: 8.381858626459941, ( ^3 (( ^2 u) / ( ^2 0)))
best concise Eq: 0.5878u + 0.2336uxx
58 generation repeat cross over 16 times and mutation 1 times
59 generation best_aic & best Eq: 8.381858626459941, ( ^3 (( ^2 u) / ( ^2 0)))
best concise Eq: 0.5878u + 0.2336uxx
59 generation repeat cross over 17 times and mutation 0 times
60 generation best_aic & best Eq: 8.381858626459941, ( ^3 (( ^2 u) / ( ^2 0)))
best concise Eq: 0.5878u + 0.2336uxx
60 generation repeat cross over 19 times and mutation 2 times
61 generation best_aic & best Eq: 8.381858626459941, ( ^3 (( ^2 u) / ( ^2 0)))
best concise Eq: 0.5878u + 0.2336uxx
61 generation repeat cross over 18 times and mutation 3 times
62 generation best_aic & best Eq: 8.381858626459941, ( ^3 (( ^2 u) / ( ^2 0)))
best concise Eq: 0.5878u + 0.2336uxx
62 generation repeat cross over 19 times and mutation 2 times
63 generation best_aic & best Eq: 8.381858626459941, ( ^3 (( ^2 u) / ( ^2 0)))
best concise Eq: 0.5878u + 0.2336uxx
63 generation repeat cross over 18 times and mutation 0 times
64 generation best_aic & best Eq: 8.381858626459941, ( ^3 (( ^2 u) / ( ^2 0)))
best concise Eq: 0.5878u + 0.2336uxx
64 generation repeat cross over 19 times and mutation 3 times
65 generation best_aic & best Eq: 8.381858626459941, ( ^3 (( ^2 u) / ( ^2 0)))
best concise Eq: 0.5878u + 0.2336uxx
65 generation repeat cross over 20 times and mutation 2 times
66 generation best_aic & best Eq: 8.381858626459941, ( ^3 (( ^2 u) / ( ^2 0)))
best concise Eq: 0.5878u + 0.2336uxx
66 generation repeat cross over 19 times and mutation 0 times
67 generation best_aic & best Eq: 8.381858626459941, ( ^3 (( ^2 u) / ( ^2 0)))
best concise Eq: 0.5878u + 0.2336uxx
67 generation repeat cross over 19 times and mutation 1 times
68 generation best_aic & best Eq: 8.381858626459941, ( ^3 (( ^2 u) / ( ^2 0)))
best concise Eq: 0.5878u + 0.2336uxx
68 generation repeat cross over 18 times and mutation 3 times
69 generation best_aic & best Eq: 8.381858626459941, ( ^3 (( ^2 u) / ( ^2 0)))
best concise Eq: 0.5878u + 0.2336uxx
69 generation repeat cross over 18 times and mutation 5 times
70 generation best_aic & best Eq: 8.381858626459941, ( ^3 (( ^2 u) / ( ^2 0)))
best concise Eq: 0.5878u + 0.2336uxx
70 generation repeat cross over 16 times and mutation 2 times
71 generation best_aic & best Eq: 8.381858626459941, ( ^3 (( ^2 u) / ( ^2 0)))
best concise Eq: 0.5878u + 0.2336uxx
71 generation repeat cross over 18 times and mutation 4 times
72 generation best_aic & best Eq: 8.381858626459941, ( ^3 (( ^2 u) / ( ^2 0)))
best concise Eq: 0.5878u + 0.2336uxx
72 generation repeat cross over 14 times and mutation 1 times
73 generation best_aic & best Eq: 8.381858626459941, ( ^3 (( ^2 u) / ( ^2 0)))
best concise Eq: 0.5878u + 0.2336uxx
73 generation repeat cross over 16 times and mutation 3 times
74 generation best_aic & best Eq: 8.381858626459941, ( ^3 (( ^2 u) / ( ^2 0)))
best concise Eq: 0.5878u + 0.2336uxx
74 generation repeat cross over 17 times and mutation 0 times
75 generation best_aic & best Eq: 8.381858626459941, ( ^3 (( ^2 u) / ( ^2 0)))
best concise Eq: 0.5878u + 0.2336uxx
75 generation repeat cross over 18 times and mutation 0 times
76 generation best_aic & best Eq: 8.381858626459941, ( ^3 (( ^2 u) / ( ^2 0)))
best concise Eq: 0.5878u + 0.2336uxx
76 generation repeat cross over 19 times and mutation 1 times
77 generation best_aic & best Eq: 8.381858626459941, ( ^3 (( ^2 u) / ( ^2 0)))
best concise Eq: 0.5878u + 0.2336uxx
77 generation repeat cross over 18 times and mutation 4 times
78 generation best_aic & best Eq: 8.381858626459941, ( ^3 (( ^2 u) / ( ^2 0)))
best concise Eq: 0.5878u + 0.2336uxx
78 generation repeat cross over 13 times and mutation 2 times
79 generation best_aic & best Eq: 8.381858626459941, ( ^3 (( ^2 u) / ( ^2 0)))
best concise Eq: 0.5878u + 0.2336uxx
79 generation repeat cross over 16 times and mutation 0 times
80 generation best_aic & best Eq: 8.381858626459941, ( ^3 (( ^2 u) / ( ^2 0)))
best concise Eq: 0.5878u + 0.2336uxx
80 generation repeat cross over 13 times and mutation 2 times
81 generation best_aic & best Eq: 8.381858626459941, ( ^3 (( ^2 u) / ( ^2 0)))
best concise Eq: 0.5878u + 0.2336uxx
81 generation repeat cross over 20 times and mutation 2 times
82 generation best_aic & best Eq: 8.381858626459941, ( ^3 (( ^2 u) / ( ^2 0)))
best concise Eq: 0.5878u + 0.2336uxx
82 generation repeat cross over 18 times and mutation 0 times
83 generation best_aic & best Eq: 8.381858626459941, ( ^3 (( ^2 u) / ( ^2 0)))
best concise Eq: 0.5878u + 0.2336uxx
83 generation repeat cross over 18 times and mutation 1 times
84 generation best_aic & best Eq: 8.381858626459941, ( ^3 (( ^2 u) / ( ^2 0)))
best concise Eq: 0.5878u + 0.2336uxx
84 generation repeat cross over 18 times and mutation 4 times
85 generation best_aic & best Eq: 8.381858626459941, ( ^3 (( ^2 u) / ( ^2 0)))
best concise Eq: 0.5878u + 0.2336uxx
85 generation repeat cross over 15 times and mutation 1 times
86 generation best_aic & best Eq: 8.381858626459941, ( ^3 (( ^2 u) / ( ^2 0)))
best concise Eq: 0.5878u + 0.2336uxx
86 generation repeat cross over 13 times and mutation 2 times
87 generation best_aic & best Eq: 8.381858626459941, ( ^3 (( ^2 u) / ( ^2 0)))
best concise Eq: 0.5878u + 0.2336uxx
87 generation repeat cross over 13 times and mutation 1 times
88 generation best_aic & best Eq: 8.381858626459941, ( ^3 (( ^2 u) / ( ^2 0)))
best concise Eq: 0.5878u + 0.2336uxx
88 generation repeat cross over 15 times and mutation 1 times
89 generation best_aic & best Eq: 8.381858626459941, ( ^3 (( ^2 u) / ( ^2 0)))
best concise Eq: 0.5878u + 0.2336uxx
89 generation repeat cross over 19 times and mutation 0 times
90 generation best_aic & best Eq: 8.381858626459941, ( ^3 (( ^2 u) / ( ^2 0)))
best concise Eq: 0.5878u + 0.2336uxx
90 generation repeat cross over 16 times and mutation 3 times
91 generation best_aic & best Eq: 8.381858626459941, ( ^3 (( ^2 u) / ( ^2 0)))
best concise Eq: 0.5878u + 0.2336uxx
91 generation repeat cross over 16 times and mutation 2 times
92 generation best_aic & best Eq: 8.381858626459941, ( ^3 (( ^2 u) / ( ^2 0)))
best concise Eq: 0.5878u + 0.2336uxx
92 generation repeat cross over 16 times and mutation 3 times
93 generation best_aic & best Eq: 8.381858626459941, ( ^3 (( ^2 u) / ( ^2 0)))
best concise Eq: 0.5878u + 0.2336uxx
93 generation repeat cross over 18 times and mutation 1 times
94 generation best_aic & best Eq: 8.381858626459941, ( ^3 (( ^2 u) / ( ^2 0)))
best concise Eq: 0.5878u + 0.2336uxx
94 generation repeat cross over 18 times and mutation 7 times
95 generation best_aic & best Eq: 8.381858626459941, ( ^3 (( ^2 u) / ( ^2 0)))
best concise Eq: 0.5878u + 0.2336uxx
95 generation repeat cross over 16 times and mutation 4 times
96 generation best_aic & best Eq: 8.381858626459941, ( ^3 (( ^2 u) / ( ^2 0)))
best concise Eq: 0.5878u + 0.2336uxx
96 generation repeat cross over 18 times and mutation 3 times
97 generation best_aic & best Eq: 8.381858626459941, ( ^3 (( ^2 u) / ( ^2 0)))
best concise Eq: 0.5878u + 0.2336uxx
97 generation repeat cross over 19 times and mutation 2 times
98 generation best_aic & best Eq: 8.381858626459941, ( ^3 (( ^2 u) / ( ^2 0)))
best concise Eq: 0.5878u + 0.2336uxx
98 generation repeat cross over 19 times and mutation 5 times
99 generation best_aic & best Eq: 8.381858626459941, ( ^3 (( ^2 u) / ( ^2 0)))
best concise Eq: 0.5878u + 0.2336uxx
99 generation repeat cross over 17 times and mutation 4 times
100 generation best_aic & best Eq: 8.381858626459941, ( ^3 (( ^2 u) / ( ^2 0)))
best concise Eq: 0.5878u + 0.2336uxx
100 generation repeat cross over 19 times and mutation 4 times
