sga_num =  20
sga_depth =  4
sga_width =  5
sga_p_var =  0.5
sga_p_mute =  0.3
sga_p_cro =  0.5
sga_run =  100
Creating the original pdes in the pool ...
Creating the ith pde, i= 0
a_pde.visualize(): ( ^3 ((u - ux) / (0 * u)))+(x * ( ^3 x))+( ^3 (ux + x))+((( ^2 u) + (ux - 0)) * (ux d^2 x))
evaluate_aic: 16.767137033476672
Creating the ith pde, i= 1
a_pde.visualize(): (x * u)+( ^2 u)+(ux d x)
evaluate_aic: 10.806030660069123
Creating the ith pde, i= 2
a_pde.visualize(): ((( ^2 0) - ( ^2 ux)) d x)
evaluate_aic: 4.808057007961004
Creating the ith pde, i= 3
a_pde.visualize(): (x / ux)
evaluate_aic: 4.808057007961004
Creating the ith pde, i= 4
a_pde.visualize(): ( ^2 (u d x))+( ^2 ux)+( ^2 ux)+( ^3 (x + ( ^3 x)))+(((x * u) d x) * x)
evaluate_aic: 20.477515149464782
Creating the ith pde, i= 5
a_pde.visualize(): (ux * ux)
evaluate_aic: 8.7955695560357
Creating the ith pde, i= 6
a_pde.visualize(): ( ^2 ux)+(((u / ux) d x) d x)+(u d^2 x)
evaluate_aic: 10.762686599922452
Creating the ith pde, i= 7
a_pde.visualize(): ((( ^3 u) / (u * ux)) / ((x / ux) + ( ^2 u)))+( ^3 ux)+(x * ((ux - x) - (u d^2 x)))
evaluate_aic: 6.806326933566993
Creating the ith pde, i= 8
a_pde.visualize(): ( ^2 (ux - (u + ux)))
evaluate_aic: 6.808053419914887
Creating the ith pde, i= 9
a_pde.visualize(): (( ^3 ux) d^2 x)+( ^3 ( ^3 u))
evaluate_aic: 6.756693713739724
Creating the ith pde, i= 10
a_pde.visualize(): (ux / 0)
evaluate_aic: 8.808057243423034
Creating the ith pde, i= 11
a_pde.visualize(): ( ^3 (u / 0))+(((x - ux) d x) / (ux * (ux d^2 x)))+(( ^3 ux) d^2 x)
evaluate_aic: 6.808057007961004
Creating the ith pde, i= 12
a_pde.visualize(): ( ^2 u)+(ux d x)
evaluate_aic: 10.806030275508412
Creating the ith pde, i= 13
a_pde.visualize(): (((u + ux) d^2 x) * ( ^2 (u - ux)))+( ^2 (ux d^2 x))+( ^3 ux)
evaluate_aic: 4.808057007961004
Creating the ith pde, i= 14
a_pde.visualize(): (((u * ux) - x) / x)+((u + 0) d x)+(((x / u) / (u + ux)) * (( ^3 u) + 0))+(x / 0)+( ^2 u)
evaluate_aic: 14.777029259705575
Creating the ith pde, i= 15
a_pde.visualize(): (u d^2 x)+( ^3 u)+(x d^2 x)
evaluate_aic: 10.800439001422957
Creating the ith pde, i= 16
a_pde.visualize(): ( ^3 ux)+( ^2 x)+(((u / 0) d^2 x) d x)
evaluate_aic: 6.802807742033715
Creating the ith pde, i= 17
a_pde.visualize(): ((u - x) * (u - (ux - 0)))+(ux / ( ^3 x))
evaluate_aic: 12.495185720386141
Creating the ith pde, i= 18
a_pde.visualize(): (x / u)
evaluate_aic: 4.808057007961004
Creating the ith pde, i= 19
a_pde.visualize(): (((ux + 0) d x) d^2 x)+( ^3 (ux / x))+( ^2 ux)+(x / x)
evaluate_aic: 12.733559171689334
1 generation best_aic & best Eq: 4.808057007961004, ((( ^2 0) - ( ^2 ux)) d x)
best concise Eq: -2.7824u + 8.7897u^2 + -14.2588u^3
1 generation repeat cross over 1 times and mutation 0 times
2 generation best_aic & best Eq: 4.808057007961004, ((( ^2 0) - ( ^2 ux)) d x)
best concise Eq: -2.7824u + 8.7897u^2 + -14.2588u^3
2 generation repeat cross over 8 times and mutation 0 times
3 generation best_aic & best Eq: 4.808057007961004, ((( ^2 0) - ( ^2 ux)) d x)
best concise Eq: -2.7824u + 8.7897u^2 + -14.2588u^3
3 generation repeat cross over 8 times and mutation 0 times
4 generation best_aic & best Eq: 4.808057007961004, ((( ^2 0) - ( ^2 ux)) d x)
best concise Eq: -2.7824u + 8.7897u^2 + -14.2588u^3
4 generation repeat cross over 13 times and mutation 3 times
5 generation best_aic & best Eq: 4.808057007961004, ((( ^2 0) - ( ^2 ux)) d x)
best concise Eq: -2.7824u + 8.7897u^2 + -14.2588u^3
5 generation repeat cross over 11 times and mutation 0 times
6 generation best_aic & best Eq: 4.808057007961004, ((( ^2 0) - ( ^2 ux)) d x)
best concise Eq: -2.7824u + 8.7897u^2 + -14.2588u^3
6 generation repeat cross over 12 times and mutation 1 times
7 generation best_aic & best Eq: 4.808057007961004, ((( ^2 0) - ( ^2 ux)) d x)
best concise Eq: -2.7824u + 8.7897u^2 + -14.2588u^3
7 generation repeat cross over 11 times and mutation 0 times
8 generation best_aic & best Eq: 4.808057007961004, ((( ^2 0) - ( ^2 ux)) d x)
best concise Eq: -2.7824u + 8.7897u^2 + -14.2588u^3
8 generation repeat cross over 12 times and mutation 1 times
9 generation best_aic & best Eq: 4.808057007961004, ((( ^2 0) - ( ^2 ux)) d x)
best concise Eq: -2.7824u + 8.7897u^2 + -14.2588u^3
9 generation repeat cross over 11 times and mutation 5 times
10 generation best_aic & best Eq: 4.808057007961004, ((( ^2 0) - ( ^2 ux)) d x)
best concise Eq: -2.7824u + 8.7897u^2 + -14.2588u^3
10 generation repeat cross over 12 times and mutation 1 times
11 generation best_aic & best Eq: 4.808057007961004, ((( ^2 0) - ( ^2 ux)) d x)
best concise Eq: -2.7824u + 8.7897u^2 + -14.2588u^3
11 generation repeat cross over 15 times and mutation 2 times
12 generation best_aic & best Eq: 4.808057007961004, ((( ^2 0) - ( ^2 ux)) d x)
best concise Eq: -2.7824u + 8.7897u^2 + -14.2588u^3
12 generation repeat cross over 14 times and mutation 0 times
13 generation best_aic & best Eq: 4.808057007961004, ((( ^2 0) - ( ^2 ux)) d x)
best concise Eq: -2.7824u + 8.7897u^2 + -14.2588u^3
13 generation repeat cross over 14 times and mutation 3 times
14 generation best_aic & best Eq: 4.808057007961004, ((( ^2 0) - ( ^2 ux)) d x)
best concise Eq: -2.7824u + 8.7897u^2 + -14.2588u^3
14 generation repeat cross over 14 times and mutation 2 times
15 generation best_aic & best Eq: 4.808057007961004, ((( ^2 0) - ( ^2 ux)) d x)
best concise Eq: -2.7824u + 8.7897u^2 + -14.2588u^3
15 generation repeat cross over 13 times and mutation 3 times
16 generation best_aic & best Eq: 4.808057007961004, ((( ^2 0) - ( ^2 ux)) d x)
best concise Eq: -2.7824u + 8.7897u^2 + -14.2588u^3
16 generation repeat cross over 11 times and mutation 6 times
17 generation best_aic & best Eq: 4.808057007961004, ((( ^2 0) - ( ^2 ux)) d x)
best concise Eq: -2.7824u + 8.7897u^2 + -14.2588u^3
17 generation repeat cross over 19 times and mutation 3 times
18 generation best_aic & best Eq: 4.808057007961004, ((( ^2 0) - ( ^2 ux)) d x)
best concise Eq: -2.7824u + 8.7897u^2 + -14.2588u^3
18 generation repeat cross over 12 times and mutation 2 times
19 generation best_aic & best Eq: 4.808057007961004, ((( ^2 0) - ( ^2 ux)) d x)
best concise Eq: -2.7824u + 8.7897u^2 + -14.2588u^3
19 generation repeat cross over 13 times and mutation 2 times
20 generation best_aic & best Eq: 4.808057007961004, ((( ^2 0) - ( ^2 ux)) d x)
best concise Eq: -2.7824u + 8.7897u^2 + -14.2588u^3
20 generation repeat cross over 7 times and mutation 1 times
21 generation best_aic & best Eq: 4.808057007961004, ((( ^2 0) - ( ^2 ux)) d x)
best concise Eq: -2.7824u + 8.7897u^2 + -14.2588u^3
21 generation repeat cross over 10 times and mutation 0 times
22 generation best_aic & best Eq: 4.808057007961004, ((( ^2 0) - ( ^2 ux)) d x)
best concise Eq: -2.7824u + 8.7897u^2 + -14.2588u^3
22 generation repeat cross over 8 times and mutation 2 times
23 generation best_aic & best Eq: 4.808057007961004, ((( ^2 0) - ( ^2 ux)) d x)
best concise Eq: -2.7824u + 8.7897u^2 + -14.2588u^3
23 generation repeat cross over 13 times and mutation 2 times
24 generation best_aic & best Eq: 4.808057007961004, ((( ^2 0) - ( ^2 ux)) d x)
best concise Eq: -2.7824u + 8.7897u^2 + -14.2588u^3
24 generation repeat cross over 13 times and mutation 2 times
25 generation best_aic & best Eq: 4.808057007961004, ((( ^2 0) - ( ^2 ux)) d x)
best concise Eq: -2.7824u + 8.7897u^2 + -14.2588u^3
25 generation repeat cross over 7 times and mutation 1 times
26 generation best_aic & best Eq: 4.754470171048975, ((u + 0) / (u d x))+( ^2 ( ^2 ( ^2 u)))
best concise Eq: -0.4002u + -3.346u^2 + -6.8447( ^2 ( ^2 ( ^2 u)))
26 generation repeat cross over 8 times and mutation 2 times
27 generation best_aic & best Eq: 4.754470171048975, ((u + 0) / (u d x))+( ^2 ( ^2 ( ^2 u)))
best concise Eq: -0.4002u + -3.346u^2 + -6.8447( ^2 ( ^2 ( ^2 u)))
27 generation repeat cross over 2 times and mutation 0 times
28 generation best_aic & best Eq: 4.754470171048975, ((u + 0) / (u d x))+( ^2 ( ^2 ( ^2 u)))
best concise Eq: -0.4002u + -3.346u^2 + -6.8447( ^2 ( ^2 ( ^2 u)))
28 generation repeat cross over 5 times and mutation 0 times
29 generation best_aic & best Eq: 4.754470171048975, ((u + 0) / (u d x))+( ^2 ( ^2 ( ^2 u)))
best concise Eq: -0.4002u + -3.346u^2 + -6.8447( ^2 ( ^2 ( ^2 u)))
29 generation repeat cross over 3 times and mutation 0 times
30 generation best_aic & best Eq: 4.754470171048975, ((u + 0) / (u d x))+( ^2 ( ^2 ( ^2 u)))
best concise Eq: -0.4002u + -3.346u^2 + -6.8447( ^2 ( ^2 ( ^2 u)))
30 generation repeat cross over 16 times and mutation 0 times
31 generation best_aic & best Eq: 4.754470171048975, ((u + 0) / (u d x))+( ^2 ( ^2 ( ^2 u)))
best concise Eq: -0.4002u + -3.346u^2 + -6.8447( ^2 ( ^2 ( ^2 u)))
31 generation repeat cross over 13 times and mutation 0 times
32 generation best_aic & best Eq: 4.754470171048975, ((u + 0) / (u d x))+( ^2 ( ^2 ( ^2 u)))
best concise Eq: -0.4002u + -3.346u^2 + -6.8447( ^2 ( ^2 ( ^2 u)))
32 generation repeat cross over 12 times and mutation 2 times
33 generation best_aic & best Eq: 4.754470171048975, ((u + 0) / (u d x))+( ^2 ( ^2 ( ^2 u)))
best concise Eq: -0.4002u + -3.346u^2 + -6.8447( ^2 ( ^2 ( ^2 u)))
33 generation repeat cross over 8 times and mutation 0 times
34 generation best_aic & best Eq: 4.754470171048975, ((u + 0) / (u d x))+( ^2 ( ^2 ( ^2 u)))
best concise Eq: -0.4002u + -3.346u^2 + -6.8447( ^2 ( ^2 ( ^2 u)))
34 generation repeat cross over 12 times and mutation 0 times
35 generation best_aic & best Eq: 4.754470171048975, ((u + 0) / (u d x))+( ^2 ( ^2 ( ^2 u)))
best concise Eq: -0.4002u + -3.346u^2 + -6.8447( ^2 ( ^2 ( ^2 u)))
35 generation repeat cross over 10 times and mutation 0 times
36 generation best_aic & best Eq: 4.754470171048975, ((u + 0) / (u d x))+( ^2 ( ^2 ( ^2 u)))
best concise Eq: -0.4002u + -3.346u^2 + -6.8447( ^2 ( ^2 ( ^2 u)))
36 generation repeat cross over 10 times and mutation 1 times
37 generation best_aic & best Eq: 4.754470171048975, ((u + 0) / (u d x))+( ^2 ( ^2 ( ^2 u)))
best concise Eq: -0.4002u + -3.346u^2 + -6.8447( ^2 ( ^2 ( ^2 u)))
37 generation repeat cross over 16 times and mutation 0 times
38 generation best_aic & best Eq: 4.754470171048975, ((u + 0) / (u d x))+( ^2 ( ^2 ( ^2 u)))
best concise Eq: -0.4002u + -3.346u^2 + -6.8447( ^2 ( ^2 ( ^2 u)))
38 generation repeat cross over 11 times and mutation 1 times
39 generation best_aic & best Eq: 4.754470171048975, ((u + 0) / (u d x))+( ^2 ( ^2 ( ^2 u)))
best concise Eq: -0.4002u + -3.346u^2 + -6.8447( ^2 ( ^2 ( ^2 u)))
39 generation repeat cross over 14 times and mutation 0 times
40 generation best_aic & best Eq: 4.754470171048975, ((u + 0) / (u d x))+( ^2 ( ^2 ( ^2 u)))
best concise Eq: -0.4002u + -3.346u^2 + -6.8447( ^2 ( ^2 ( ^2 u)))
40 generation repeat cross over 15 times and mutation 1 times
41 generation best_aic & best Eq: 4.754470171048975, ((u + 0) / (u d x))+( ^2 ( ^2 ( ^2 u)))
best concise Eq: -0.4002u + -3.346u^2 + -6.8447( ^2 ( ^2 ( ^2 u)))
41 generation repeat cross over 13 times and mutation 2 times
42 generation best_aic & best Eq: 4.754470171048975, ((u + 0) / (u d x))+( ^2 ( ^2 ( ^2 u)))
best concise Eq: -0.4002u + -3.346u^2 + -6.8447( ^2 ( ^2 ( ^2 u)))
42 generation repeat cross over 13 times and mutation 1 times
43 generation best_aic & best Eq: 4.754470171048975, ((u + 0) / (u d x))+( ^2 ( ^2 ( ^2 u)))
best concise Eq: -0.4002u + -3.346u^2 + -6.8447( ^2 ( ^2 ( ^2 u)))
43 generation repeat cross over 11 times and mutation 0 times
44 generation best_aic & best Eq: 4.754470171048975, ((u + 0) / (u d x))+( ^2 ( ^2 ( ^2 u)))
best concise Eq: -0.4002u + -3.346u^2 + -6.8447( ^2 ( ^2 ( ^2 u)))
44 generation repeat cross over 13 times and mutation 0 times
45 generation best_aic & best Eq: 4.752552533929102, ( ^3 (ux - u))+(u * ( ^2 ( ^3 u)))
best concise Eq: -5.682u^2 + 3.3585u^3 + -8.1448(u * ( ^2 ( ^3 u)))
45 generation repeat cross over 13 times and mutation 1 times
46 generation best_aic & best Eq: 4.752552533929102, ( ^3 (ux - u))+(u * ( ^2 ( ^3 u)))
best concise Eq: -5.682u^2 + 3.3585u^3 + -8.1448(u * ( ^2 ( ^3 u)))
46 generation repeat cross over 11 times and mutation 1 times
47 generation best_aic & best Eq: 4.752552533929102, ( ^3 (ux - u))+(u * ( ^2 ( ^3 u)))
best concise Eq: -5.682u^2 + 3.3585u^3 + -8.1448(u * ( ^2 ( ^3 u)))
47 generation repeat cross over 9 times and mutation 1 times
48 generation best_aic & best Eq: 4.752552533929102, ( ^3 (ux - u))+(u * ( ^2 ( ^3 u)))
best concise Eq: -5.682u^2 + 3.3585u^3 + -8.1448(u * ( ^2 ( ^3 u)))
48 generation repeat cross over 8 times and mutation 1 times
49 generation best_aic & best Eq: 4.752552533929102, ( ^3 (ux - u))+(u * ( ^2 ( ^3 u)))
best concise Eq: -5.682u^2 + 3.3585u^3 + -8.1448(u * ( ^2 ( ^3 u)))
49 generation repeat cross over 14 times and mutation 0 times
50 generation best_aic & best Eq: 4.752552533929102, ( ^3 (ux - u))+(u * ( ^2 ( ^3 u)))
best concise Eq: -5.682u^2 + 3.3585u^3 + -8.1448(u * ( ^2 ( ^3 u)))
50 generation repeat cross over 11 times and mutation 0 times
51 generation best_aic & best Eq: 4.752552533929102, ( ^3 (ux - u))+(u * ( ^2 ( ^3 u)))
best concise Eq: -5.682u^2 + 3.3585u^3 + -8.1448(u * ( ^2 ( ^3 u)))
51 generation repeat cross over 12 times and mutation 0 times
52 generation best_aic & best Eq: 4.752552533929102, ( ^3 (ux - u))+(u * ( ^2 ( ^3 u)))
best concise Eq: -5.682u^2 + 3.3585u^3 + -8.1448(u * ( ^2 ( ^3 u)))
52 generation repeat cross over 11 times and mutation 0 times
53 generation best_aic & best Eq: 4.752552533929102, ( ^3 (ux - u))+(u * ( ^2 ( ^3 u)))
best concise Eq: -5.682u^2 + 3.3585u^3 + -8.1448(u * ( ^2 ( ^3 u)))
53 generation repeat cross over 14 times and mutation 0 times
54 generation best_aic & best Eq: 4.752552533929102, ( ^3 (ux - u))+(u * ( ^2 ( ^3 u)))
best concise Eq: -5.682u^2 + 3.3585u^3 + -8.1448(u * ( ^2 ( ^3 u)))
54 generation repeat cross over 15 times and mutation 0 times
55 generation best_aic & best Eq: 4.752552533929102, ( ^3 (ux - u))+(u * ( ^2 ( ^3 u)))
best concise Eq: -5.682u^2 + 3.3585u^3 + -8.1448(u * ( ^2 ( ^3 u)))
55 generation repeat cross over 14 times and mutation 2 times
56 generation best_aic & best Eq: 4.752552533929102, ( ^3 (ux - u))+(u * ( ^2 ( ^3 u)))
best concise Eq: -5.682u^2 + 3.3585u^3 + -8.1448(u * ( ^2 ( ^3 u)))
56 generation repeat cross over 17 times and mutation 0 times
57 generation best_aic & best Eq: 4.752552533929102, ( ^3 (ux - u))+(u * ( ^2 ( ^3 u)))
best concise Eq: -5.682u^2 + 3.3585u^3 + -8.1448(u * ( ^2 ( ^3 u)))
57 generation repeat cross over 12 times and mutation 1 times
58 generation best_aic & best Eq: 4.752552533929102, ( ^3 (ux - u))+(u * ( ^2 ( ^3 u)))
best concise Eq: -5.682u^2 + 3.3585u^3 + -8.1448(u * ( ^2 ( ^3 u)))
58 generation repeat cross over 16 times and mutation 1 times
59 generation best_aic & best Eq: 4.752523974269093, (( ^3 x) d x)+(u * ( ^2 ( ^2 u)))+( ^3 (u d x))
best concise Eq: -7.8188u^2 + 10.5876u^3 + -12.6474(u * ( ^2 ( ^2 u)))
59 generation repeat cross over 12 times and mutation 1 times
60 generation best_aic & best Eq: 4.752523974269093, (( ^3 x) d x)+(u * ( ^2 ( ^2 u)))+( ^3 (u d x))
best concise Eq: -7.8188u^2 + 10.5876u^3 + -12.6474(u * ( ^2 ( ^2 u)))
60 generation repeat cross over 8 times and mutation 0 times
61 generation best_aic & best Eq: 4.752523974269093, (( ^3 x) d x)+(u * ( ^2 ( ^2 u)))+( ^3 (u d x))
best concise Eq: -7.8188u^2 + 10.5876u^3 + -12.6474(u * ( ^2 ( ^2 u)))
61 generation repeat cross over 13 times and mutation 1 times
62 generation best_aic & best Eq: 4.752523974269093, (( ^3 x) d x)+(u * ( ^2 ( ^2 u)))+( ^3 (u d x))
best concise Eq: -7.8188u^2 + 10.5876u^3 + -12.6474(u * ( ^2 ( ^2 u)))
62 generation repeat cross over 9 times and mutation 0 times
63 generation best_aic & best Eq: 4.752523974269093, (( ^3 x) d x)+(u * ( ^2 ( ^2 u)))+( ^3 (u d x))
best concise Eq: -7.8188u^2 + 10.5876u^3 + -12.6474(u * ( ^2 ( ^2 u)))
63 generation repeat cross over 8 times and mutation 0 times
64 generation best_aic & best Eq: 4.752523974269093, (( ^3 x) d x)+(u * ( ^2 ( ^2 u)))+( ^3 (u d x))
best concise Eq: -7.8188u^2 + 10.5876u^3 + -12.6474(u * ( ^2 ( ^2 u)))
64 generation repeat cross over 10 times and mutation 1 times
65 generation best_aic & best Eq: 4.752523974269093, (( ^3 x) d x)+(u * ( ^2 ( ^2 u)))+( ^3 (u d x))
best concise Eq: -7.8188u^2 + 10.5876u^3 + -12.6474(u * ( ^2 ( ^2 u)))
65 generation repeat cross over 9 times and mutation 0 times
66 generation best_aic & best Eq: 4.69940097419258, (ux * ((x / u) + (ux - x)))+(( ^2 u) d^2 x)
best concise Eq: 0.0084uxx + -2.4977u^3 + 0.331(( ^2 u) d^2 x)
66 generation repeat cross over 13 times and mutation 2 times
67 generation best_aic & best Eq: 4.69940097419258, (ux * ((x / u) + (ux - x)))+(( ^2 u) d^2 x)
best concise Eq: 0.0084uxx + -2.4977u^3 + 0.331(( ^2 u) d^2 x)
67 generation repeat cross over 3 times and mutation 0 times
68 generation best_aic & best Eq: 4.69940097419258, (ux * ((x / u) + (ux - x)))+(( ^2 u) d^2 x)
best concise Eq: 0.0084uxx + -2.4977u^3 + 0.331(( ^2 u) d^2 x)
68 generation repeat cross over 13 times and mutation 0 times
69 generation best_aic & best Eq: 4.69940097419258, (ux * ((x / u) + (ux - x)))+(( ^2 u) d^2 x)
best concise Eq: 0.0084uxx + -2.4977u^3 + 0.331(( ^2 u) d^2 x)
69 generation repeat cross over 10 times and mutation 0 times
70 generation best_aic & best Eq: 4.69940097419258, (ux * ((x / u) + (ux - x)))+(( ^2 u) d^2 x)
best concise Eq: 0.0084uxx + -2.4977u^3 + 0.331(( ^2 u) d^2 x)
70 generation repeat cross over 11 times and mutation 0 times
71 generation best_aic & best Eq: 4.69940097419258, (ux * ((x / u) + (ux - x)))+(( ^2 u) d^2 x)
best concise Eq: 0.0084uxx + -2.4977u^3 + 0.331(( ^2 u) d^2 x)
71 generation repeat cross over 16 times and mutation 1 times
72 generation best_aic & best Eq: 4.69940097419258, (ux * ((x / u) + (ux - x)))+(( ^2 u) d^2 x)
best concise Eq: 0.0084uxx + -2.4977u^3 + 0.331(( ^2 u) d^2 x)
72 generation repeat cross over 12 times and mutation 0 times
73 generation best_aic & best Eq: 4.69940097419258, (ux * ((x / u) + (ux - x)))+(( ^2 u) d^2 x)
best concise Eq: 0.0084uxx + -2.4977u^3 + 0.331(( ^2 u) d^2 x)
73 generation repeat cross over 16 times and mutation 1 times
74 generation best_aic & best Eq: 4.69940097419258, (ux * ((x / u) + (ux - x)))+(( ^2 u) d^2 x)
best concise Eq: 0.0084uxx + -2.4977u^3 + 0.331(( ^2 u) d^2 x)
74 generation repeat cross over 14 times and mutation 2 times
75 generation best_aic & best Eq: 4.69940097419258, (ux * ((x / u) + (ux - x)))+(( ^2 u) d^2 x)
best concise Eq: 0.0084uxx + -2.4977u^3 + 0.331(( ^2 u) d^2 x)
75 generation repeat cross over 11 times and mutation 1 times
76 generation best_aic & best Eq: 4.69940097419258, (ux * ((x / u) + (ux - x)))+(( ^2 u) d^2 x)
best concise Eq: 0.0084uxx + -2.4977u^3 + 0.331(( ^2 u) d^2 x)
76 generation repeat cross over 13 times and mutation 0 times
77 generation best_aic & best Eq: 4.69940097419258, (ux * ((x / u) + (ux - x)))+(( ^2 u) d^2 x)
best concise Eq: 0.0084uxx + -2.4977u^3 + 0.331(( ^2 u) d^2 x)
77 generation repeat cross over 13 times and mutation 0 times
78 generation best_aic & best Eq: 4.69940097419258, (ux * ((x / u) + (ux - x)))+(( ^2 u) d^2 x)
best concise Eq: 0.0084uxx + -2.4977u^3 + 0.331(( ^2 u) d^2 x)
78 generation repeat cross over 12 times and mutation 0 times
79 generation best_aic & best Eq: 4.69940097419258, (ux * ((x / u) + (ux - x)))+(( ^2 u) d^2 x)
best concise Eq: 0.0084uxx + -2.4977u^3 + 0.331(( ^2 u) d^2 x)
79 generation repeat cross over 17 times and mutation 0 times
80 generation best_aic & best Eq: 4.69940097419258, (ux * ((x / u) + (ux - x)))+(( ^2 u) d^2 x)
best concise Eq: 0.0084uxx + -2.4977u^3 + 0.331(( ^2 u) d^2 x)
80 generation repeat cross over 9 times and mutation 0 times
81 generation best_aic & best Eq: 4.69940097419258, (ux * ((x / u) + (ux - x)))+(( ^2 u) d^2 x)
best concise Eq: 0.0084uxx + -2.4977u^3 + 0.331(( ^2 u) d^2 x)
81 generation repeat cross over 11 times and mutation 1 times
82 generation best_aic & best Eq: 4.69940097419258, (ux * ((x / u) + (ux - x)))+(( ^2 u) d^2 x)
best concise Eq: 0.0084uxx + -2.4977u^3 + 0.331(( ^2 u) d^2 x)
82 generation repeat cross over 12 times and mutation 0 times
83 generation best_aic & best Eq: 4.69940097419258, (ux * ((x / u) + (ux - x)))+(( ^2 u) d^2 x)
best concise Eq: 0.0084uxx + -2.4977u^3 + 0.331(( ^2 u) d^2 x)
83 generation repeat cross over 18 times and mutation 0 times
84 generation best_aic & best Eq: 4.69940097419258, (ux * ((x / u) + (ux - x)))+(( ^2 u) d^2 x)
best concise Eq: 0.0084uxx + -2.4977u^3 + 0.331(( ^2 u) d^2 x)
84 generation repeat cross over 17 times and mutation 0 times
85 generation best_aic & best Eq: 4.69940097419258, (ux * ((x / u) + (ux - x)))+(( ^2 u) d^2 x)
best concise Eq: 0.0084uxx + -2.4977u^3 + 0.331(( ^2 u) d^2 x)
85 generation repeat cross over 17 times and mutation 1 times
86 generation best_aic & best Eq: 4.69940097419258, (ux * ((x / u) + (ux - x)))+(( ^2 u) d^2 x)
best concise Eq: 0.0084uxx + -2.4977u^3 + 0.331(( ^2 u) d^2 x)
86 generation repeat cross over 17 times and mutation 0 times
87 generation best_aic & best Eq: 4.69940097419258, (ux * ((x / u) + (ux - x)))+(( ^2 u) d^2 x)
best concise Eq: 0.0084uxx + -2.4977u^3 + 0.331(( ^2 u) d^2 x)
87 generation repeat cross over 14 times and mutation 0 times
88 generation best_aic & best Eq: 4.69940097419258, (ux * ((x / u) + (ux - x)))+(( ^2 u) d^2 x)
best concise Eq: 0.0084uxx + -2.4977u^3 + 0.331(( ^2 u) d^2 x)
88 generation repeat cross over 6 times and mutation 0 times
89 generation best_aic & best Eq: 4.69940097419258, (ux * ((x / u) + (ux - x)))+(( ^2 u) d^2 x)
best concise Eq: 0.0084uxx + -2.4977u^3 + 0.331(( ^2 u) d^2 x)
89 generation repeat cross over 12 times and mutation 0 times
90 generation best_aic & best Eq: 4.69940097419258, (ux * ((x / u) + (ux - x)))+(( ^2 u) d^2 x)
best concise Eq: 0.0084uxx + -2.4977u^3 + 0.331(( ^2 u) d^2 x)
90 generation repeat cross over 13 times and mutation 0 times
91 generation best_aic & best Eq: 4.69940097419258, (ux * ((x / u) + (ux - x)))+(( ^2 u) d^2 x)
best concise Eq: 0.0084uxx + -2.4977u^3 + 0.331(( ^2 u) d^2 x)
91 generation repeat cross over 17 times and mutation 0 times
92 generation best_aic & best Eq: 4.69940097419258, (ux * ((x / u) + (ux - x)))+(( ^2 u) d^2 x)
best concise Eq: 0.0084uxx + -2.4977u^3 + 0.331(( ^2 u) d^2 x)
92 generation repeat cross over 15 times and mutation 0 times
93 generation best_aic & best Eq: 4.69940097419258, (ux * ((x / u) + (ux - x)))+(( ^2 u) d^2 x)
best concise Eq: 0.0084uxx + -2.4977u^3 + 0.331(( ^2 u) d^2 x)
93 generation repeat cross over 13 times and mutation 0 times
94 generation best_aic & best Eq: 4.69940097419258, (ux * ((x / u) + (ux - x)))+(( ^2 u) d^2 x)
best concise Eq: 0.0084uxx + -2.4977u^3 + 0.331(( ^2 u) d^2 x)
94 generation repeat cross over 17 times and mutation 0 times
95 generation best_aic & best Eq: 4.69940097419258, (ux * ((x / u) + (ux - x)))+(( ^2 u) d^2 x)
best concise Eq: 0.0084uxx + -2.4977u^3 + 0.331(( ^2 u) d^2 x)
95 generation repeat cross over 12 times and mutation 0 times
96 generation best_aic & best Eq: 4.69940097419258, (ux * ((x / u) + (ux - x)))+(( ^2 u) d^2 x)
best concise Eq: 0.0084uxx + -2.4977u^3 + 0.331(( ^2 u) d^2 x)
96 generation repeat cross over 18 times and mutation 0 times
97 generation best_aic & best Eq: 4.69940097419258, (ux * ((x / u) + (ux - x)))+(( ^2 u) d^2 x)
best concise Eq: 0.0084uxx + -2.4977u^3 + 0.331(( ^2 u) d^2 x)
97 generation repeat cross over 12 times and mutation 0 times
98 generation best_aic & best Eq: 4.69940097419258, (ux * ((x / u) + (ux - x)))+(( ^2 u) d^2 x)
best concise Eq: 0.0084uxx + -2.4977u^3 + 0.331(( ^2 u) d^2 x)
98 generation repeat cross over 13 times and mutation 0 times
99 generation best_aic & best Eq: 4.69940097419258, (ux * ((x / u) + (ux - x)))+(( ^2 u) d^2 x)
best concise Eq: 0.0084uxx + -2.4977u^3 + 0.331(( ^2 u) d^2 x)
99 generation repeat cross over 18 times and mutation 1 times
100 generation best_aic & best Eq: 4.69940097419258, (ux * ((x / u) + (ux - x)))+(( ^2 u) d^2 x)
best concise Eq: 0.0084uxx + -2.4977u^3 + 0.331(( ^2 u) d^2 x)
100 generation repeat cross over 17 times and mutation 0 times
