sga_num =  20
sga_depth =  4
sga_width =  5
sga_p_var =  0.5
sga_p_mute =  0.3
sga_p_cro =  0.5
sga_run =  100
Creating the original pdes in the pool ...
Creating the ith pde, i= 0
a_pde.visualize(): (((0 * x) + x) * x)+(((x * u) d x) d^2 x)
evaluate_aic: 6.802807742033715
Creating the ith pde, i= 1
a_pde.visualize(): ( ^3 ux)+(ux * (x d^2 x))
evaluate_aic: 4.808057007961004
Creating the ith pde, i= 2
a_pde.visualize(): ( ^2 u)+((x d x) * u)+( ^3 (x - (u / u)))+(ux / ((x / x) + ux))
evaluate_aic: 12.789736297256777
Creating the ith pde, i= 3
a_pde.visualize(): ( ^2 u)+(x * u)
evaluate_aic: 6.808057007961004
Creating the ith pde, i= 4
a_pde.visualize(): ( ^3 (ux - ( ^3 ux)))
evaluate_aic: 4.808057007961004
Creating the ith pde, i= 5
a_pde.visualize(): (u d^2 x)+( ^2 ((x + ux) / (x * 0)))+( ^2 ( ^3 (u / 0)))+((x / u) d x)+( ^2 ((0 + u) / (ux + u)))
evaluate_aic: 14.710124833723052
Creating the ith pde, i= 6
a_pde.visualize(): (x d^2 x)+( ^2 (x - 0))
evaluate_aic: 6.802807742033715
Creating the ith pde, i= 7
a_pde.visualize(): ((u + 0) * (( ^3 u) d x))+(x * ux)+( ^2 x)+( ^2 ( ^3 (ux d x)))
evaluate_aic: 12.462913357696625
Creating the ith pde, i= 8
a_pde.visualize(): ( ^3 u)+( ^2 ux)
evaluate_aic: 10.7955695560357
Creating the ith pde, i= 9
a_pde.visualize(): ( ^2 (x - (u / x)))
evaluate_aic: 6.802457277079554
Creating the ith pde, i= 10
a_pde.visualize(): ( ^3 ( ^2 ux))
evaluate_aic: 4.808057007961004
Creating the ith pde, i= 11
a_pde.visualize(): ((( ^2 x) d x) d x)
evaluate_aic: 8.778548018748532
Creating the ith pde, i= 12
a_pde.visualize(): (((ux * 0) - u) * (ux d^2 x))+(x / ((u d^2 x) d x))
evaluate_aic: 4.808057007961004
Creating the ith pde, i= 13
a_pde.visualize(): ( ^2 ( ^3 ( ^3 u)))+( ^2 x)+( ^3 (u / x))
evaluate_aic: 10.76480443386939
Creating the ith pde, i= 14
a_pde.visualize(): (x d x)+(ux * ux)
evaluate_aic: 10.758199021890883
Creating the ith pde, i= 15
a_pde.visualize(): (x / (ux / 0))
evaluate_aic: 4.808057007961004
inf
inf
Creating the ith pde, i= 16
a_pde.visualize(): ( ^2 u)+( ^2 ux)+(x d x)
evaluate_aic: 12.758216280020358
Creating the ith pde, i= 17
a_pde.visualize(): (ux d^2 x)
evaluate_aic: 4.808057007961004
Creating the ith pde, i= 18
a_pde.visualize(): (( ^2 ( ^3 x)) * (u * (u + ux)))+(ux / u)
evaluate_aic: 8.670854866698786
Creating the ith pde, i= 19
a_pde.visualize(): (u * u)+(ux d^2 x)+( ^2 ((ux d x) d^2 x))
evaluate_aic: 6.808057007961004
1 generation best_aic & best Eq: 4.808057007961004, ( ^3 ux)+(ux * (x d^2 x))
best concise Eq: -2.7824u + 8.7897u^2 + -14.2588u^3
1 generation repeat cross over 2 times and mutation 1 times
2 generation best_aic & best Eq: 4.808057007961004, ( ^3 ux)+(ux * (x d^2 x))
best concise Eq: -2.7824u + 8.7897u^2 + -14.2588u^3
2 generation repeat cross over 14 times and mutation 1 times
3 generation best_aic & best Eq: 4.808057007961004, ( ^3 ux)+(ux * (x d^2 x))
best concise Eq: -2.7824u + 8.7897u^2 + -14.2588u^3
3 generation repeat cross over 9 times and mutation 1 times
4 generation best_aic & best Eq: 4.808057007961004, ( ^3 ux)+(ux * (x d^2 x))
best concise Eq: -2.7824u + 8.7897u^2 + -14.2588u^3
4 generation repeat cross over 12 times and mutation 0 times
5 generation best_aic & best Eq: 4.808057007961004, ( ^3 ux)+(ux * (x d^2 x))
best concise Eq: -2.7824u + 8.7897u^2 + -14.2588u^3
5 generation repeat cross over 11 times and mutation 2 times
6 generation best_aic & best Eq: 4.808057007961004, ( ^3 ux)+(ux * (x d^2 x))
best concise Eq: -2.7824u + 8.7897u^2 + -14.2588u^3
6 generation repeat cross over 14 times and mutation 1 times
7 generation best_aic & best Eq: 4.808057007961004, ( ^3 ux)+(ux * (x d^2 x))
best concise Eq: -2.7824u + 8.7897u^2 + -14.2588u^3
7 generation repeat cross over 17 times and mutation 5 times
8 generation best_aic & best Eq: 4.808057007961004, ( ^3 ux)+(ux * (x d^2 x))
best concise Eq: -2.7824u + 8.7897u^2 + -14.2588u^3
8 generation repeat cross over 12 times and mutation 2 times
9 generation best_aic & best Eq: 4.808057007961004, ( ^3 ux)+(ux * (x d^2 x))
best concise Eq: -2.7824u + 8.7897u^2 + -14.2588u^3
9 generation repeat cross over 13 times and mutation 2 times
10 generation best_aic & best Eq: 4.808057007961004, ( ^3 ux)+(ux * (x d^2 x))
best concise Eq: -2.7824u + 8.7897u^2 + -14.2588u^3
10 generation repeat cross over 13 times and mutation 4 times
11 generation best_aic & best Eq: 4.808057007961004, ( ^3 ux)+(ux * (x d^2 x))
best concise Eq: -2.7824u + 8.7897u^2 + -14.2588u^3
11 generation repeat cross over 16 times and mutation 2 times
12 generation best_aic & best Eq: 4.808057007961004, ( ^3 ux)+(ux * (x d^2 x))
best concise Eq: -2.7824u + 8.7897u^2 + -14.2588u^3
12 generation repeat cross over 10 times and mutation 4 times
13 generation best_aic & best Eq: 4.808057007961004, ( ^3 ux)+(ux * (x d^2 x))
best concise Eq: -2.7824u + 8.7897u^2 + -14.2588u^3
13 generation repeat cross over 7 times and mutation 2 times
14 generation best_aic & best Eq: 4.808057007961004, ( ^3 ux)+(ux * (x d^2 x))
best concise Eq: -2.7824u + 8.7897u^2 + -14.2588u^3
14 generation repeat cross over 13 times and mutation 3 times
15 generation best_aic & best Eq: 4.808057007961004, ( ^3 ux)+(ux * (x d^2 x))
best concise Eq: -2.7824u + 8.7897u^2 + -14.2588u^3
15 generation repeat cross over 9 times and mutation 3 times
16 generation best_aic & best Eq: 4.808057007961004, ( ^3 ux)+(ux * (x d^2 x))
best concise Eq: -2.7824u + 8.7897u^2 + -14.2588u^3
16 generation repeat cross over 8 times and mutation 3 times
17 generation best_aic & best Eq: 4.808057007961004, ( ^3 ux)+(ux * (x d^2 x))
best concise Eq: -2.7824u + 8.7897u^2 + -14.2588u^3
17 generation repeat cross over 14 times and mutation 1 times
18 generation best_aic & best Eq: 4.808057007961004, ( ^3 ux)+(ux * (x d^2 x))
best concise Eq: -2.7824u + 8.7897u^2 + -14.2588u^3
18 generation repeat cross over 11 times and mutation 3 times
19 generation best_aic & best Eq: 4.808057007961004, ( ^3 ux)+(ux * (x d^2 x))
best concise Eq: -2.7824u + 8.7897u^2 + -14.2588u^3
19 generation repeat cross over 7 times and mutation 4 times
20 generation best_aic & best Eq: 4.808057007961004, ( ^3 ux)+(ux * (x d^2 x))
best concise Eq: -2.7824u + 8.7897u^2 + -14.2588u^3
20 generation repeat cross over 9 times and mutation 6 times
21 generation best_aic & best Eq: 4.808057007961004, ( ^3 ux)+(ux * (x d^2 x))
best concise Eq: -2.7824u + 8.7897u^2 + -14.2588u^3
21 generation repeat cross over 12 times and mutation 2 times
22 generation best_aic & best Eq: 4.808057007961004, ( ^3 ux)+(ux * (x d^2 x))
best concise Eq: -2.7824u + 8.7897u^2 + -14.2588u^3
22 generation repeat cross over 13 times and mutation 4 times
23 generation best_aic & best Eq: 4.808057007961004, ( ^3 ux)+(ux * (x d^2 x))
best concise Eq: -2.7824u + 8.7897u^2 + -14.2588u^3
23 generation repeat cross over 14 times and mutation 2 times
24 generation best_aic & best Eq: 4.808057007961004, ( ^3 ux)+(ux * (x d^2 x))
best concise Eq: -2.7824u + 8.7897u^2 + -14.2588u^3
24 generation repeat cross over 11 times and mutation 3 times
25 generation best_aic & best Eq: 4.808057007961004, ( ^3 ux)+(ux * (x d^2 x))
best concise Eq: -2.7824u + 8.7897u^2 + -14.2588u^3
25 generation repeat cross over 12 times and mutation 2 times
26 generation best_aic & best Eq: 4.808057007961004, ( ^3 ux)+(ux * (x d^2 x))
best concise Eq: -2.7824u + 8.7897u^2 + -14.2588u^3
26 generation repeat cross over 8 times and mutation 3 times
27 generation best_aic & best Eq: 4.808057007961004, ( ^3 ux)+(ux * (x d^2 x))
best concise Eq: -2.7824u + 8.7897u^2 + -14.2588u^3
27 generation repeat cross over 9 times and mutation 2 times
28 generation best_aic & best Eq: 4.808057007961004, ( ^3 ux)+(ux * (x d^2 x))
best concise Eq: -2.7824u + 8.7897u^2 + -14.2588u^3
28 generation repeat cross over 11 times and mutation 2 times
29 generation best_aic & best Eq: 4.808057007961004, ( ^3 ux)+(ux * (x d^2 x))
best concise Eq: -2.7824u + 8.7897u^2 + -14.2588u^3
29 generation repeat cross over 11 times and mutation 1 times
30 generation best_aic & best Eq: 4.808057007961004, ( ^3 ux)+(ux * (x d^2 x))
best concise Eq: -2.7824u + 8.7897u^2 + -14.2588u^3
30 generation repeat cross over 6 times and mutation 0 times
31 generation best_aic & best Eq: 4.808057007961004, ( ^3 ux)+(ux * (x d^2 x))
best concise Eq: -2.7824u + 8.7897u^2 + -14.2588u^3
31 generation repeat cross over 12 times and mutation 6 times
32 generation best_aic & best Eq: 4.808057007961004, ( ^3 ux)+(ux * (x d^2 x))
best concise Eq: -2.7824u + 8.7897u^2 + -14.2588u^3
32 generation repeat cross over 12 times and mutation 1 times
33 generation best_aic & best Eq: 4.808057007961004, ( ^3 ux)+(ux * (x d^2 x))
best concise Eq: -2.7824u + 8.7897u^2 + -14.2588u^3
33 generation repeat cross over 13 times and mutation 2 times
34 generation best_aic & best Eq: 4.808057007961004, ( ^3 ux)+(ux * (x d^2 x))
best concise Eq: -2.7824u + 8.7897u^2 + -14.2588u^3
34 generation repeat cross over 13 times and mutation 1 times
35 generation best_aic & best Eq: 4.808057007961004, ( ^3 ux)+(ux * (x d^2 x))
best concise Eq: -2.7824u + 8.7897u^2 + -14.2588u^3
35 generation repeat cross over 12 times and mutation 5 times
36 generation best_aic & best Eq: 4.808057007961004, ( ^3 ux)+(ux * (x d^2 x))
best concise Eq: -2.7824u + 8.7897u^2 + -14.2588u^3
36 generation repeat cross over 7 times and mutation 2 times
37 generation best_aic & best Eq: 4.808057007961004, ( ^3 ux)+(ux * (x d^2 x))
best concise Eq: -2.7824u + 8.7897u^2 + -14.2588u^3
37 generation repeat cross over 10 times and mutation 3 times
38 generation best_aic & best Eq: 4.808057007961004, ( ^3 ux)+(ux * (x d^2 x))
best concise Eq: -2.7824u + 8.7897u^2 + -14.2588u^3
38 generation repeat cross over 14 times and mutation 2 times
39 generation best_aic & best Eq: 4.808057007961004, ( ^3 ux)+(ux * (x d^2 x))
best concise Eq: -2.7824u + 8.7897u^2 + -14.2588u^3
39 generation repeat cross over 8 times and mutation 1 times
40 generation best_aic & best Eq: 4.808057007961004, ( ^3 ux)+(ux * (x d^2 x))
best concise Eq: -2.7824u + 8.7897u^2 + -14.2588u^3
40 generation repeat cross over 9 times and mutation 1 times
41 generation best_aic & best Eq: 4.808057007961004, ( ^3 ux)+(ux * (x d^2 x))
best concise Eq: -2.7824u + 8.7897u^2 + -14.2588u^3
41 generation repeat cross over 8 times and mutation 1 times
42 generation best_aic & best Eq: 4.808057007961004, ( ^3 ux)+(ux * (x d^2 x))
best concise Eq: -2.7824u + 8.7897u^2 + -14.2588u^3
42 generation repeat cross over 9 times and mutation 2 times
43 generation best_aic & best Eq: 4.808057007961004, ( ^3 ux)+(ux * (x d^2 x))
best concise Eq: -2.7824u + 8.7897u^2 + -14.2588u^3
43 generation repeat cross over 11 times and mutation 4 times
44 generation best_aic & best Eq: 4.808057007961004, ( ^3 ux)+(ux * (x d^2 x))
best concise Eq: -2.7824u + 8.7897u^2 + -14.2588u^3
44 generation repeat cross over 13 times and mutation 1 times
45 generation best_aic & best Eq: 4.808057007961004, ( ^3 ux)+(ux * (x d^2 x))
best concise Eq: -2.7824u + 8.7897u^2 + -14.2588u^3
45 generation repeat cross over 10 times and mutation 1 times
46 generation best_aic & best Eq: 4.808057007961004, ( ^3 ux)+(ux * (x d^2 x))
best concise Eq: -2.7824u + 8.7897u^2 + -14.2588u^3
46 generation repeat cross over 6 times and mutation 0 times
47 generation best_aic & best Eq: 4.808057007961004, ( ^3 ux)+(ux * (x d^2 x))
best concise Eq: -2.7824u + 8.7897u^2 + -14.2588u^3
47 generation repeat cross over 5 times and mutation 2 times
48 generation best_aic & best Eq: 4.808057007961004, ( ^3 ux)+(ux * (x d^2 x))
best concise Eq: -2.7824u + 8.7897u^2 + -14.2588u^3
48 generation repeat cross over 14 times and mutation 2 times
49 generation best_aic & best Eq: 4.808057007961004, ( ^3 ux)+(ux * (x d^2 x))
best concise Eq: -2.7824u + 8.7897u^2 + -14.2588u^3
49 generation repeat cross over 10 times and mutation 5 times
50 generation best_aic & best Eq: 4.808057007961004, ( ^3 ux)+(ux * (x d^2 x))
best concise Eq: -2.7824u + 8.7897u^2 + -14.2588u^3
50 generation repeat cross over 14 times and mutation 3 times
51 generation best_aic & best Eq: 4.808057007961004, ( ^3 ux)+(ux * (x d^2 x))
best concise Eq: -2.7824u + 8.7897u^2 + -14.2588u^3
51 generation repeat cross over 13 times and mutation 0 times
52 generation best_aic & best Eq: 4.808057007961004, ( ^3 ux)+(ux * (x d^2 x))
best concise Eq: -2.7824u + 8.7897u^2 + -14.2588u^3
52 generation repeat cross over 9 times and mutation 5 times
53 generation best_aic & best Eq: 4.808057007961004, ( ^3 ux)+(ux * (x d^2 x))
best concise Eq: -2.7824u + 8.7897u^2 + -14.2588u^3
53 generation repeat cross over 17 times and mutation 4 times
54 generation best_aic & best Eq: 4.808057007961004, ( ^3 ux)+(ux * (x d^2 x))
best concise Eq: -2.7824u + 8.7897u^2 + -14.2588u^3
54 generation repeat cross over 12 times and mutation 2 times
55 generation best_aic & best Eq: 4.808057007961004, ( ^3 ux)+(ux * (x d^2 x))
best concise Eq: -2.7824u + 8.7897u^2 + -14.2588u^3
55 generation repeat cross over 9 times and mutation 2 times
56 generation best_aic & best Eq: 4.808057007961004, ( ^3 ux)+(ux * (x d^2 x))
best concise Eq: -2.7824u + 8.7897u^2 + -14.2588u^3
56 generation repeat cross over 11 times and mutation 2 times
57 generation best_aic & best Eq: 4.808057007961004, ( ^3 ux)+(ux * (x d^2 x))
best concise Eq: -2.7824u + 8.7897u^2 + -14.2588u^3
57 generation repeat cross over 7 times and mutation 1 times
58 generation best_aic & best Eq: 4.808057007961004, ( ^3 ux)+(ux * (x d^2 x))
best concise Eq: -2.7824u + 8.7897u^2 + -14.2588u^3
58 generation repeat cross over 14 times and mutation 0 times
59 generation best_aic & best Eq: 4.808057007961004, ( ^3 ux)+(ux * (x d^2 x))
best concise Eq: -2.7824u + 8.7897u^2 + -14.2588u^3
59 generation repeat cross over 13 times and mutation 0 times
60 generation best_aic & best Eq: 4.808057007961004, ( ^3 ux)+(ux * (x d^2 x))
best concise Eq: -2.7824u + 8.7897u^2 + -14.2588u^3
60 generation repeat cross over 8 times and mutation 1 times
61 generation best_aic & best Eq: 4.808057007961004, ( ^3 ux)+(ux * (x d^2 x))
best concise Eq: -2.7824u + 8.7897u^2 + -14.2588u^3
61 generation repeat cross over 13 times and mutation 1 times
62 generation best_aic & best Eq: 4.808057007961004, ( ^3 ux)+(ux * (x d^2 x))
best concise Eq: -2.7824u + 8.7897u^2 + -14.2588u^3
62 generation repeat cross over 10 times and mutation 0 times
63 generation best_aic & best Eq: 4.808057007961004, ( ^3 ux)+(ux * (x d^2 x))
best concise Eq: -2.7824u + 8.7897u^2 + -14.2588u^3
63 generation repeat cross over 10 times and mutation 1 times
64 generation best_aic & best Eq: 4.808057007961004, ( ^3 ux)+(ux * (x d^2 x))
best concise Eq: -2.7824u + 8.7897u^2 + -14.2588u^3
64 generation repeat cross over 12 times and mutation 1 times
65 generation best_aic & best Eq: 4.808057007961004, ( ^3 ux)+(ux * (x d^2 x))
best concise Eq: -2.7824u + 8.7897u^2 + -14.2588u^3
65 generation repeat cross over 13 times and mutation 5 times
66 generation best_aic & best Eq: 4.808057007961004, ( ^3 ux)+(ux * (x d^2 x))
best concise Eq: -2.7824u + 8.7897u^2 + -14.2588u^3
66 generation repeat cross over 7 times and mutation 6 times
67 generation best_aic & best Eq: 4.808057007961004, ( ^3 ux)+(ux * (x d^2 x))
best concise Eq: -2.7824u + 8.7897u^2 + -14.2588u^3
67 generation repeat cross over 15 times and mutation 2 times
68 generation best_aic & best Eq: 4.808057007961004, ( ^3 ux)+(ux * (x d^2 x))
best concise Eq: -2.7824u + 8.7897u^2 + -14.2588u^3
68 generation repeat cross over 9 times and mutation 2 times
69 generation best_aic & best Eq: 4.808057007961004, ( ^3 ux)+(ux * (x d^2 x))
best concise Eq: -2.7824u + 8.7897u^2 + -14.2588u^3
69 generation repeat cross over 7 times and mutation 1 times
70 generation best_aic & best Eq: 4.808057007961004, ( ^3 ux)+(ux * (x d^2 x))
best concise Eq: -2.7824u + 8.7897u^2 + -14.2588u^3
70 generation repeat cross over 11 times and mutation 1 times
71 generation best_aic & best Eq: 4.808057007961004, ( ^3 ux)+(ux * (x d^2 x))
best concise Eq: -2.7824u + 8.7897u^2 + -14.2588u^3
71 generation repeat cross over 12 times and mutation 2 times
72 generation best_aic & best Eq: 4.808057007961004, ( ^3 ux)+(ux * (x d^2 x))
best concise Eq: -2.7824u + 8.7897u^2 + -14.2588u^3
72 generation repeat cross over 11 times and mutation 1 times
73 generation best_aic & best Eq: 4.808057007961004, ( ^3 ux)+(ux * (x d^2 x))
best concise Eq: -2.7824u + 8.7897u^2 + -14.2588u^3
73 generation repeat cross over 9 times and mutation 3 times
74 generation best_aic & best Eq: 4.808057007961004, ( ^3 ux)+(ux * (x d^2 x))
best concise Eq: -2.7824u + 8.7897u^2 + -14.2588u^3
74 generation repeat cross over 7 times and mutation 3 times
75 generation best_aic & best Eq: 4.808057007961004, ( ^3 ux)+(ux * (x d^2 x))
best concise Eq: -2.7824u + 8.7897u^2 + -14.2588u^3
75 generation repeat cross over 16 times and mutation 5 times
76 generation best_aic & best Eq: 4.808057007961004, ( ^3 ux)+(ux * (x d^2 x))
best concise Eq: -2.7824u + 8.7897u^2 + -14.2588u^3
76 generation repeat cross over 18 times and mutation 6 times
77 generation best_aic & best Eq: 4.808057007961004, ( ^3 ux)+(ux * (x d^2 x))
best concise Eq: -2.7824u + 8.7897u^2 + -14.2588u^3
77 generation repeat cross over 18 times and mutation 6 times
78 generation best_aic & best Eq: 4.808057007961004, ( ^3 ux)+(ux * (x d^2 x))
best concise Eq: -2.7824u + 8.7897u^2 + -14.2588u^3
78 generation repeat cross over 15 times and mutation 4 times
79 generation best_aic & best Eq: 4.808057007961004, ( ^3 ux)+(ux * (x d^2 x))
best concise Eq: -2.7824u + 8.7897u^2 + -14.2588u^3
79 generation repeat cross over 12 times and mutation 5 times
80 generation best_aic & best Eq: 4.808057007961004, ( ^3 ux)+(ux * (x d^2 x))
best concise Eq: -2.7824u + 8.7897u^2 + -14.2588u^3
80 generation repeat cross over 12 times and mutation 1 times
81 generation best_aic & best Eq: 4.808057007961004, ( ^3 ux)+(ux * (x d^2 x))
best concise Eq: -2.7824u + 8.7897u^2 + -14.2588u^3
81 generation repeat cross over 13 times and mutation 3 times
82 generation best_aic & best Eq: 4.808057007961004, ( ^3 ux)+(ux * (x d^2 x))
best concise Eq: -2.7824u + 8.7897u^2 + -14.2588u^3
82 generation repeat cross over 14 times and mutation 3 times
83 generation best_aic & best Eq: 4.808057007961004, ( ^3 ux)+(ux * (x d^2 x))
best concise Eq: -2.7824u + 8.7897u^2 + -14.2588u^3
83 generation repeat cross over 14 times and mutation 3 times
84 generation best_aic & best Eq: 4.808057007961004, ( ^3 ux)+(ux * (x d^2 x))
best concise Eq: -2.7824u + 8.7897u^2 + -14.2588u^3
84 generation repeat cross over 11 times and mutation 3 times
85 generation best_aic & best Eq: 4.808057007961004, ( ^3 ux)+(ux * (x d^2 x))
best concise Eq: -2.7824u + 8.7897u^2 + -14.2588u^3
85 generation repeat cross over 10 times and mutation 0 times
86 generation best_aic & best Eq: 4.808057007961004, ( ^3 ux)+(ux * (x d^2 x))
best concise Eq: -2.7824u + 8.7897u^2 + -14.2588u^3
86 generation repeat cross over 12 times and mutation 1 times
87 generation best_aic & best Eq: 4.808057007961004, ( ^3 ux)+(ux * (x d^2 x))
best concise Eq: -2.7824u + 8.7897u^2 + -14.2588u^3
87 generation repeat cross over 9 times and mutation 4 times
88 generation best_aic & best Eq: 4.808057007961004, ( ^3 ux)+(ux * (x d^2 x))
best concise Eq: -2.7824u + 8.7897u^2 + -14.2588u^3
88 generation repeat cross over 12 times and mutation 2 times
89 generation best_aic & best Eq: 4.808057007961004, ( ^3 ux)+(ux * (x d^2 x))
best concise Eq: -2.7824u + 8.7897u^2 + -14.2588u^3
89 generation repeat cross over 14 times and mutation 0 times
90 generation best_aic & best Eq: 4.808057007961004, ( ^3 ux)+(ux * (x d^2 x))
best concise Eq: -2.7824u + 8.7897u^2 + -14.2588u^3
90 generation repeat cross over 9 times and mutation 3 times
91 generation best_aic & best Eq: 4.808057007961004, ( ^3 ux)+(ux * (x d^2 x))
best concise Eq: -2.7824u + 8.7897u^2 + -14.2588u^3
91 generation repeat cross over 8 times and mutation 4 times
92 generation best_aic & best Eq: 4.808057007961004, ( ^3 ux)+(ux * (x d^2 x))
best concise Eq: -2.7824u + 8.7897u^2 + -14.2588u^3
92 generation repeat cross over 15 times and mutation 6 times
93 generation best_aic & best Eq: 4.808057007961004, ( ^3 ux)+(ux * (x d^2 x))
best concise Eq: -2.7824u + 8.7897u^2 + -14.2588u^3
93 generation repeat cross over 12 times and mutation 4 times
94 generation best_aic & best Eq: 4.808057007961004, ( ^3 ux)+(ux * (x d^2 x))
best concise Eq: -2.7824u + 8.7897u^2 + -14.2588u^3
94 generation repeat cross over 6 times and mutation 2 times
95 generation best_aic & best Eq: 4.808057007961004, ( ^3 ux)+(ux * (x d^2 x))
best concise Eq: -2.7824u + 8.7897u^2 + -14.2588u^3
95 generation repeat cross over 13 times and mutation 4 times
96 generation best_aic & best Eq: 4.808057007961004, ( ^3 ux)+(ux * (x d^2 x))
best concise Eq: -2.7824u + 8.7897u^2 + -14.2588u^3
96 generation repeat cross over 11 times and mutation 4 times
97 generation best_aic & best Eq: 4.808057007961004, ( ^3 ux)+(ux * (x d^2 x))
best concise Eq: -2.7824u + 8.7897u^2 + -14.2588u^3
97 generation repeat cross over 14 times and mutation 3 times
98 generation best_aic & best Eq: 4.752116679056617, ( ^3 (u + ( ^3 u)))
best concise Eq: -6.221u^2 + 6.632u^3 + -1.3526( ^3 (u + ( ^3 u)))
98 generation repeat cross over 13 times and mutation 5 times
99 generation best_aic & best Eq: 4.752116679056617, ( ^3 (u + ( ^3 u)))
best concise Eq: -6.221u^2 + 6.632u^3 + -1.3526( ^3 (u + ( ^3 u)))
99 generation repeat cross over 5 times and mutation 0 times
100 generation best_aic & best Eq: 4.752116679056617, ( ^3 (u + ( ^3 u)))
best concise Eq: -6.221u^2 + 6.632u^3 + -1.3526( ^3 (u + ( ^3 u)))
100 generation repeat cross over 19 times and mutation 3 times
