sga_num =  20
sga_depth =  4
sga_width =  5
sga_p_var =  0.5
sga_p_mute =  0.3
sga_p_cro =  0.5
sga_run =  100
Creating the original pdes in the pool ...
Creating the ith pde, i= 0
a_pde.visualize(): ( ^3 ((u - ux) / (0 * u)))+(x * ( ^3 x))+( ^3 (ux + x))+((( ^2 u) + (ux - 0)) * (ux d^2 x))
evaluate_aic: 11.999935044389789
Creating the ith pde, i= 1
a_pde.visualize(): (x * u)+( ^2 u)+(ux d x)
evaluate_aic: 8.033441937829341
Creating the ith pde, i= 2
a_pde.visualize(): ((( ^2 0) - ( ^2 ux)) d x)
evaluate_aic: 2.035468285721223
Creating the ith pde, i= 3
a_pde.visualize(): (x / ux)
evaluate_aic: 2.035468285721223
Creating the ith pde, i= 4
a_pde.visualize(): ( ^2 (u d x))+( ^2 ux)+( ^2 ux)+( ^3 (x + ( ^3 x)))+(((x * u) d x) * x)
evaluate_aic: 17.704926427225
Creating the ith pde, i= 5
a_pde.visualize(): (ux * ux)
evaluate_aic: 2.035468285721223
Creating the ith pde, i= 6
a_pde.visualize(): ( ^2 ux)+(((u / ux) d x) d x)+(u d^2 x)
evaluate_aic: 7.990097877682671
Creating the ith pde, i= 7
a_pde.visualize(): ((( ^3 u) / (u * ux)) / ((x / ux) + ( ^2 u)))+( ^3 ux)+(x * ((ux - x) - (u d^2 x)))
evaluate_aic: 2.035468285721223
Creating the ith pde, i= 8
a_pde.visualize(): ( ^2 (ux - (u + ux)))
evaluate_aic: 4.035464697675106
Creating the ith pde, i= 9
a_pde.visualize(): (( ^3 ux) d^2 x)+( ^3 ( ^3 u))
evaluate_aic: 3.984104991499943
Creating the ith pde, i= 10
a_pde.visualize(): (ux / 0)
evaluate_aic: 6.035468521183253
Creating the ith pde, i= 11
a_pde.visualize(): ( ^3 (u / 0))+(((x - ux) d x) / (ux * (ux d^2 x)))+(( ^3 ux) d^2 x)
evaluate_aic: 4.0354682857212225
Creating the ith pde, i= 12
a_pde.visualize(): ( ^2 u)+(ux d x)
evaluate_aic: 8.03344155326863
Creating the ith pde, i= 13
a_pde.visualize(): (((u + ux) d^2 x) * ( ^2 (u - ux)))+( ^2 (ux d^2 x))+( ^3 ux)
evaluate_aic: 2.035468285721223
Creating the ith pde, i= 14
a_pde.visualize(): (((u * ux) - x) / x)+((u + 0) d x)+(((x / u) / (u + ux)) * (( ^3 u) + 0))+(x / 0)+( ^2 u)
evaluate_aic: 12.004440537465793
Creating the ith pde, i= 15
a_pde.visualize(): (u d^2 x)+( ^3 u)+(x d^2 x)
evaluate_aic: 8.027850279183175
Creating the ith pde, i= 16
a_pde.visualize(): ( ^3 ux)+( ^2 x)+(((u / 0) d^2 x) d x)
evaluate_aic: 2.035468285721223
Creating the ith pde, i= 17
a_pde.visualize(): ((u - x) * (u - (ux - 0)))+(ux / ( ^3 x))
evaluate_aic: 9.72259699814636
Creating the ith pde, i= 18
a_pde.visualize(): (x / u)
evaluate_aic: 2.035468285721223
Creating the ith pde, i= 19
a_pde.visualize(): (((ux + 0) d x) d^2 x)+( ^3 (ux / x))+( ^2 ux)+(x / x)
evaluate_aic: 7.985610299651102
1 generation best_aic & best Eq: 2.035468285721223, ( ^3 ux)+( ^2 x)+(((u / 0) d^2 x) d x)
best concise Eq: -1.3912u + 4.3948u^2 + -7.1294u^3
1 generation repeat cross over 1 times and mutation 1 times
2 generation best_aic & best Eq: 2.035468285721223, ( ^3 ux)+( ^2 x)+(((u / 0) d^2 x) d x)
best concise Eq: -1.3912u + 4.3948u^2 + -7.1294u^3
2 generation repeat cross over 13 times and mutation 4 times
3 generation best_aic & best Eq: 2.035468285721223, ( ^3 ux)+( ^2 x)+(((u / 0) d^2 x) d x)
best concise Eq: -1.3912u + 4.3948u^2 + -7.1294u^3
3 generation repeat cross over 7 times and mutation 4 times
4 generation best_aic & best Eq: 2.035468285721223, ( ^3 ux)+( ^2 x)+(((u / 0) d^2 x) d x)
best concise Eq: -1.3912u + 4.3948u^2 + -7.1294u^3
4 generation repeat cross over 9 times and mutation 0 times
5 generation best_aic & best Eq: 1.9786614109394254, ( ^3 (( ^2 u) + ( ^3 0)))
best concise Eq: -3.2578u^2 + 2.9221u^3 + -4.7603( ^3 (( ^2 u) + ( ^3 0)))
5 generation repeat cross over 3 times and mutation 2 times
6 generation best_aic & best Eq: 1.9786614109394254, ( ^3 (( ^2 u) + ( ^3 0)))
best concise Eq: -3.2578u^2 + 2.9221u^3 + -4.7603( ^3 (( ^2 u) + ( ^3 0)))
6 generation repeat cross over 12 times and mutation 3 times
7 generation best_aic & best Eq: 1.777661193668882, (( ^3 ( ^2 u)) d^2 x)
best concise Eq: -0.5072u + -2.4359u^3 + 0.0459(( ^3 ( ^2 u)) d^2 x)
7 generation repeat cross over 2 times and mutation 1 times
8 generation best_aic & best Eq: 1.3327678550012747, ( ^2 (ux * (0 - x)))+( ^2 (ux * x))+(( ^2 ( ^2 u)) d^2 x)
best concise Eq: -0.747u + -1.3983u^3 + 0.0807(( ^2 ( ^2 u)) d^2 x)
8 generation repeat cross over 8 times and mutation 0 times
9 generation best_aic & best Eq: 1.3327678550012747, ( ^2 (ux * (0 - x)))+( ^2 (ux * x))+(( ^2 ( ^2 u)) d^2 x)
best concise Eq: -0.747u + -1.3983u^3 + 0.0807(( ^2 ( ^2 u)) d^2 x)
9 generation repeat cross over 10 times and mutation 0 times
10 generation best_aic & best Eq: 1.3327678550012747, ( ^2 (ux * (0 - x)))+( ^2 (ux * x))+(( ^2 ( ^2 u)) d^2 x)
best concise Eq: -0.747u + -1.3983u^3 + 0.0807(( ^2 ( ^2 u)) d^2 x)
10 generation repeat cross over 6 times and mutation 0 times
11 generation best_aic & best Eq: 1.3327678550012747, ( ^2 (ux * (0 - x)))+( ^2 (ux * x))+(( ^2 ( ^2 u)) d^2 x)
best concise Eq: -0.747u + -1.3983u^3 + 0.0807(( ^2 ( ^2 u)) d^2 x)
11 generation repeat cross over 5 times and mutation 0 times
12 generation best_aic & best Eq: 1.3327678550012747, ( ^2 (ux * (0 - x)))+( ^2 (ux * x))+(( ^2 ( ^2 u)) d^2 x)
best concise Eq: -0.747u + -1.3983u^3 + 0.0807(( ^2 ( ^2 u)) d^2 x)
12 generation repeat cross over 9 times and mutation 1 times
13 generation best_aic & best Eq: 1.3327678550012747, ( ^2 (ux * (0 - x)))+( ^2 (ux * x))+(( ^2 ( ^2 u)) d^2 x)
best concise Eq: -0.747u + -1.3983u^3 + 0.0807(( ^2 ( ^2 u)) d^2 x)
13 generation repeat cross over 8 times and mutation 1 times
14 generation best_aic & best Eq: 1.3327678550012747, ( ^2 (ux * (0 - x)))+( ^2 (ux * x))+(( ^2 ( ^2 u)) d^2 x)
best concise Eq: -0.747u + -1.3983u^3 + 0.0807(( ^2 ( ^2 u)) d^2 x)
14 generation repeat cross over 13 times and mutation 0 times
15 generation best_aic & best Eq: 1.3327678550012747, ( ^2 (ux * (0 - x)))+( ^2 (ux * x))+(( ^2 ( ^2 u)) d^2 x)
best concise Eq: -0.747u + -1.3983u^3 + 0.0807(( ^2 ( ^2 u)) d^2 x)
15 generation repeat cross over 7 times and mutation 0 times
16 generation best_aic & best Eq: 1.3327678550012747, ( ^2 (ux * (0 - x)))+( ^2 (ux * x))+(( ^2 ( ^2 u)) d^2 x)
best concise Eq: -0.747u + -1.3983u^3 + 0.0807(( ^2 ( ^2 u)) d^2 x)
16 generation repeat cross over 10 times and mutation 0 times
17 generation best_aic & best Eq: 1.3327678550012747, ( ^2 (ux * (0 - x)))+( ^2 (ux * x))+(( ^2 ( ^2 u)) d^2 x)
best concise Eq: -0.747u + -1.3983u^3 + 0.0807(( ^2 ( ^2 u)) d^2 x)
17 generation repeat cross over 12 times and mutation 1 times
18 generation best_aic & best Eq: 1.3327678550012747, ( ^2 (ux * (0 - x)))+( ^2 (ux * x))+(( ^2 ( ^2 u)) d^2 x)
best concise Eq: -0.747u + -1.3983u^3 + 0.0807(( ^2 ( ^2 u)) d^2 x)
18 generation repeat cross over 13 times and mutation 0 times
19 generation best_aic & best Eq: 1.3327678550012747, ( ^2 (ux * (0 - x)))+( ^2 (ux * x))+(( ^2 ( ^2 u)) d^2 x)
best concise Eq: -0.747u + -1.3983u^3 + 0.0807(( ^2 ( ^2 u)) d^2 x)
19 generation repeat cross over 17 times and mutation 0 times
20 generation best_aic & best Eq: 1.3327678550012747, ( ^2 (ux * (0 - x)))+( ^2 (ux * x))+(( ^2 ( ^2 u)) d^2 x)
best concise Eq: -0.747u + -1.3983u^3 + 0.0807(( ^2 ( ^2 u)) d^2 x)
20 generation repeat cross over 13 times and mutation 0 times
21 generation best_aic & best Eq: 1.3327678550012747, ( ^2 (ux * (0 - x)))+( ^2 (ux * x))+(( ^2 ( ^2 u)) d^2 x)
best concise Eq: -0.747u + -1.3983u^3 + 0.0807(( ^2 ( ^2 u)) d^2 x)
21 generation repeat cross over 14 times and mutation 1 times
22 generation best_aic & best Eq: 1.3327678550012747, ( ^2 (ux * (0 - x)))+( ^2 (ux * x))+(( ^2 ( ^2 u)) d^2 x)
best concise Eq: -0.747u + -1.3983u^3 + 0.0807(( ^2 ( ^2 u)) d^2 x)
22 generation repeat cross over 10 times and mutation 0 times
23 generation best_aic & best Eq: 1.3327678550012747, ( ^2 (ux * (0 - x)))+( ^2 (ux * x))+(( ^2 ( ^2 u)) d^2 x)
best concise Eq: -0.747u + -1.3983u^3 + 0.0807(( ^2 ( ^2 u)) d^2 x)
23 generation repeat cross over 13 times and mutation 0 times
24 generation best_aic & best Eq: 1.3327678550012747, ( ^2 (ux * (0 - x)))+( ^2 (ux * x))+(( ^2 ( ^2 u)) d^2 x)
best concise Eq: -0.747u + -1.3983u^3 + 0.0807(( ^2 ( ^2 u)) d^2 x)
24 generation repeat cross over 15 times and mutation 1 times
25 generation best_aic & best Eq: 1.3327678550012747, ( ^2 (ux * (0 - x)))+( ^2 (ux * x))+(( ^2 ( ^2 u)) d^2 x)
best concise Eq: -0.747u + -1.3983u^3 + 0.0807(( ^2 ( ^2 u)) d^2 x)
25 generation repeat cross over 11 times and mutation 0 times
26 generation best_aic & best Eq: 1.3327678550012747, ( ^2 (ux * (0 - x)))+( ^2 (ux * x))+(( ^2 ( ^2 u)) d^2 x)
best concise Eq: -0.747u + -1.3983u^3 + 0.0807(( ^2 ( ^2 u)) d^2 x)
26 generation repeat cross over 12 times and mutation 1 times
27 generation best_aic & best Eq: 1.3327678550012747, ( ^2 (ux * (0 - x)))+( ^2 (ux * x))+(( ^2 ( ^2 u)) d^2 x)
best concise Eq: -0.747u + -1.3983u^3 + 0.0807(( ^2 ( ^2 u)) d^2 x)
27 generation repeat cross over 12 times and mutation 0 times
28 generation best_aic & best Eq: 1.3327678550012747, ( ^2 (ux * (0 - x)))+( ^2 (ux * x))+(( ^2 ( ^2 u)) d^2 x)
best concise Eq: -0.747u + -1.3983u^3 + 0.0807(( ^2 ( ^2 u)) d^2 x)
28 generation repeat cross over 6 times and mutation 0 times
29 generation best_aic & best Eq: 1.3327678550012747, ( ^2 (ux * (0 - x)))+( ^2 (ux * x))+(( ^2 ( ^2 u)) d^2 x)
best concise Eq: -0.747u + -1.3983u^3 + 0.0807(( ^2 ( ^2 u)) d^2 x)
29 generation repeat cross over 12 times and mutation 0 times
30 generation best_aic & best Eq: 1.3327678550012747, ( ^2 (ux * (0 - x)))+( ^2 (ux * x))+(( ^2 ( ^2 u)) d^2 x)
best concise Eq: -0.747u + -1.3983u^3 + 0.0807(( ^2 ( ^2 u)) d^2 x)
30 generation repeat cross over 11 times and mutation 0 times
31 generation best_aic & best Eq: 1.3327678550012747, ( ^2 (ux * (0 - x)))+( ^2 (ux * x))+(( ^2 ( ^2 u)) d^2 x)
best concise Eq: -0.747u + -1.3983u^3 + 0.0807(( ^2 ( ^2 u)) d^2 x)
31 generation repeat cross over 13 times and mutation 0 times
32 generation best_aic & best Eq: 1.3327678550012747, ( ^2 (ux * (0 - x)))+( ^2 (ux * x))+(( ^2 ( ^2 u)) d^2 x)
best concise Eq: -0.747u + -1.3983u^3 + 0.0807(( ^2 ( ^2 u)) d^2 x)
32 generation repeat cross over 11 times and mutation 1 times
33 generation best_aic & best Eq: 1.3327678550012747, ( ^2 (ux * (0 - x)))+( ^2 (ux * x))+(( ^2 ( ^2 u)) d^2 x)
best concise Eq: -0.747u + -1.3983u^3 + 0.0807(( ^2 ( ^2 u)) d^2 x)
33 generation repeat cross over 5 times and mutation 0 times
34 generation best_aic & best Eq: 1.3327678550012747, ( ^2 (ux * (0 - x)))+( ^2 (ux * x))+(( ^2 ( ^2 u)) d^2 x)
best concise Eq: -0.747u + -1.3983u^3 + 0.0807(( ^2 ( ^2 u)) d^2 x)
34 generation repeat cross over 11 times and mutation 0 times
35 generation best_aic & best Eq: 1.3327678550012747, ( ^2 (ux * (0 - x)))+( ^2 (ux * x))+(( ^2 ( ^2 u)) d^2 x)
best concise Eq: -0.747u + -1.3983u^3 + 0.0807(( ^2 ( ^2 u)) d^2 x)
35 generation repeat cross over 10 times and mutation 1 times
36 generation best_aic & best Eq: 1.3327678550012747, ( ^2 (ux * (0 - x)))+( ^2 (ux * x))+(( ^2 ( ^2 u)) d^2 x)
best concise Eq: -0.747u + -1.3983u^3 + 0.0807(( ^2 ( ^2 u)) d^2 x)
36 generation repeat cross over 10 times and mutation 0 times
37 generation best_aic & best Eq: 1.3327678550012747, ( ^2 (ux * (0 - x)))+( ^2 (ux * x))+(( ^2 ( ^2 u)) d^2 x)
best concise Eq: -0.747u + -1.3983u^3 + 0.0807(( ^2 ( ^2 u)) d^2 x)
37 generation repeat cross over 12 times and mutation 2 times
38 generation best_aic & best Eq: 1.3327678550012747, ( ^2 (ux * (0 - x)))+( ^2 (ux * x))+(( ^2 ( ^2 u)) d^2 x)
best concise Eq: -0.747u + -1.3983u^3 + 0.0807(( ^2 ( ^2 u)) d^2 x)
38 generation repeat cross over 12 times and mutation 0 times
39 generation best_aic & best Eq: 1.3327678550012747, ( ^2 (ux * (0 - x)))+( ^2 (ux * x))+(( ^2 ( ^2 u)) d^2 x)
best concise Eq: -0.747u + -1.3983u^3 + 0.0807(( ^2 ( ^2 u)) d^2 x)
39 generation repeat cross over 14 times and mutation 1 times
40 generation best_aic & best Eq: 1.3327678550012747, ( ^2 (ux * (0 - x)))+( ^2 (ux * x))+(( ^2 ( ^2 u)) d^2 x)
best concise Eq: -0.747u + -1.3983u^3 + 0.0807(( ^2 ( ^2 u)) d^2 x)
40 generation repeat cross over 11 times and mutation 0 times
41 generation best_aic & best Eq: 1.3327678550012747, ( ^2 (ux * (0 - x)))+( ^2 (ux * x))+(( ^2 ( ^2 u)) d^2 x)
best concise Eq: -0.747u + -1.3983u^3 + 0.0807(( ^2 ( ^2 u)) d^2 x)
41 generation repeat cross over 6 times and mutation 0 times
42 generation best_aic & best Eq: 1.3327678550012747, ( ^2 (ux * (0 - x)))+( ^2 (ux * x))+(( ^2 ( ^2 u)) d^2 x)
best concise Eq: -0.747u + -1.3983u^3 + 0.0807(( ^2 ( ^2 u)) d^2 x)
42 generation repeat cross over 7 times and mutation 1 times
43 generation best_aic & best Eq: 1.3327678550012747, ( ^2 (ux * (0 - x)))+( ^2 (ux * x))+(( ^2 ( ^2 u)) d^2 x)
best concise Eq: -0.747u + -1.3983u^3 + 0.0807(( ^2 ( ^2 u)) d^2 x)
43 generation repeat cross over 9 times and mutation 0 times
44 generation best_aic & best Eq: 1.3327678550012747, ( ^2 (ux * (0 - x)))+( ^2 (ux * x))+(( ^2 ( ^2 u)) d^2 x)
best concise Eq: -0.747u + -1.3983u^3 + 0.0807(( ^2 ( ^2 u)) d^2 x)
44 generation repeat cross over 13 times and mutation 1 times
45 generation best_aic & best Eq: 1.3327678550012747, ( ^2 (ux * (0 - x)))+( ^2 (ux * x))+(( ^2 ( ^2 u)) d^2 x)
best concise Eq: -0.747u + -1.3983u^3 + 0.0807(( ^2 ( ^2 u)) d^2 x)
45 generation repeat cross over 11 times and mutation 0 times
46 generation best_aic & best Eq: 1.3327678550012747, ( ^2 (ux * (0 - x)))+( ^2 (ux * x))+(( ^2 ( ^2 u)) d^2 x)
best concise Eq: -0.747u + -1.3983u^3 + 0.0807(( ^2 ( ^2 u)) d^2 x)
46 generation repeat cross over 10 times and mutation 0 times
47 generation best_aic & best Eq: 1.3327678550012747, ( ^2 (ux * (0 - x)))+( ^2 (ux * x))+(( ^2 ( ^2 u)) d^2 x)
best concise Eq: -0.747u + -1.3983u^3 + 0.0807(( ^2 ( ^2 u)) d^2 x)
47 generation repeat cross over 9 times and mutation 1 times
48 generation best_aic & best Eq: 1.3327678550012747, ( ^2 (ux * (0 - x)))+( ^2 (ux * x))+(( ^2 ( ^2 u)) d^2 x)
best concise Eq: -0.747u + -1.3983u^3 + 0.0807(( ^2 ( ^2 u)) d^2 x)
48 generation repeat cross over 7 times and mutation 1 times
49 generation best_aic & best Eq: 1.3327678550012747, ( ^2 (ux * (0 - x)))+( ^2 (ux * x))+(( ^2 ( ^2 u)) d^2 x)
best concise Eq: -0.747u + -1.3983u^3 + 0.0807(( ^2 ( ^2 u)) d^2 x)
49 generation repeat cross over 14 times and mutation 2 times
50 generation best_aic & best Eq: 0.5499238402504334, (( ^3 ( ^3 u)) d^2 x)+(( ^3 (u * ux)) * (( ^3 x) - (x - u)))+(((u * u) d x) d x)
best concise Eq: 0.2682u + 0.0052uxx + -0.806u^2 + 0.2088(((u * u) d x) d x)
50 generation repeat cross over 12 times and mutation 2 times
51 generation best_aic & best Eq: -1.7676922661907337, (( ^3 (u + ux)) * (( ^3 x) - (u - u)))+((u * (ux * x)) d x)+(((u * u) d x) d x)
best concise Eq: 0.0047uxx + -0.0069((u * (ux * x)) d x) + 0.2413(((u * u) d x) d x)
We are close to the answer, pay attention
51 generation repeat cross over 5 times and mutation 0 times
52 generation best_aic & best Eq: -1.7676922661907337, (( ^3 (u + ux)) * (( ^3 x) - (u - u)))+((u * (ux * x)) d x)+(((u * u) d x) d x)
best concise Eq: 0.0047uxx + -0.0069((u * (ux * x)) d x) + 0.2413(((u * u) d x) d x)
We are close to the answer, pay attention
52 generation repeat cross over 10 times and mutation 0 times
53 generation best_aic & best Eq: -3.2018155621968, (( ^3 (u * ux)) * (( ^3 ux) - (u * x)))+(( ^2 (x + 0)) * (( ^3 x) - (u * x)))+(((u * u) d x) d x)
best concise Eq: 0.0057uxx + 0.2318(((u * u) d x) d x)
We are close to the answer, pay attention
53 generation repeat cross over 9 times and mutation 0 times
54 generation best_aic & best Eq: -6.1625703484096395, (( ^2 (u - ux)) d^2 x)+((u * (ux * x)) d x)+(((u * u) d x) d x)
best concise Eq: 0.2475(((u * u) d x) d x)
We are close to the answer, pay attention
54 generation repeat cross over 6 times and mutation 0 times
55 generation best_aic & best Eq: -6.1625703484096395, (( ^2 (u - ux)) d^2 x)+((u * (ux * x)) d x)+(((u * u) d x) d x)
best concise Eq: 0.2475(((u * u) d x) d x)
We are close to the answer, pay attention
55 generation repeat cross over 11 times and mutation 0 times
56 generation best_aic & best Eq: -6.162570348409648, (x d^2 x)+(( ^2 (u + ux)) d^2 x)+(((u * u) d x) d x)
best concise Eq: 0.2475(((u * u) d x) d x)
We are close to the answer, pay attention
56 generation repeat cross over 13 times and mutation 0 times
57 generation best_aic & best Eq: -6.162570348409648, (x d^2 x)+(( ^2 (u + ux)) d^2 x)+(((u * u) d x) d x)
best concise Eq: 0.2475(((u * u) d x) d x)
We are close to the answer, pay attention
57 generation repeat cross over 13 times and mutation 0 times
58 generation best_aic & best Eq: -6.162570348409648, (x d^2 x)+(( ^2 (u + ux)) d^2 x)+(((u * u) d x) d x)
best concise Eq: 0.2475(((u * u) d x) d x)
We are close to the answer, pay attention
58 generation repeat cross over 12 times and mutation 0 times
59 generation best_aic & best Eq: -6.162570348409648, (x d^2 x)+(( ^2 (u + ux)) d^2 x)+(((u * u) d x) d x)
best concise Eq: 0.2475(((u * u) d x) d x)
We are close to the answer, pay attention
59 generation repeat cross over 14 times and mutation 0 times
60 generation best_aic & best Eq: -6.162570348409648, (x d^2 x)+(( ^2 (u + ux)) d^2 x)+(((u * u) d x) d x)
best concise Eq: 0.2475(((u * u) d x) d x)
We are close to the answer, pay attention
60 generation repeat cross over 12 times and mutation 0 times
61 generation best_aic & best Eq: -6.162570348409648, (x d^2 x)+(( ^2 (u + ux)) d^2 x)+(((u * u) d x) d x)
best concise Eq: 0.2475(((u * u) d x) d x)
We are close to the answer, pay attention
61 generation repeat cross over 15 times and mutation 0 times
62 generation best_aic & best Eq: -6.162570348409648, (x d^2 x)+(( ^2 (u + ux)) d^2 x)+(((u * u) d x) d x)
best concise Eq: 0.2475(((u * u) d x) d x)
We are close to the answer, pay attention
62 generation repeat cross over 15 times and mutation 0 times
63 generation best_aic & best Eq: -6.162570348409648, (x d^2 x)+(( ^2 (u + ux)) d^2 x)+(((u * u) d x) d x)
best concise Eq: 0.2475(((u * u) d x) d x)
We are close to the answer, pay attention
63 generation repeat cross over 17 times and mutation 0 times
64 generation best_aic & best Eq: -6.162570348409648, (x d^2 x)+(( ^2 (u + ux)) d^2 x)+(((u * u) d x) d x)
best concise Eq: 0.2475(((u * u) d x) d x)
We are close to the answer, pay attention
64 generation repeat cross over 17 times and mutation 0 times
65 generation best_aic & best Eq: -6.162570348409648, (x d^2 x)+(( ^2 (u + ux)) d^2 x)+(((u * u) d x) d x)
best concise Eq: 0.2475(((u * u) d x) d x)
We are close to the answer, pay attention
65 generation repeat cross over 17 times and mutation 0 times
66 generation best_aic & best Eq: -6.162570348409648, (x d^2 x)+(( ^2 (u + ux)) d^2 x)+(((u * u) d x) d x)
best concise Eq: 0.2475(((u * u) d x) d x)
We are close to the answer, pay attention
66 generation repeat cross over 16 times and mutation 0 times
67 generation best_aic & best Eq: -6.162570348409648, (x d^2 x)+(( ^2 (u + ux)) d^2 x)+(((u * u) d x) d x)
best concise Eq: 0.2475(((u * u) d x) d x)
We are close to the answer, pay attention
67 generation repeat cross over 16 times and mutation 0 times
68 generation best_aic & best Eq: -6.162570348409648, (x d^2 x)+(( ^2 (u + ux)) d^2 x)+(((u * u) d x) d x)
best concise Eq: 0.2475(((u * u) d x) d x)
We are close to the answer, pay attention
68 generation repeat cross over 16 times and mutation 0 times
69 generation best_aic & best Eq: -6.162570348409648, (x d^2 x)+(( ^2 (u + ux)) d^2 x)+(((u * u) d x) d x)
best concise Eq: 0.2475(((u * u) d x) d x)
We are close to the answer, pay attention
69 generation repeat cross over 16 times and mutation 0 times
70 generation best_aic & best Eq: -6.162570348409648, (x d^2 x)+(( ^2 (u + ux)) d^2 x)+(((u * u) d x) d x)
best concise Eq: 0.2475(((u * u) d x) d x)
We are close to the answer, pay attention
70 generation repeat cross over 17 times and mutation 0 times
71 generation best_aic & best Eq: -6.274361844911073, (((u / 0) d^2 x) d^2 x)+(( ^2 (0 + ux)) d^2 x)+(((u * u) d x) d x)
best concise Eq: 0.2476(((u * u) d x) d x)
We are close to the answer, pay attention
71 generation repeat cross over 18 times and mutation 0 times
72 generation best_aic & best Eq: -6.274361844911073, (((u / 0) d^2 x) d^2 x)+(( ^2 (0 + ux)) d^2 x)+(((u * u) d x) d x)
best concise Eq: 0.2476(((u * u) d x) d x)
We are close to the answer, pay attention
72 generation repeat cross over 12 times and mutation 0 times
73 generation best_aic & best Eq: -6.274361844911073, (((u / 0) d^2 x) d^2 x)+(( ^2 (0 + ux)) d^2 x)+(((u * u) d x) d x)
best concise Eq: 0.2476(((u * u) d x) d x)
We are close to the answer, pay attention
73 generation repeat cross over 13 times and mutation 0 times
74 generation best_aic & best Eq: -6.274361844911073, (((u / 0) d^2 x) d^2 x)+(( ^2 (0 + ux)) d^2 x)+(((u * u) d x) d x)
best concise Eq: 0.2476(((u * u) d x) d x)
We are close to the answer, pay attention
74 generation repeat cross over 13 times and mutation 0 times
75 generation best_aic & best Eq: -6.274361844911073, (((u / 0) d^2 x) d^2 x)+(( ^2 (0 + ux)) d^2 x)+(((u * u) d x) d x)
best concise Eq: 0.2476(((u * u) d x) d x)
We are close to the answer, pay attention
75 generation repeat cross over 14 times and mutation 0 times
76 generation best_aic & best Eq: -6.274361844911073, (((u / 0) d^2 x) d^2 x)+(( ^2 (0 + ux)) d^2 x)+(((u * u) d x) d x)
best concise Eq: 0.2476(((u * u) d x) d x)
We are close to the answer, pay attention
76 generation repeat cross over 11 times and mutation 0 times
77 generation best_aic & best Eq: -6.274361844911073, (((u / 0) d^2 x) d^2 x)+(( ^2 (0 + ux)) d^2 x)+(((u * u) d x) d x)
best concise Eq: 0.2476(((u * u) d x) d x)
We are close to the answer, pay attention
77 generation repeat cross over 14 times and mutation 0 times
78 generation best_aic & best Eq: -6.274361844911073, (((u / 0) d^2 x) d^2 x)+(( ^2 (0 + ux)) d^2 x)+(((u * u) d x) d x)
best concise Eq: 0.2476(((u * u) d x) d x)
We are close to the answer, pay attention
78 generation repeat cross over 19 times and mutation 0 times
79 generation best_aic & best Eq: -6.274361844911073, (((u / 0) d^2 x) d^2 x)+(( ^2 (0 + ux)) d^2 x)+(((u * u) d x) d x)
best concise Eq: 0.2476(((u * u) d x) d x)
We are close to the answer, pay attention
79 generation repeat cross over 17 times and mutation 0 times
80 generation best_aic & best Eq: -6.274361844911073, (((u / 0) d^2 x) d^2 x)+(( ^2 (0 + ux)) d^2 x)+(((u * u) d x) d x)
best concise Eq: 0.2476(((u * u) d x) d x)
We are close to the answer, pay attention
80 generation repeat cross over 15 times and mutation 0 times
81 generation best_aic & best Eq: -6.274361844911073, (((u / 0) d^2 x) d^2 x)+(( ^2 (0 + ux)) d^2 x)+(((u * u) d x) d x)
best concise Eq: 0.2476(((u * u) d x) d x)
We are close to the answer, pay attention
81 generation repeat cross over 15 times and mutation 0 times
82 generation best_aic & best Eq: -6.274361844911073, (((u / 0) d^2 x) d^2 x)+(( ^2 (0 + ux)) d^2 x)+(((u * u) d x) d x)
best concise Eq: 0.2476(((u * u) d x) d x)
We are close to the answer, pay attention
82 generation repeat cross over 14 times and mutation 0 times
83 generation best_aic & best Eq: -6.274361844911073, (((u / 0) d^2 x) d^2 x)+(( ^2 (0 + ux)) d^2 x)+(((u * u) d x) d x)
best concise Eq: 0.2476(((u * u) d x) d x)
We are close to the answer, pay attention
83 generation repeat cross over 18 times and mutation 0 times
84 generation best_aic & best Eq: -6.274361844911073, (((u / 0) d^2 x) d^2 x)+(( ^2 (0 + ux)) d^2 x)+(((u * u) d x) d x)
best concise Eq: 0.2476(((u * u) d x) d x)
We are close to the answer, pay attention
84 generation repeat cross over 16 times and mutation 0 times
85 generation best_aic & best Eq: -6.274361844911073, (((u / 0) d^2 x) d^2 x)+(( ^2 (0 + ux)) d^2 x)+(((u * u) d x) d x)
best concise Eq: 0.2476(((u * u) d x) d x)
We are close to the answer, pay attention
85 generation repeat cross over 15 times and mutation 0 times
86 generation best_aic & best Eq: -6.274361844911073, (((u / 0) d^2 x) d^2 x)+(( ^2 (0 + ux)) d^2 x)+(((u * u) d x) d x)
best concise Eq: 0.2476(((u * u) d x) d x)
We are close to the answer, pay attention
86 generation repeat cross over 18 times and mutation 0 times
87 generation best_aic & best Eq: -6.274361844911073, (((u / 0) d^2 x) d^2 x)+(( ^2 (0 + ux)) d^2 x)+(((u * u) d x) d x)
best concise Eq: 0.2476(((u * u) d x) d x)
We are close to the answer, pay attention
87 generation repeat cross over 17 times and mutation 0 times
88 generation best_aic & best Eq: -6.274361844911073, (((u / 0) d^2 x) d^2 x)+(( ^2 (0 + ux)) d^2 x)+(((u * u) d x) d x)
best concise Eq: 0.2476(((u * u) d x) d x)
We are close to the answer, pay attention
88 generation repeat cross over 15 times and mutation 0 times
89 generation best_aic & best Eq: -6.274361844911073, (((u / 0) d^2 x) d^2 x)+(( ^2 (0 + ux)) d^2 x)+(((u * u) d x) d x)
best concise Eq: 0.2476(((u * u) d x) d x)
We are close to the answer, pay attention
89 generation repeat cross over 16 times and mutation 0 times
90 generation best_aic & best Eq: -6.274361844911073, (((u / 0) d^2 x) d^2 x)+(( ^2 (0 + ux)) d^2 x)+(((u * u) d x) d x)
best concise Eq: 0.2476(((u * u) d x) d x)
We are close to the answer, pay attention
90 generation repeat cross over 15 times and mutation 0 times
91 generation best_aic & best Eq: -6.274361844911073, (((u / 0) d^2 x) d^2 x)+(( ^2 (0 + ux)) d^2 x)+(((u * u) d x) d x)
best concise Eq: 0.2476(((u * u) d x) d x)
We are close to the answer, pay attention
91 generation repeat cross over 15 times and mutation 0 times
92 generation best_aic & best Eq: -6.274361844911073, (((u / 0) d^2 x) d^2 x)+(( ^2 (0 + ux)) d^2 x)+(((u * u) d x) d x)
best concise Eq: 0.2476(((u * u) d x) d x)
We are close to the answer, pay attention
92 generation repeat cross over 19 times and mutation 0 times
93 generation best_aic & best Eq: -6.274361844911073, (((u / 0) d^2 x) d^2 x)+(( ^2 (0 + ux)) d^2 x)+(((u * u) d x) d x)
best concise Eq: 0.2476(((u * u) d x) d x)
We are close to the answer, pay attention
93 generation repeat cross over 18 times and mutation 0 times
94 generation best_aic & best Eq: -6.274361844911073, (((u / 0) d^2 x) d^2 x)+(( ^2 (0 + ux)) d^2 x)+(((u * u) d x) d x)
best concise Eq: 0.2476(((u * u) d x) d x)
We are close to the answer, pay attention
94 generation repeat cross over 18 times and mutation 0 times
95 generation best_aic & best Eq: -6.274361844911073, (((u / 0) d^2 x) d^2 x)+(( ^2 (0 + ux)) d^2 x)+(((u * u) d x) d x)
best concise Eq: 0.2476(((u * u) d x) d x)
We are close to the answer, pay attention
95 generation repeat cross over 19 times and mutation 1 times
96 generation best_aic & best Eq: -6.274361844911073, (((u / 0) d^2 x) d^2 x)+(( ^2 (0 + ux)) d^2 x)+(((u * u) d x) d x)
best concise Eq: 0.2476(((u * u) d x) d x)
We are close to the answer, pay attention
96 generation repeat cross over 19 times and mutation 1 times
97 generation best_aic & best Eq: -6.274361844911073, (((u / 0) d^2 x) d^2 x)+(( ^2 (0 + ux)) d^2 x)+(((u * u) d x) d x)
best concise Eq: 0.2476(((u * u) d x) d x)
We are close to the answer, pay attention
97 generation repeat cross over 17 times and mutation 1 times
98 generation best_aic & best Eq: -6.274361844911073, (((u / 0) d^2 x) d^2 x)+(( ^2 (0 + ux)) d^2 x)+(((u * u) d x) d x)
best concise Eq: 0.2476(((u * u) d x) d x)
We are close to the answer, pay attention
98 generation repeat cross over 20 times and mutation 0 times
99 generation best_aic & best Eq: -6.274361844911073, (((u / 0) d^2 x) d^2 x)+(( ^2 (0 + ux)) d^2 x)+(((u * u) d x) d x)
best concise Eq: 0.2476(((u * u) d x) d x)
We are close to the answer, pay attention
99 generation repeat cross over 20 times and mutation 0 times
100 generation best_aic & best Eq: -6.274361844911073, (((u / 0) d^2 x) d^2 x)+(( ^2 (0 + ux)) d^2 x)+(((u * u) d x) d x)
best concise Eq: 0.2476(((u * u) d x) d x)
We are close to the answer, pay attention
100 generation repeat cross over 17 times and mutation 0 times
