sga_num =  20
sga_depth =  4
sga_width =  5
sga_p_var =  0.5
sga_p_mute =  0.3
sga_p_cro =  0.5
sga_run =  100
Creating the original pdes in the pool ...
Creating the ith pde, i= 0
a_pde.visualize(): ( ^3 (u / x))
evaluate_aic: 6.80442514098498
Creating the ith pde, i= 1
a_pde.visualize(): ( ^3 ux)+(ux d^2 x)+(((u d^2 x) d x) d^2 x)
evaluate_aic: 4.808057007961004
Creating the ith pde, i= 2
a_pde.visualize(): ((u - (u / ux)) d^2 x)
evaluate_aic: 4.808057007961004
Creating the ith pde, i= 3
a_pde.visualize(): (u d^2 x)
evaluate_aic: 8.800439001422957
Creating the ith pde, i= 4
a_pde.visualize(): (x * ( ^2 (u / 0)))+((x - (0 - u)) d x)+(((ux * u) / (u / x)) d^2 x)
evaluate_aic: 16.77617534945661
Creating the ith pde, i= 5
a_pde.visualize(): ( ^3 ((ux * 0) + (x - 0)))+(u / u)
evaluate_aic: 8.778548018748609
Creating the ith pde, i= 6
a_pde.visualize(): ((( ^3 ux) - u) d x)+(( ^2 (x + ux)) / ux)
evaluate_aic: 4.808057007961004
Creating the ith pde, i= 7
a_pde.visualize(): (u * x)
evaluate_aic: 4.808057007961004
Creating the ith pde, i= 8
a_pde.visualize(): ( ^3 x)+( ^3 ux)
evaluate_aic: 6.8027245019373686
Creating the ith pde, i= 9
a_pde.visualize(): ((u d x) / ux)
evaluate_aic: 8.778548018748609
Creating the ith pde, i= 10
a_pde.visualize(): (ux / ( ^2 0))+( ^3 (u d x))
evaluate_aic: 8.808057237402817
inf
Creating the ith pde, i= 11
a_pde.visualize(): (x / ux)+( ^3 x)+((x - (u d x)) * u)
evaluate_aic: 8.796629944430608
Creating the ith pde, i= 12
a_pde.visualize(): (u * (x / u))+(ux d x)+( ^2 (ux * ux))
evaluate_aic: 16.794019894767132
Creating the ith pde, i= 13
a_pde.visualize(): ( ^3 x)+( ^2 x)+(ux d x)+(u * ((ux + x) d^2 x))
evaluate_aic: 18.791043593698944
Creating the ith pde, i= 14
a_pde.visualize(): ((x d x) / ( ^3 ux))+(( ^3 x) d x)+(u / x)
evaluate_aic: 8.78507865610092
Creating the ith pde, i= 15
a_pde.visualize(): ( ^3 ux)+(((0 - ux) - ( ^2 x)) d x)+(u / (u d^2 x))
evaluate_aic: 10.78458482003871
Creating the ith pde, i= 16
a_pde.visualize(): ( ^3 u)
evaluate_aic: 6.808057007961004
Creating the ith pde, i= 17
a_pde.visualize(): (x d^2 x)+( ^3 ux)+(ux d x)
evaluate_aic: 8.806029074170354
inf
Creating the ith pde, i= 18
a_pde.visualize(): ( ^3 u)+(u d^2 x)
evaluate_aic: 10.800439001422957
Creating the ith pde, i= 19
a_pde.visualize(): (ux * ux)+( ^2 x)
evaluate_aic: 14.785722425080431
1 generation best_aic & best Eq: 4.808057007961004, ( ^3 ux)+(ux d^2 x)+(((u d^2 x) d x) d^2 x)
best concise Eq: -2.7824u + 8.7897u^2 + -14.2588u^3
1 generation repeat cross over 4 times and mutation 0 times
2 generation best_aic & best Eq: 4.808057007961004, ( ^3 ux)+(ux d^2 x)+(((u d^2 x) d x) d^2 x)
best concise Eq: -2.7824u + 8.7897u^2 + -14.2588u^3
2 generation repeat cross over 17 times and mutation 2 times
3 generation best_aic & best Eq: 4.808057007961004, ( ^3 ux)+(ux d^2 x)+(((u d^2 x) d x) d^2 x)
best concise Eq: -2.7824u + 8.7897u^2 + -14.2588u^3
3 generation repeat cross over 11 times and mutation 2 times
4 generation best_aic & best Eq: 4.751250133179207, ( ^3 ( ^2 u))+(ux d^2 x)+(((x / u) d x) d^2 x)
best concise Eq: -6.5156u^2 + 5.8443u^3 + -9.5207( ^3 ( ^2 u))
4 generation repeat cross over 9 times and mutation 3 times
5 generation best_aic & best Eq: 4.751250133179207, ( ^3 ( ^2 u))+(ux d^2 x)+(((x / u) d x) d^2 x)
best concise Eq: -6.5156u^2 + 5.8443u^3 + -9.5207( ^3 ( ^2 u))
5 generation repeat cross over 9 times and mutation 4 times
6 generation best_aic & best Eq: 4.751250133179207, ( ^3 ( ^2 u))+(ux d^2 x)+(((x / u) d x) d^2 x)
best concise Eq: -6.5156u^2 + 5.8443u^3 + -9.5207( ^3 ( ^2 u))
6 generation repeat cross over 11 times and mutation 0 times
7 generation best_aic & best Eq: 4.751250133179207, ( ^3 ( ^2 u))+(ux d^2 x)+(((x / u) d x) d^2 x)
best concise Eq: -6.5156u^2 + 5.8443u^3 + -9.5207( ^3 ( ^2 u))
7 generation repeat cross over 8 times and mutation 3 times
8 generation best_aic & best Eq: 4.751250133179207, ( ^3 ( ^2 u))+(ux d^2 x)+(((x / u) d x) d^2 x)
best concise Eq: -6.5156u^2 + 5.8443u^3 + -9.5207( ^3 ( ^2 u))
8 generation repeat cross over 12 times and mutation 2 times
9 generation best_aic & best Eq: 4.751250133179207, ( ^3 ( ^2 u))+(ux d^2 x)+(((x / u) d x) d^2 x)
best concise Eq: -6.5156u^2 + 5.8443u^3 + -9.5207( ^3 ( ^2 u))
9 generation repeat cross over 17 times and mutation 0 times
10 generation best_aic & best Eq: 4.751250133179207, ( ^3 ( ^2 u))+(ux d^2 x)+(((x / u) d x) d^2 x)
best concise Eq: -6.5156u^2 + 5.8443u^3 + -9.5207( ^3 ( ^2 u))
10 generation repeat cross over 15 times and mutation 0 times
11 generation best_aic & best Eq: 4.751250133179207, ( ^3 ( ^2 u))+(ux d^2 x)+(((x / u) d x) d^2 x)
best concise Eq: -6.5156u^2 + 5.8443u^3 + -9.5207( ^3 ( ^2 u))
11 generation repeat cross over 7 times and mutation 0 times
12 generation best_aic & best Eq: 4.751250133179207, ( ^3 ( ^2 u))+(ux d^2 x)+(((x / u) d x) d^2 x)
best concise Eq: -6.5156u^2 + 5.8443u^3 + -9.5207( ^3 ( ^2 u))
12 generation repeat cross over 10 times and mutation 0 times
13 generation best_aic & best Eq: 4.751250133179207, ( ^3 ( ^2 u))+(ux d^2 x)+(((x / u) d x) d^2 x)
best concise Eq: -6.5156u^2 + 5.8443u^3 + -9.5207( ^3 ( ^2 u))
13 generation repeat cross over 16 times and mutation 0 times
14 generation best_aic & best Eq: 4.751250133179207, ( ^3 ( ^2 u))+(ux d^2 x)+(((x / u) d x) d^2 x)
best concise Eq: -6.5156u^2 + 5.8443u^3 + -9.5207( ^3 ( ^2 u))
14 generation repeat cross over 12 times and mutation 1 times
15 generation best_aic & best Eq: 4.751250133179207, ( ^3 ( ^2 u))+(ux d^2 x)+(((x / u) d x) d^2 x)
best concise Eq: -6.5156u^2 + 5.8443u^3 + -9.5207( ^3 ( ^2 u))
15 generation repeat cross over 14 times and mutation 0 times
16 generation best_aic & best Eq: 4.751250133179207, ( ^3 ( ^2 u))+(ux d^2 x)+(((x / u) d x) d^2 x)
best concise Eq: -6.5156u^2 + 5.8443u^3 + -9.5207( ^3 ( ^2 u))
16 generation repeat cross over 10 times and mutation 1 times
17 generation best_aic & best Eq: 4.751250133179207, ( ^3 ( ^2 u))+(ux d^2 x)+(((x / u) d x) d^2 x)
best concise Eq: -6.5156u^2 + 5.8443u^3 + -9.5207( ^3 ( ^2 u))
17 generation repeat cross over 12 times and mutation 0 times
18 generation best_aic & best Eq: 4.751250133179207, ( ^3 ( ^2 u))+(ux d^2 x)+(((x / u) d x) d^2 x)
best concise Eq: -6.5156u^2 + 5.8443u^3 + -9.5207( ^3 ( ^2 u))
18 generation repeat cross over 9 times and mutation 0 times
19 generation best_aic & best Eq: 4.751250133179207, ( ^3 ( ^2 u))+(ux d^2 x)+(((x / u) d x) d^2 x)
best concise Eq: -6.5156u^2 + 5.8443u^3 + -9.5207( ^3 ( ^2 u))
19 generation repeat cross over 11 times and mutation 0 times
20 generation best_aic & best Eq: 4.751250133179207, ( ^3 ( ^2 u))+(ux d^2 x)+(((x / u) d x) d^2 x)
best concise Eq: -6.5156u^2 + 5.8443u^3 + -9.5207( ^3 ( ^2 u))
20 generation repeat cross over 10 times and mutation 0 times
21 generation best_aic & best Eq: 4.751250133179207, ( ^3 ( ^2 u))+(ux d^2 x)+(((x / u) d x) d^2 x)
best concise Eq: -6.5156u^2 + 5.8443u^3 + -9.5207( ^3 ( ^2 u))
21 generation repeat cross over 11 times and mutation 0 times
22 generation best_aic & best Eq: 4.751250133179207, ( ^3 ( ^2 u))+(ux d^2 x)+(((x / u) d x) d^2 x)
best concise Eq: -6.5156u^2 + 5.8443u^3 + -9.5207( ^3 ( ^2 u))
22 generation repeat cross over 12 times and mutation 0 times
23 generation best_aic & best Eq: 4.751250133179207, ( ^3 ( ^2 u))+(ux d^2 x)+(((x / u) d x) d^2 x)
best concise Eq: -6.5156u^2 + 5.8443u^3 + -9.5207( ^3 ( ^2 u))
23 generation repeat cross over 8 times and mutation 0 times
24 generation best_aic & best Eq: 4.751250133179207, ( ^3 ( ^2 u))+(ux d^2 x)+(((x / u) d x) d^2 x)
best concise Eq: -6.5156u^2 + 5.8443u^3 + -9.5207( ^3 ( ^2 u))
24 generation repeat cross over 6 times and mutation 0 times
25 generation best_aic & best Eq: 4.751250133179207, ( ^3 ( ^2 u))+(ux d^2 x)+(((x / u) d x) d^2 x)
best concise Eq: -6.5156u^2 + 5.8443u^3 + -9.5207( ^3 ( ^2 u))
25 generation repeat cross over 11 times and mutation 0 times
26 generation best_aic & best Eq: 4.751250133179207, ( ^3 ( ^2 u))+(ux d^2 x)+(((x / u) d x) d^2 x)
best concise Eq: -6.5156u^2 + 5.8443u^3 + -9.5207( ^3 ( ^2 u))
26 generation repeat cross over 14 times and mutation 0 times
27 generation best_aic & best Eq: 4.751250133179207, ( ^3 ( ^2 u))+(ux d^2 x)+(((x / u) d x) d^2 x)
best concise Eq: -6.5156u^2 + 5.8443u^3 + -9.5207( ^3 ( ^2 u))
27 generation repeat cross over 10 times and mutation 0 times
28 generation best_aic & best Eq: 4.751250133179207, ( ^3 ( ^2 u))+(ux d^2 x)+(((x / u) d x) d^2 x)
best concise Eq: -6.5156u^2 + 5.8443u^3 + -9.5207( ^3 ( ^2 u))
28 generation repeat cross over 7 times and mutation 0 times
29 generation best_aic & best Eq: 4.751250133179207, ( ^3 ( ^2 u))+(ux d^2 x)+(((x / u) d x) d^2 x)
best concise Eq: -6.5156u^2 + 5.8443u^3 + -9.5207( ^3 ( ^2 u))
29 generation repeat cross over 11 times and mutation 0 times
30 generation best_aic & best Eq: 4.751250133179207, ( ^3 ( ^2 u))+(ux d^2 x)+(((x / u) d x) d^2 x)
best concise Eq: -6.5156u^2 + 5.8443u^3 + -9.5207( ^3 ( ^2 u))
30 generation repeat cross over 12 times and mutation 0 times
31 generation best_aic & best Eq: 4.751250133179207, ( ^3 ( ^2 u))+(ux d^2 x)+(((x / u) d x) d^2 x)
best concise Eq: -6.5156u^2 + 5.8443u^3 + -9.5207( ^3 ( ^2 u))
31 generation repeat cross over 7 times and mutation 0 times
32 generation best_aic & best Eq: 4.751250133179207, ( ^3 ( ^2 u))+(ux d^2 x)+(((x / u) d x) d^2 x)
best concise Eq: -6.5156u^2 + 5.8443u^3 + -9.5207( ^3 ( ^2 u))
32 generation repeat cross over 10 times and mutation 0 times
33 generation best_aic & best Eq: 4.751250133179207, ( ^3 ( ^2 u))+(ux d^2 x)+(((x / u) d x) d^2 x)
best concise Eq: -6.5156u^2 + 5.8443u^3 + -9.5207( ^3 ( ^2 u))
33 generation repeat cross over 7 times and mutation 0 times
34 generation best_aic & best Eq: 4.751250133179207, ( ^3 ( ^2 u))+(ux d^2 x)+(((x / u) d x) d^2 x)
best concise Eq: -6.5156u^2 + 5.8443u^3 + -9.5207( ^3 ( ^2 u))
34 generation repeat cross over 5 times and mutation 0 times
35 generation best_aic & best Eq: 4.751250133179207, ( ^3 ( ^2 u))+(ux d^2 x)+(((x / u) d x) d^2 x)
best concise Eq: -6.5156u^2 + 5.8443u^3 + -9.5207( ^3 ( ^2 u))
35 generation repeat cross over 9 times and mutation 0 times
36 generation best_aic & best Eq: 4.751250133179207, ( ^3 ( ^2 u))+(ux d^2 x)+(((x / u) d x) d^2 x)
best concise Eq: -6.5156u^2 + 5.8443u^3 + -9.5207( ^3 ( ^2 u))
36 generation repeat cross over 12 times and mutation 0 times
37 generation best_aic & best Eq: 4.751250133179207, ( ^3 ( ^2 u))+(ux d^2 x)+(((x / u) d x) d^2 x)
best concise Eq: -6.5156u^2 + 5.8443u^3 + -9.5207( ^3 ( ^2 u))
37 generation repeat cross over 8 times and mutation 0 times
38 generation best_aic & best Eq: 4.751250133179207, ( ^3 ( ^2 u))+(ux d^2 x)+(((x / u) d x) d^2 x)
best concise Eq: -6.5156u^2 + 5.8443u^3 + -9.5207( ^3 ( ^2 u))
38 generation repeat cross over 16 times and mutation 0 times
39 generation best_aic & best Eq: 4.751250133179207, ( ^3 ( ^2 u))+(ux d^2 x)+(((x / u) d x) d^2 x)
best concise Eq: -6.5156u^2 + 5.8443u^3 + -9.5207( ^3 ( ^2 u))
39 generation repeat cross over 8 times and mutation 0 times
40 generation best_aic & best Eq: 4.751250133179207, ( ^3 ( ^2 u))+(ux d^2 x)+(((x / u) d x) d^2 x)
best concise Eq: -6.5156u^2 + 5.8443u^3 + -9.5207( ^3 ( ^2 u))
40 generation repeat cross over 9 times and mutation 0 times
41 generation best_aic & best Eq: 4.751250133179207, ( ^3 ( ^2 u))+(ux d^2 x)+(((x / u) d x) d^2 x)
best concise Eq: -6.5156u^2 + 5.8443u^3 + -9.5207( ^3 ( ^2 u))
41 generation repeat cross over 13 times and mutation 0 times
42 generation best_aic & best Eq: 4.751250133179207, ( ^3 ( ^2 u))+(ux d^2 x)+(((x / u) d x) d^2 x)
best concise Eq: -6.5156u^2 + 5.8443u^3 + -9.5207( ^3 ( ^2 u))
42 generation repeat cross over 9 times and mutation 0 times
43 generation best_aic & best Eq: 4.751250133179207, ( ^3 ( ^2 u))+(ux d^2 x)+(((x / u) d x) d^2 x)
best concise Eq: -6.5156u^2 + 5.8443u^3 + -9.5207( ^3 ( ^2 u))
43 generation repeat cross over 9 times and mutation 0 times
44 generation best_aic & best Eq: 4.751250133179207, ( ^3 ( ^2 u))+(ux d^2 x)+(((x / u) d x) d^2 x)
best concise Eq: -6.5156u^2 + 5.8443u^3 + -9.5207( ^3 ( ^2 u))
44 generation repeat cross over 13 times and mutation 0 times
45 generation best_aic & best Eq: 4.751250133179207, ( ^3 ( ^2 u))+(ux d^2 x)+(((x / u) d x) d^2 x)
best concise Eq: -6.5156u^2 + 5.8443u^3 + -9.5207( ^3 ( ^2 u))
45 generation repeat cross over 13 times and mutation 0 times
46 generation best_aic & best Eq: 4.751250133179207, ( ^3 ( ^2 u))+(ux d^2 x)+(((x / u) d x) d^2 x)
best concise Eq: -6.5156u^2 + 5.8443u^3 + -9.5207( ^3 ( ^2 u))
46 generation repeat cross over 10 times and mutation 1 times
47 generation best_aic & best Eq: 4.751250133179207, ( ^3 ( ^2 u))+(ux d^2 x)+(((x / u) d x) d^2 x)
best concise Eq: -6.5156u^2 + 5.8443u^3 + -9.5207( ^3 ( ^2 u))
47 generation repeat cross over 13 times and mutation 0 times
48 generation best_aic & best Eq: 4.751250133179207, ( ^3 ( ^2 u))+(ux d^2 x)+(((x / u) d x) d^2 x)
best concise Eq: -6.5156u^2 + 5.8443u^3 + -9.5207( ^3 ( ^2 u))
48 generation repeat cross over 10 times and mutation 0 times
49 generation best_aic & best Eq: 4.751250133179207, ( ^3 ( ^2 u))+(ux d^2 x)+(((x / u) d x) d^2 x)
best concise Eq: -6.5156u^2 + 5.8443u^3 + -9.5207( ^3 ( ^2 u))
49 generation repeat cross over 10 times and mutation 0 times
50 generation best_aic & best Eq: 4.751250133179207, ( ^3 ( ^2 u))+(ux d^2 x)+(((x / u) d x) d^2 x)
best concise Eq: -6.5156u^2 + 5.8443u^3 + -9.5207( ^3 ( ^2 u))
50 generation repeat cross over 11 times and mutation 0 times
51 generation best_aic & best Eq: 4.751250133179207, ( ^3 ( ^2 u))+(ux d^2 x)+(((x / u) d x) d^2 x)
best concise Eq: -6.5156u^2 + 5.8443u^3 + -9.5207( ^3 ( ^2 u))
51 generation repeat cross over 9 times and mutation 0 times
52 generation best_aic & best Eq: 4.751250133179207, ( ^3 ( ^2 u))+(ux d^2 x)+(((x / u) d x) d^2 x)
best concise Eq: -6.5156u^2 + 5.8443u^3 + -9.5207( ^3 ( ^2 u))
52 generation repeat cross over 11 times and mutation 2 times
53 generation best_aic & best Eq: 4.751250133179207, ( ^3 ( ^2 u))+(ux d^2 x)+(((x / u) d x) d^2 x)
best concise Eq: -6.5156u^2 + 5.8443u^3 + -9.5207( ^3 ( ^2 u))
53 generation repeat cross over 10 times and mutation 1 times
54 generation best_aic & best Eq: 4.751250133179207, ( ^3 ( ^2 u))+(ux d^2 x)+(((x / u) d x) d^2 x)
best concise Eq: -6.5156u^2 + 5.8443u^3 + -9.5207( ^3 ( ^2 u))
54 generation repeat cross over 11 times and mutation 0 times
55 generation best_aic & best Eq: 4.751250133179207, ( ^3 ( ^2 u))+(ux d^2 x)+(((x / u) d x) d^2 x)
best concise Eq: -6.5156u^2 + 5.8443u^3 + -9.5207( ^3 ( ^2 u))
55 generation repeat cross over 12 times and mutation 1 times
56 generation best_aic & best Eq: 4.751250133179207, ( ^3 ( ^2 u))+(ux d^2 x)+(((x / u) d x) d^2 x)
best concise Eq: -6.5156u^2 + 5.8443u^3 + -9.5207( ^3 ( ^2 u))
56 generation repeat cross over 14 times and mutation 0 times
57 generation best_aic & best Eq: 4.751250133179207, ( ^3 ( ^2 u))+(ux d^2 x)+(((x / u) d x) d^2 x)
best concise Eq: -6.5156u^2 + 5.8443u^3 + -9.5207( ^3 ( ^2 u))
57 generation repeat cross over 16 times and mutation 0 times
58 generation best_aic & best Eq: 4.751250133179207, ( ^3 ( ^2 u))+(ux d^2 x)+(((x / u) d x) d^2 x)
best concise Eq: -6.5156u^2 + 5.8443u^3 + -9.5207( ^3 ( ^2 u))
58 generation repeat cross over 12 times and mutation 0 times
59 generation best_aic & best Eq: 4.751250133179207, ( ^3 ( ^2 u))+(ux d^2 x)+(((x / u) d x) d^2 x)
best concise Eq: -6.5156u^2 + 5.8443u^3 + -9.5207( ^3 ( ^2 u))
59 generation repeat cross over 10 times and mutation 0 times
60 generation best_aic & best Eq: 4.751250133179207, ( ^3 ( ^2 u))+(ux d^2 x)+(((x / u) d x) d^2 x)
best concise Eq: -6.5156u^2 + 5.8443u^3 + -9.5207( ^3 ( ^2 u))
60 generation repeat cross over 9 times and mutation 0 times
61 generation best_aic & best Eq: 4.751250133179207, ( ^3 ( ^2 u))+(ux d^2 x)+(((x / u) d x) d^2 x)
best concise Eq: -6.5156u^2 + 5.8443u^3 + -9.5207( ^3 ( ^2 u))
61 generation repeat cross over 12 times and mutation 1 times
62 generation best_aic & best Eq: 4.751250133179207, ( ^3 ( ^2 u))+(ux d^2 x)+(((x / u) d x) d^2 x)
best concise Eq: -6.5156u^2 + 5.8443u^3 + -9.5207( ^3 ( ^2 u))
62 generation repeat cross over 12 times and mutation 1 times
63 generation best_aic & best Eq: 4.751250133179207, ( ^3 ( ^2 u))+(ux d^2 x)+(((x / u) d x) d^2 x)
best concise Eq: -6.5156u^2 + 5.8443u^3 + -9.5207( ^3 ( ^2 u))
63 generation repeat cross over 16 times and mutation 1 times
64 generation best_aic & best Eq: 4.751250133179207, ( ^3 ( ^2 u))+(ux d^2 x)+(((x / u) d x) d^2 x)
best concise Eq: -6.5156u^2 + 5.8443u^3 + -9.5207( ^3 ( ^2 u))
64 generation repeat cross over 11 times and mutation 1 times
65 generation best_aic & best Eq: 4.751250133179207, ( ^3 ( ^2 u))+(ux d^2 x)+(((x / u) d x) d^2 x)
best concise Eq: -6.5156u^2 + 5.8443u^3 + -9.5207( ^3 ( ^2 u))
65 generation repeat cross over 7 times and mutation 1 times
66 generation best_aic & best Eq: 4.751250133179207, ( ^3 ( ^2 u))+(ux d^2 x)+(((x / u) d x) d^2 x)
best concise Eq: -6.5156u^2 + 5.8443u^3 + -9.5207( ^3 ( ^2 u))
66 generation repeat cross over 10 times and mutation 0 times
67 generation best_aic & best Eq: 4.751250133179207, ( ^3 ( ^2 u))+(ux d^2 x)+(((x / u) d x) d^2 x)
best concise Eq: -6.5156u^2 + 5.8443u^3 + -9.5207( ^3 ( ^2 u))
67 generation repeat cross over 13 times and mutation 0 times
68 generation best_aic & best Eq: 4.751250133179207, ( ^3 ( ^2 u))+(ux d^2 x)+(((x / u) d x) d^2 x)
best concise Eq: -6.5156u^2 + 5.8443u^3 + -9.5207( ^3 ( ^2 u))
68 generation repeat cross over 14 times and mutation 0 times
69 generation best_aic & best Eq: 4.751250133179207, ( ^3 ( ^2 u))+(ux d^2 x)+(((x / u) d x) d^2 x)
best concise Eq: -6.5156u^2 + 5.8443u^3 + -9.5207( ^3 ( ^2 u))
69 generation repeat cross over 15 times and mutation 0 times
70 generation best_aic & best Eq: 4.751250133179207, ( ^3 ( ^2 u))+(ux d^2 x)+(((x / u) d x) d^2 x)
best concise Eq: -6.5156u^2 + 5.8443u^3 + -9.5207( ^3 ( ^2 u))
70 generation repeat cross over 10 times and mutation 0 times
71 generation best_aic & best Eq: 4.751250133179207, ( ^3 ( ^2 u))+(ux d^2 x)+(((x / u) d x) d^2 x)
best concise Eq: -6.5156u^2 + 5.8443u^3 + -9.5207( ^3 ( ^2 u))
71 generation repeat cross over 13 times and mutation 0 times
72 generation best_aic & best Eq: 4.751250133179207, ( ^3 ( ^2 u))+(ux d^2 x)+(((x / u) d x) d^2 x)
best concise Eq: -6.5156u^2 + 5.8443u^3 + -9.5207( ^3 ( ^2 u))
72 generation repeat cross over 13 times and mutation 1 times
73 generation best_aic & best Eq: 4.751250133179207, ( ^3 ( ^2 u))+(ux d^2 x)+(((x / u) d x) d^2 x)
best concise Eq: -6.5156u^2 + 5.8443u^3 + -9.5207( ^3 ( ^2 u))
73 generation repeat cross over 10 times and mutation 0 times
74 generation best_aic & best Eq: 4.751250133179207, ( ^3 ( ^2 u))+(ux d^2 x)+(((x / u) d x) d^2 x)
best concise Eq: -6.5156u^2 + 5.8443u^3 + -9.5207( ^3 ( ^2 u))
74 generation repeat cross over 11 times and mutation 0 times
75 generation best_aic & best Eq: 4.751250133179207, ( ^3 ( ^2 u))+(ux d^2 x)+(((x / u) d x) d^2 x)
best concise Eq: -6.5156u^2 + 5.8443u^3 + -9.5207( ^3 ( ^2 u))
75 generation repeat cross over 6 times and mutation 2 times
76 generation best_aic & best Eq: 4.751250133179207, ( ^3 ( ^2 u))+(ux d^2 x)+(((x / u) d x) d^2 x)
best concise Eq: -6.5156u^2 + 5.8443u^3 + -9.5207( ^3 ( ^2 u))
76 generation repeat cross over 11 times and mutation 0 times
77 generation best_aic & best Eq: 4.751250133179207, ( ^3 ( ^2 u))+(ux d^2 x)+(((x / u) d x) d^2 x)
best concise Eq: -6.5156u^2 + 5.8443u^3 + -9.5207( ^3 ( ^2 u))
77 generation repeat cross over 10 times and mutation 0 times
78 generation best_aic & best Eq: 4.751250133179207, ( ^3 ( ^2 u))+(ux d^2 x)+(((x / u) d x) d^2 x)
best concise Eq: -6.5156u^2 + 5.8443u^3 + -9.5207( ^3 ( ^2 u))
78 generation repeat cross over 9 times and mutation 0 times
79 generation best_aic & best Eq: 4.751250133179207, ( ^3 ( ^2 u))+(ux d^2 x)+(((x / u) d x) d^2 x)
best concise Eq: -6.5156u^2 + 5.8443u^3 + -9.5207( ^3 ( ^2 u))
79 generation repeat cross over 13 times and mutation 2 times
80 generation best_aic & best Eq: 4.751250133179207, ( ^3 ( ^2 u))+(ux d^2 x)+(((x / u) d x) d^2 x)
best concise Eq: -6.5156u^2 + 5.8443u^3 + -9.5207( ^3 ( ^2 u))
80 generation repeat cross over 6 times and mutation 0 times
81 generation best_aic & best Eq: 4.751250133179207, ( ^3 ( ^2 u))+(ux d^2 x)+(((x / u) d x) d^2 x)
best concise Eq: -6.5156u^2 + 5.8443u^3 + -9.5207( ^3 ( ^2 u))
81 generation repeat cross over 14 times and mutation 0 times
82 generation best_aic & best Eq: 4.751250133179207, ( ^3 ( ^2 u))+(ux d^2 x)+(((x / u) d x) d^2 x)
best concise Eq: -6.5156u^2 + 5.8443u^3 + -9.5207( ^3 ( ^2 u))
82 generation repeat cross over 12 times and mutation 0 times
83 generation best_aic & best Eq: 4.751250133179207, ( ^3 ( ^2 u))+(ux d^2 x)+(((x / u) d x) d^2 x)
best concise Eq: -6.5156u^2 + 5.8443u^3 + -9.5207( ^3 ( ^2 u))
83 generation repeat cross over 5 times and mutation 0 times
84 generation best_aic & best Eq: 4.751250133179207, ( ^3 ( ^2 u))+(ux d^2 x)+(((x / u) d x) d^2 x)
best concise Eq: -6.5156u^2 + 5.8443u^3 + -9.5207( ^3 ( ^2 u))
84 generation repeat cross over 9 times and mutation 0 times
85 generation best_aic & best Eq: 4.751250133179207, ( ^3 ( ^2 u))+(ux d^2 x)+(((x / u) d x) d^2 x)
best concise Eq: -6.5156u^2 + 5.8443u^3 + -9.5207( ^3 ( ^2 u))
85 generation repeat cross over 10 times and mutation 0 times
86 generation best_aic & best Eq: 4.751250133179207, ( ^3 ( ^2 u))+(ux d^2 x)+(((x / u) d x) d^2 x)
best concise Eq: -6.5156u^2 + 5.8443u^3 + -9.5207( ^3 ( ^2 u))
86 generation repeat cross over 10 times and mutation 0 times
87 generation best_aic & best Eq: 4.751250133179207, ( ^3 ( ^2 u))+(ux d^2 x)+(((x / u) d x) d^2 x)
best concise Eq: -6.5156u^2 + 5.8443u^3 + -9.5207( ^3 ( ^2 u))
87 generation repeat cross over 13 times and mutation 0 times
88 generation best_aic & best Eq: 4.751250133179207, ( ^3 ( ^2 u))+(ux d^2 x)+(((x / u) d x) d^2 x)
best concise Eq: -6.5156u^2 + 5.8443u^3 + -9.5207( ^3 ( ^2 u))
88 generation repeat cross over 13 times and mutation 0 times
89 generation best_aic & best Eq: 4.751250133179207, ( ^3 ( ^2 u))+(ux d^2 x)+(((x / u) d x) d^2 x)
best concise Eq: -6.5156u^2 + 5.8443u^3 + -9.5207( ^3 ( ^2 u))
89 generation repeat cross over 12 times and mutation 1 times
90 generation best_aic & best Eq: 4.751250133179207, ( ^3 ( ^2 u))+(ux d^2 x)+(((x / u) d x) d^2 x)
best concise Eq: -6.5156u^2 + 5.8443u^3 + -9.5207( ^3 ( ^2 u))
90 generation repeat cross over 12 times and mutation 1 times
91 generation best_aic & best Eq: 4.751250133179207, ( ^3 ( ^2 u))+(ux d^2 x)+(((x / u) d x) d^2 x)
best concise Eq: -6.5156u^2 + 5.8443u^3 + -9.5207( ^3 ( ^2 u))
91 generation repeat cross over 10 times and mutation 0 times
92 generation best_aic & best Eq: 4.751250133179207, ( ^3 ( ^2 u))+(ux d^2 x)+(((x / u) d x) d^2 x)
best concise Eq: -6.5156u^2 + 5.8443u^3 + -9.5207( ^3 ( ^2 u))
92 generation repeat cross over 14 times and mutation 1 times
93 generation best_aic & best Eq: 4.751250133179207, ( ^3 ( ^2 u))+(ux d^2 x)+(((x / u) d x) d^2 x)
best concise Eq: -6.5156u^2 + 5.8443u^3 + -9.5207( ^3 ( ^2 u))
93 generation repeat cross over 11 times and mutation 1 times
94 generation best_aic & best Eq: 4.751250133179207, ( ^3 ( ^2 u))+(ux d^2 x)+(((x / u) d x) d^2 x)
best concise Eq: -6.5156u^2 + 5.8443u^3 + -9.5207( ^3 ( ^2 u))
94 generation repeat cross over 12 times and mutation 0 times
95 generation best_aic & best Eq: 4.751250133179207, ( ^3 ( ^2 u))+(ux d^2 x)+(((x / u) d x) d^2 x)
best concise Eq: -6.5156u^2 + 5.8443u^3 + -9.5207( ^3 ( ^2 u))
95 generation repeat cross over 10 times and mutation 0 times
96 generation best_aic & best Eq: 4.751250133179207, ( ^3 ( ^2 u))+(ux d^2 x)+(((x / u) d x) d^2 x)
best concise Eq: -6.5156u^2 + 5.8443u^3 + -9.5207( ^3 ( ^2 u))
96 generation repeat cross over 9 times and mutation 1 times
97 generation best_aic & best Eq: 4.751250133179207, ( ^3 ( ^2 u))+(ux d^2 x)+(((x / u) d x) d^2 x)
best concise Eq: -6.5156u^2 + 5.8443u^3 + -9.5207( ^3 ( ^2 u))
97 generation repeat cross over 8 times and mutation 0 times
98 generation best_aic & best Eq: 4.751250133179207, ( ^3 ( ^2 u))+(ux d^2 x)+(((x / u) d x) d^2 x)
best concise Eq: -6.5156u^2 + 5.8443u^3 + -9.5207( ^3 ( ^2 u))
98 generation repeat cross over 14 times and mutation 0 times
99 generation best_aic & best Eq: 4.751250133179207, ( ^3 ( ^2 u))+(ux d^2 x)+(((x / u) d x) d^2 x)
best concise Eq: -6.5156u^2 + 5.8443u^3 + -9.5207( ^3 ( ^2 u))
99 generation repeat cross over 13 times and mutation 1 times
100 generation best_aic & best Eq: 4.751250133179207, ( ^3 ( ^2 u))+(ux d^2 x)+(((x / u) d x) d^2 x)
best concise Eq: -6.5156u^2 + 5.8443u^3 + -9.5207( ^3 ( ^2 u))
100 generation repeat cross over 11 times and mutation 0 times
