sga_num =  20
sga_depth =  4
sga_width =  5
sga_p_var =  0.5
sga_p_mute =  0.3
sga_p_cro =  0.5
sga_run =  100
Creating the original pdes in the pool ...
Creating the ith pde, i= 0
a_pde.visualize(): ( ^2 (ux - x))+( ^2 u)+(( ^2 u) d x)+(u / 0)
evaluate_aic: 14.784910947302372
Creating the ith pde, i= 1
a_pde.visualize(): ((x - (x d x)) * ( ^3 (ux + ux)))+(( ^2 ( ^2 x)) d^2 x)+((ux d x) d x)+( ^2 (x + (u + x)))
evaluate_aic: 12.792533927858164
Creating the ith pde, i= 2
a_pde.visualize(): ( ^3 x)
evaluate_aic: 6.8027245019373686
Creating the ith pde, i= 3
a_pde.visualize(): ((( ^3 u) + (0 / 0)) / ux)+(ux * (u d^2 x))
evaluate_aic: 4.808057007961004
Creating the ith pde, i= 4
a_pde.visualize(): ( ^3 (ux d x))+( ^3 u)+(((x + 0) d x) / ((ux + u) d^2 x))+((u + x) d x)
evaluate_aic: 12.77855469887462
Creating the ith pde, i= 5
a_pde.visualize(): (x d^2 x)+(x * (( ^2 x) d x))
evaluate_aic: 6.802807742033715
Creating the ith pde, i= 6
a_pde.visualize(): ((ux d x) d^2 x)+( ^3 ((ux - x) d^2 x))
evaluate_aic: 4.808057007961004
Creating the ith pde, i= 7
a_pde.visualize(): ( ^3 (u / (ux + x)))+(x d^2 x)
evaluate_aic: 4.808057007961004
Creating the ith pde, i= 8
a_pde.visualize(): ( ^3 u)+( ^3 x)+( ^3 (u d^2 x))+(u d^2 x)+(u d^2 x)
evaluate_aic: 14.796957866940588
Creating the ith pde, i= 9
a_pde.visualize(): (x / ((0 + ux) / ux))+( ^2 u)+( ^3 (0 + u))+( ^2 x)
evaluate_aic: 18.791061682006482
Creating the ith pde, i= 10
a_pde.visualize(): ( ^2 ( ^2 ux))+(ux / (0 / 0))+( ^2 ((ux / ux) / 0))
evaluate_aic: 12.77860592612887
inf
inf
Creating the ith pde, i= 11
a_pde.visualize(): (u / ( ^3 0))+( ^3 x)+( ^2 (x d^2 x))+( ^2 ((u d x) / 0))
evaluate_aic: 16.779250995992037
Creating the ith pde, i= 12
a_pde.visualize(): (u d^2 x)+(( ^3 (u * ux)) d^2 x)+( ^2 ux)
evaluate_aic: 10.762686599922452
inf
Creating the ith pde, i= 13
a_pde.visualize(): ( ^2 ux)+( ^3 x)
evaluate_aic: 10.791013150297912
Creating the ith pde, i= 14
a_pde.visualize(): ((x - ( ^2 u)) d x)+((0 + ( ^2 u)) d x)+(ux d x)+( ^3 u)
evaluate_aic: 14.778611649027242
Creating the ith pde, i= 15
a_pde.visualize(): ((( ^3 x) + x) d^2 x)+( ^3 ux)
evaluate_aic: 6.799998958442063
Creating the ith pde, i= 16
a_pde.visualize(): (ux d x)+( ^3 (ux d^2 x))+(( ^2 u) d^2 x)
evaluate_aic: 9.143776446207374
Creating the ith pde, i= 17
a_pde.visualize(): ( ^2 ((0 - u) d x))+((0 - (u - 0)) d x)
evaluate_aic: 12.79556951968377
Creating the ith pde, i= 18
a_pde.visualize(): (u * u)
evaluate_aic: 6.808057007961004
Creating the ith pde, i= 19
a_pde.visualize(): ( ^2 (ux + (u * 0)))+(( ^3 (ux / u)) / ux)+(x * (u - (0 * 0)))
evaluate_aic: 16.775494750725947
1 generation best_aic & best Eq: 4.808057007961004, ((( ^3 u) + (0 / 0)) / ux)+(ux * (u d^2 x))
best concise Eq: -2.7824u + 8.7897u^2 + -14.2588u^3
1 generation repeat cross over 1 times and mutation 1 times
2 generation best_aic & best Eq: 4.808057007961004, ((( ^3 u) + (0 / 0)) / ux)+(ux * (u d^2 x))
best concise Eq: -2.7824u + 8.7897u^2 + -14.2588u^3
2 generation repeat cross over 7 times and mutation 0 times
3 generation best_aic & best Eq: 4.808057007961004, ((( ^3 u) + (0 / 0)) / ux)+(ux * (u d^2 x))
best concise Eq: -2.7824u + 8.7897u^2 + -14.2588u^3
3 generation repeat cross over 8 times and mutation 1 times
4 generation best_aic & best Eq: 4.808057007961004, ((( ^3 u) + (0 / 0)) / ux)+(ux * (u d^2 x))
best concise Eq: -2.7824u + 8.7897u^2 + -14.2588u^3
4 generation repeat cross over 8 times and mutation 0 times
5 generation best_aic & best Eq: 4.808057007961004, ((( ^3 u) + (0 / 0)) / ux)+(ux * (u d^2 x))
best concise Eq: -2.7824u + 8.7897u^2 + -14.2588u^3
5 generation repeat cross over 9 times and mutation 1 times
6 generation best_aic & best Eq: 4.808057007961004, ((( ^3 u) + (0 / 0)) / ux)+(ux * (u d^2 x))
best concise Eq: -2.7824u + 8.7897u^2 + -14.2588u^3
6 generation repeat cross over 16 times and mutation 1 times
7 generation best_aic & best Eq: 4.808057007961004, ((( ^3 u) + (0 / 0)) / ux)+(ux * (u d^2 x))
best concise Eq: -2.7824u + 8.7897u^2 + -14.2588u^3
7 generation repeat cross over 11 times and mutation 0 times
8 generation best_aic & best Eq: 4.808057007961004, ((( ^3 u) + (0 / 0)) / ux)+(ux * (u d^2 x))
best concise Eq: -2.7824u + 8.7897u^2 + -14.2588u^3
8 generation repeat cross over 8 times and mutation 0 times
9 generation best_aic & best Eq: 4.808057007961004, ((( ^3 u) + (0 / 0)) / ux)+(ux * (u d^2 x))
best concise Eq: -2.7824u + 8.7897u^2 + -14.2588u^3
9 generation repeat cross over 12 times and mutation 1 times
10 generation best_aic & best Eq: 4.808057007961004, ((( ^3 u) + (0 / 0)) / ux)+(ux * (u d^2 x))
best concise Eq: -2.7824u + 8.7897u^2 + -14.2588u^3
10 generation repeat cross over 7 times and mutation 0 times
11 generation best_aic & best Eq: 4.808057007961004, ((( ^3 u) + (0 / 0)) / ux)+(ux * (u d^2 x))
best concise Eq: -2.7824u + 8.7897u^2 + -14.2588u^3
11 generation repeat cross over 16 times and mutation 2 times
12 generation best_aic & best Eq: 4.808057007961004, ((( ^3 u) + (0 / 0)) / ux)+(ux * (u d^2 x))
best concise Eq: -2.7824u + 8.7897u^2 + -14.2588u^3
12 generation repeat cross over 12 times and mutation 1 times
13 generation best_aic & best Eq: 4.808057007961004, ((( ^3 u) + (0 / 0)) / ux)+(ux * (u d^2 x))
best concise Eq: -2.7824u + 8.7897u^2 + -14.2588u^3
13 generation repeat cross over 7 times and mutation 1 times
14 generation best_aic & best Eq: 4.808057007961004, ((( ^3 u) + (0 / 0)) / ux)+(ux * (u d^2 x))
best concise Eq: -2.7824u + 8.7897u^2 + -14.2588u^3
14 generation repeat cross over 7 times and mutation 1 times
15 generation best_aic & best Eq: 4.808057007961004, ((( ^3 u) + (0 / 0)) / ux)+(ux * (u d^2 x))
best concise Eq: -2.7824u + 8.7897u^2 + -14.2588u^3
15 generation repeat cross over 10 times and mutation 2 times
16 generation best_aic & best Eq: 4.808057007961004, ((( ^3 u) + (0 / 0)) / ux)+(ux * (u d^2 x))
best concise Eq: -2.7824u + 8.7897u^2 + -14.2588u^3
16 generation repeat cross over 16 times and mutation 3 times
17 generation best_aic & best Eq: 4.808057007961004, ((( ^3 u) + (0 / 0)) / ux)+(ux * (u d^2 x))
best concise Eq: -2.7824u + 8.7897u^2 + -14.2588u^3
17 generation repeat cross over 12 times and mutation 4 times
18 generation best_aic & best Eq: 4.808057007961004, ((( ^3 u) + (0 / 0)) / ux)+(ux * (u d^2 x))
best concise Eq: -2.7824u + 8.7897u^2 + -14.2588u^3
18 generation repeat cross over 16 times and mutation 0 times
19 generation best_aic & best Eq: 4.808057007961004, ((( ^3 u) + (0 / 0)) / ux)+(ux * (u d^2 x))
best concise Eq: -2.7824u + 8.7897u^2 + -14.2588u^3
19 generation repeat cross over 7 times and mutation 0 times
20 generation best_aic & best Eq: 4.808057007961004, ((( ^3 u) + (0 / 0)) / ux)+(ux * (u d^2 x))
best concise Eq: -2.7824u + 8.7897u^2 + -14.2588u^3
20 generation repeat cross over 11 times and mutation 2 times
21 generation best_aic & best Eq: 4.808057007961004, ((( ^3 u) + (0 / 0)) / ux)+(ux * (u d^2 x))
best concise Eq: -2.7824u + 8.7897u^2 + -14.2588u^3
21 generation repeat cross over 8 times and mutation 1 times
22 generation best_aic & best Eq: 4.808057007961004, ((( ^3 u) + (0 / 0)) / ux)+(ux * (u d^2 x))
best concise Eq: -2.7824u + 8.7897u^2 + -14.2588u^3
22 generation repeat cross over 16 times and mutation 5 times
23 generation best_aic & best Eq: 4.808057007961004, ((( ^3 u) + (0 / 0)) / ux)+(ux * (u d^2 x))
best concise Eq: -2.7824u + 8.7897u^2 + -14.2588u^3
23 generation repeat cross over 9 times and mutation 4 times
24 generation best_aic & best Eq: 4.808057007961004, ((( ^3 u) + (0 / 0)) / ux)+(ux * (u d^2 x))
best concise Eq: -2.7824u + 8.7897u^2 + -14.2588u^3
24 generation repeat cross over 9 times and mutation 0 times
25 generation best_aic & best Eq: 4.808057007961004, ((( ^3 u) + (0 / 0)) / ux)+(ux * (u d^2 x))
best concise Eq: -2.7824u + 8.7897u^2 + -14.2588u^3
25 generation repeat cross over 13 times and mutation 1 times
26 generation best_aic & best Eq: 4.808057007961004, ((( ^3 u) + (0 / 0)) / ux)+(ux * (u d^2 x))
best concise Eq: -2.7824u + 8.7897u^2 + -14.2588u^3
26 generation repeat cross over 10 times and mutation 1 times
27 generation best_aic & best Eq: 4.808057007961004, ((( ^3 u) + (0 / 0)) / ux)+(ux * (u d^2 x))
best concise Eq: -2.7824u + 8.7897u^2 + -14.2588u^3
27 generation repeat cross over 8 times and mutation 1 times
28 generation best_aic & best Eq: 4.808057007961004, ((( ^3 u) + (0 / 0)) / ux)+(ux * (u d^2 x))
best concise Eq: -2.7824u + 8.7897u^2 + -14.2588u^3
28 generation repeat cross over 14 times and mutation 1 times
29 generation best_aic & best Eq: 4.808057007961004, ((( ^3 u) + (0 / 0)) / ux)+(ux * (u d^2 x))
best concise Eq: -2.7824u + 8.7897u^2 + -14.2588u^3
29 generation repeat cross over 14 times and mutation 6 times
30 generation best_aic & best Eq: 4.808057007961004, ((( ^3 u) + (0 / 0)) / ux)+(ux * (u d^2 x))
best concise Eq: -2.7824u + 8.7897u^2 + -14.2588u^3
30 generation repeat cross over 12 times and mutation 2 times
31 generation best_aic & best Eq: 4.808057007961004, ((( ^3 u) + (0 / 0)) / ux)+(ux * (u d^2 x))
best concise Eq: -2.7824u + 8.7897u^2 + -14.2588u^3
31 generation repeat cross over 4 times and mutation 1 times
32 generation best_aic & best Eq: 4.808057007961004, ((( ^3 u) + (0 / 0)) / ux)+(ux * (u d^2 x))
best concise Eq: -2.7824u + 8.7897u^2 + -14.2588u^3
32 generation repeat cross over 8 times and mutation 1 times
33 generation best_aic & best Eq: 4.808057007961004, ((( ^3 u) + (0 / 0)) / ux)+(ux * (u d^2 x))
best concise Eq: -2.7824u + 8.7897u^2 + -14.2588u^3
33 generation repeat cross over 12 times and mutation 1 times
34 generation best_aic & best Eq: 4.808057007961004, ((( ^3 u) + (0 / 0)) / ux)+(ux * (u d^2 x))
best concise Eq: -2.7824u + 8.7897u^2 + -14.2588u^3
34 generation repeat cross over 6 times and mutation 1 times
35 generation best_aic & best Eq: 4.808057007961004, ((( ^3 u) + (0 / 0)) / ux)+(ux * (u d^2 x))
best concise Eq: -2.7824u + 8.7897u^2 + -14.2588u^3
35 generation repeat cross over 10 times and mutation 2 times
36 generation best_aic & best Eq: 4.808057007961004, ((( ^3 u) + (0 / 0)) / ux)+(ux * (u d^2 x))
best concise Eq: -2.7824u + 8.7897u^2 + -14.2588u^3
36 generation repeat cross over 9 times and mutation 0 times
37 generation best_aic & best Eq: 4.808057007961004, ((( ^3 u) + (0 / 0)) / ux)+(ux * (u d^2 x))
best concise Eq: -2.7824u + 8.7897u^2 + -14.2588u^3
37 generation repeat cross over 9 times and mutation 3 times
38 generation best_aic & best Eq: 4.808057007961004, ((( ^3 u) + (0 / 0)) / ux)+(ux * (u d^2 x))
best concise Eq: -2.7824u + 8.7897u^2 + -14.2588u^3
38 generation repeat cross over 7 times and mutation 3 times
39 generation best_aic & best Eq: 4.808057007961004, ((( ^3 u) + (0 / 0)) / ux)+(ux * (u d^2 x))
best concise Eq: -2.7824u + 8.7897u^2 + -14.2588u^3
39 generation repeat cross over 9 times and mutation 3 times
40 generation best_aic & best Eq: 4.808057007961004, ((( ^3 u) + (0 / 0)) / ux)+(ux * (u d^2 x))
best concise Eq: -2.7824u + 8.7897u^2 + -14.2588u^3
40 generation repeat cross over 11 times and mutation 3 times
41 generation best_aic & best Eq: 4.808057007961004, ((( ^3 u) + (0 / 0)) / ux)+(ux * (u d^2 x))
best concise Eq: -2.7824u + 8.7897u^2 + -14.2588u^3
41 generation repeat cross over 11 times and mutation 4 times
42 generation best_aic & best Eq: 4.808057007961004, ((( ^3 u) + (0 / 0)) / ux)+(ux * (u d^2 x))
best concise Eq: -2.7824u + 8.7897u^2 + -14.2588u^3
42 generation repeat cross over 14 times and mutation 1 times
43 generation best_aic & best Eq: 4.808057007961004, ((( ^3 u) + (0 / 0)) / ux)+(ux * (u d^2 x))
best concise Eq: -2.7824u + 8.7897u^2 + -14.2588u^3
43 generation repeat cross over 12 times and mutation 3 times
44 generation best_aic & best Eq: 4.808057007961004, ((( ^3 u) + (0 / 0)) / ux)+(ux * (u d^2 x))
best concise Eq: -2.7824u + 8.7897u^2 + -14.2588u^3
44 generation repeat cross over 11 times and mutation 2 times
45 generation best_aic & best Eq: 4.808057007961004, ((( ^3 u) + (0 / 0)) / ux)+(ux * (u d^2 x))
best concise Eq: -2.7824u + 8.7897u^2 + -14.2588u^3
45 generation repeat cross over 10 times and mutation 3 times
46 generation best_aic & best Eq: 4.751250133179207, ( ^2 x)+( ^3 (u * (0 - u)))
best concise Eq: -6.5156u^2 + 5.8443u^3 + 9.5207( ^3 (u * (0 - u)))
46 generation repeat cross over 10 times and mutation 0 times
47 generation best_aic & best Eq: 4.751250133179207, ( ^2 x)+( ^3 (u * (0 - u)))
best concise Eq: -6.5156u^2 + 5.8443u^3 + 9.5207( ^3 (u * (0 - u)))
47 generation repeat cross over 4 times and mutation 0 times
48 generation best_aic & best Eq: 4.751250133179207, ( ^2 x)+( ^3 (u * (0 - u)))
best concise Eq: -6.5156u^2 + 5.8443u^3 + 9.5207( ^3 (u * (0 - u)))
48 generation repeat cross over 8 times and mutation 2 times
49 generation best_aic & best Eq: 4.751250133179207, ( ^2 x)+( ^3 (u * (0 - u)))
best concise Eq: -6.5156u^2 + 5.8443u^3 + 9.5207( ^3 (u * (0 - u)))
49 generation repeat cross over 9 times and mutation 2 times
50 generation best_aic & best Eq: 4.751250133179207, ( ^2 x)+( ^3 (u * (0 - u)))
best concise Eq: -6.5156u^2 + 5.8443u^3 + 9.5207( ^3 (u * (0 - u)))
50 generation repeat cross over 10 times and mutation 1 times
51 generation best_aic & best Eq: 4.751250133179207, ( ^2 x)+( ^3 (u * (0 - u)))
best concise Eq: -6.5156u^2 + 5.8443u^3 + 9.5207( ^3 (u * (0 - u)))
51 generation repeat cross over 6 times and mutation 1 times
52 generation best_aic & best Eq: 4.751250133179207, ( ^2 x)+( ^3 (u * (0 - u)))
best concise Eq: -6.5156u^2 + 5.8443u^3 + 9.5207( ^3 (u * (0 - u)))
52 generation repeat cross over 12 times and mutation 2 times
53 generation best_aic & best Eq: 4.751250133179207, ( ^2 x)+( ^3 (u * (0 - u)))
best concise Eq: -6.5156u^2 + 5.8443u^3 + 9.5207( ^3 (u * (0 - u)))
53 generation repeat cross over 12 times and mutation 2 times
54 generation best_aic & best Eq: 4.751250133179207, ( ^2 x)+( ^3 (u * (0 - u)))
best concise Eq: -6.5156u^2 + 5.8443u^3 + 9.5207( ^3 (u * (0 - u)))
54 generation repeat cross over 14 times and mutation 3 times
55 generation best_aic & best Eq: 4.751250133179207, ( ^2 x)+( ^3 (u * (0 - u)))
best concise Eq: -6.5156u^2 + 5.8443u^3 + 9.5207( ^3 (u * (0 - u)))
55 generation repeat cross over 12 times and mutation 4 times
56 generation best_aic & best Eq: 4.751250133179207, ( ^2 x)+( ^3 (u * (0 - u)))
best concise Eq: -6.5156u^2 + 5.8443u^3 + 9.5207( ^3 (u * (0 - u)))
56 generation repeat cross over 9 times and mutation 1 times
57 generation best_aic & best Eq: 4.751250133179207, ( ^2 x)+( ^3 (u * (0 - u)))
best concise Eq: -6.5156u^2 + 5.8443u^3 + 9.5207( ^3 (u * (0 - u)))
57 generation repeat cross over 12 times and mutation 0 times
58 generation best_aic & best Eq: 4.751250133179207, ( ^2 x)+( ^3 (u * (0 - u)))
best concise Eq: -6.5156u^2 + 5.8443u^3 + 9.5207( ^3 (u * (0 - u)))
58 generation repeat cross over 18 times and mutation 0 times
59 generation best_aic & best Eq: 4.751250133179207, ( ^2 x)+( ^3 (u * (0 - u)))
best concise Eq: -6.5156u^2 + 5.8443u^3 + 9.5207( ^3 (u * (0 - u)))
59 generation repeat cross over 12 times and mutation 0 times
60 generation best_aic & best Eq: 4.751250133179207, ( ^2 x)+( ^3 (u * (0 - u)))
best concise Eq: -6.5156u^2 + 5.8443u^3 + 9.5207( ^3 (u * (0 - u)))
60 generation repeat cross over 12 times and mutation 4 times
61 generation best_aic & best Eq: 4.751250133179207, ( ^2 x)+( ^3 (u * (0 - u)))
best concise Eq: -6.5156u^2 + 5.8443u^3 + 9.5207( ^3 (u * (0 - u)))
61 generation repeat cross over 14 times and mutation 0 times
62 generation best_aic & best Eq: 4.751250133179207, ( ^2 x)+( ^3 (u * (0 - u)))
best concise Eq: -6.5156u^2 + 5.8443u^3 + 9.5207( ^3 (u * (0 - u)))
62 generation repeat cross over 15 times and mutation 1 times
63 generation best_aic & best Eq: 4.751250133179207, ( ^2 x)+( ^3 (u * (0 - u)))
best concise Eq: -6.5156u^2 + 5.8443u^3 + 9.5207( ^3 (u * (0 - u)))
63 generation repeat cross over 15 times and mutation 3 times
64 generation best_aic & best Eq: 4.751250133179207, ( ^2 x)+( ^3 (u * (0 - u)))
best concise Eq: -6.5156u^2 + 5.8443u^3 + 9.5207( ^3 (u * (0 - u)))
64 generation repeat cross over 16 times and mutation 1 times
65 generation best_aic & best Eq: 4.751250133179207, ( ^2 x)+( ^3 (u * (0 - u)))
best concise Eq: -6.5156u^2 + 5.8443u^3 + 9.5207( ^3 (u * (0 - u)))
65 generation repeat cross over 16 times and mutation 0 times
66 generation best_aic & best Eq: 4.751250133179207, ( ^2 x)+( ^3 (u * (0 - u)))
best concise Eq: -6.5156u^2 + 5.8443u^3 + 9.5207( ^3 (u * (0 - u)))
66 generation repeat cross over 18 times and mutation 2 times
67 generation best_aic & best Eq: 4.751250133179207, ( ^2 x)+( ^3 (u * (0 - u)))
best concise Eq: -6.5156u^2 + 5.8443u^3 + 9.5207( ^3 (u * (0 - u)))
67 generation repeat cross over 17 times and mutation 0 times
68 generation best_aic & best Eq: 4.751250133179207, ( ^2 x)+( ^3 (u * (0 - u)))
best concise Eq: -6.5156u^2 + 5.8443u^3 + 9.5207( ^3 (u * (0 - u)))
68 generation repeat cross over 16 times and mutation 3 times
69 generation best_aic & best Eq: 4.751250133179207, ( ^2 x)+( ^3 (u * (0 - u)))
best concise Eq: -6.5156u^2 + 5.8443u^3 + 9.5207( ^3 (u * (0 - u)))
69 generation repeat cross over 18 times and mutation 1 times
70 generation best_aic & best Eq: 4.751250133179207, ( ^2 x)+( ^3 (u * (0 - u)))
best concise Eq: -6.5156u^2 + 5.8443u^3 + 9.5207( ^3 (u * (0 - u)))
70 generation repeat cross over 16 times and mutation 2 times
71 generation best_aic & best Eq: 4.751250133179207, ( ^2 x)+( ^3 (u * (0 - u)))
best concise Eq: -6.5156u^2 + 5.8443u^3 + 9.5207( ^3 (u * (0 - u)))
71 generation repeat cross over 18 times and mutation 1 times
72 generation best_aic & best Eq: 4.751250133179207, ( ^2 x)+( ^3 (u * (0 - u)))
best concise Eq: -6.5156u^2 + 5.8443u^3 + 9.5207( ^3 (u * (0 - u)))
72 generation repeat cross over 17 times and mutation 2 times
73 generation best_aic & best Eq: 4.751250133179207, ( ^2 x)+( ^3 (u * (0 - u)))
best concise Eq: -6.5156u^2 + 5.8443u^3 + 9.5207( ^3 (u * (0 - u)))
73 generation repeat cross over 14 times and mutation 1 times
74 generation best_aic & best Eq: 4.751250133179207, ( ^2 x)+( ^3 (u * (0 - u)))
best concise Eq: -6.5156u^2 + 5.8443u^3 + 9.5207( ^3 (u * (0 - u)))
74 generation repeat cross over 18 times and mutation 0 times
75 generation best_aic & best Eq: 4.751250133179207, ( ^2 x)+( ^3 (u * (0 - u)))
best concise Eq: -6.5156u^2 + 5.8443u^3 + 9.5207( ^3 (u * (0 - u)))
75 generation repeat cross over 18 times and mutation 2 times
76 generation best_aic & best Eq: 4.751250133179207, ( ^2 x)+( ^3 (u * (0 - u)))
best concise Eq: -6.5156u^2 + 5.8443u^3 + 9.5207( ^3 (u * (0 - u)))
76 generation repeat cross over 20 times and mutation 2 times
77 generation best_aic & best Eq: 4.751250133179207, ( ^2 x)+( ^3 (u * (0 - u)))
best concise Eq: -6.5156u^2 + 5.8443u^3 + 9.5207( ^3 (u * (0 - u)))
77 generation repeat cross over 18 times and mutation 1 times
78 generation best_aic & best Eq: 4.751250133179207, ( ^2 x)+( ^3 (u * (0 - u)))
best concise Eq: -6.5156u^2 + 5.8443u^3 + 9.5207( ^3 (u * (0 - u)))
78 generation repeat cross over 18 times and mutation 4 times
79 generation best_aic & best Eq: 4.751250133179207, ( ^2 x)+( ^3 (u * (0 - u)))
best concise Eq: -6.5156u^2 + 5.8443u^3 + 9.5207( ^3 (u * (0 - u)))
79 generation repeat cross over 19 times and mutation 0 times
80 generation best_aic & best Eq: 4.751250133179207, ( ^2 x)+( ^3 (u * (0 - u)))
best concise Eq: -6.5156u^2 + 5.8443u^3 + 9.5207( ^3 (u * (0 - u)))
80 generation repeat cross over 20 times and mutation 1 times
81 generation best_aic & best Eq: 4.751250133179207, ( ^2 x)+( ^3 (u * (0 - u)))
best concise Eq: -6.5156u^2 + 5.8443u^3 + 9.5207( ^3 (u * (0 - u)))
81 generation repeat cross over 20 times and mutation 2 times
82 generation best_aic & best Eq: 4.751250133179207, ( ^2 x)+( ^3 (u * (0 - u)))
best concise Eq: -6.5156u^2 + 5.8443u^3 + 9.5207( ^3 (u * (0 - u)))
82 generation repeat cross over 20 times and mutation 3 times
83 generation best_aic & best Eq: 4.751250133179207, ( ^2 x)+( ^3 (u * (0 - u)))
best concise Eq: -6.5156u^2 + 5.8443u^3 + 9.5207( ^3 (u * (0 - u)))
83 generation repeat cross over 19 times and mutation 3 times
84 generation best_aic & best Eq: 4.751250133179207, ( ^2 x)+( ^3 (u * (0 - u)))
best concise Eq: -6.5156u^2 + 5.8443u^3 + 9.5207( ^3 (u * (0 - u)))
84 generation repeat cross over 20 times and mutation 2 times
85 generation best_aic & best Eq: 4.751250133179207, ( ^2 x)+( ^3 (u * (0 - u)))
best concise Eq: -6.5156u^2 + 5.8443u^3 + 9.5207( ^3 (u * (0 - u)))
85 generation repeat cross over 20 times and mutation 3 times
86 generation best_aic & best Eq: 4.751250133179207, ( ^2 x)+( ^3 (u * (0 - u)))
best concise Eq: -6.5156u^2 + 5.8443u^3 + 9.5207( ^3 (u * (0 - u)))
86 generation repeat cross over 20 times and mutation 4 times
87 generation best_aic & best Eq: 4.751250133179207, ( ^2 x)+( ^3 (u * (0 - u)))
best concise Eq: -6.5156u^2 + 5.8443u^3 + 9.5207( ^3 (u * (0 - u)))
87 generation repeat cross over 19 times and mutation 4 times
88 generation best_aic & best Eq: 4.751250133179207, ( ^2 x)+( ^3 (u * (0 - u)))
best concise Eq: -6.5156u^2 + 5.8443u^3 + 9.5207( ^3 (u * (0 - u)))
88 generation repeat cross over 20 times and mutation 3 times
89 generation best_aic & best Eq: 4.751250133179207, ( ^2 x)+( ^3 (u * (0 - u)))
best concise Eq: -6.5156u^2 + 5.8443u^3 + 9.5207( ^3 (u * (0 - u)))
89 generation repeat cross over 19 times and mutation 1 times
90 generation best_aic & best Eq: 4.751250133179207, ( ^2 x)+( ^3 (u * (0 - u)))
best concise Eq: -6.5156u^2 + 5.8443u^3 + 9.5207( ^3 (u * (0 - u)))
90 generation repeat cross over 20 times and mutation 1 times
91 generation best_aic & best Eq: 4.751250133179207, ( ^2 x)+( ^3 (u * (0 - u)))
best concise Eq: -6.5156u^2 + 5.8443u^3 + 9.5207( ^3 (u * (0 - u)))
91 generation repeat cross over 20 times and mutation 5 times
92 generation best_aic & best Eq: 4.751250133179207, ( ^2 x)+( ^3 (u * (0 - u)))
best concise Eq: -6.5156u^2 + 5.8443u^3 + 9.5207( ^3 (u * (0 - u)))
92 generation repeat cross over 20 times and mutation 1 times
93 generation best_aic & best Eq: 4.751250133179207, ( ^2 x)+( ^3 (u * (0 - u)))
best concise Eq: -6.5156u^2 + 5.8443u^3 + 9.5207( ^3 (u * (0 - u)))
93 generation repeat cross over 20 times and mutation 2 times
94 generation best_aic & best Eq: 4.751250133179207, ( ^2 x)+( ^3 (u * (0 - u)))
best concise Eq: -6.5156u^2 + 5.8443u^3 + 9.5207( ^3 (u * (0 - u)))
94 generation repeat cross over 20 times and mutation 1 times
95 generation best_aic & best Eq: 4.751250133179207, ( ^2 x)+( ^3 (u * (0 - u)))
best concise Eq: -6.5156u^2 + 5.8443u^3 + 9.5207( ^3 (u * (0 - u)))
95 generation repeat cross over 20 times and mutation 0 times
96 generation best_aic & best Eq: 4.751250133179207, ( ^2 x)+( ^3 (u * (0 - u)))
best concise Eq: -6.5156u^2 + 5.8443u^3 + 9.5207( ^3 (u * (0 - u)))
96 generation repeat cross over 20 times and mutation 2 times
97 generation best_aic & best Eq: 4.751250133179207, ( ^2 x)+( ^3 (u * (0 - u)))
best concise Eq: -6.5156u^2 + 5.8443u^3 + 9.5207( ^3 (u * (0 - u)))
97 generation repeat cross over 19 times and mutation 2 times
98 generation best_aic & best Eq: 4.751250133179207, ( ^2 x)+( ^3 (u * (0 - u)))
best concise Eq: -6.5156u^2 + 5.8443u^3 + 9.5207( ^3 (u * (0 - u)))
98 generation repeat cross over 20 times and mutation 0 times
99 generation best_aic & best Eq: 4.751250133179207, ( ^2 x)+( ^3 (u * (0 - u)))
best concise Eq: -6.5156u^2 + 5.8443u^3 + 9.5207( ^3 (u * (0 - u)))
99 generation repeat cross over 20 times and mutation 2 times
100 generation best_aic & best Eq: 4.751250133179207, ( ^2 x)+( ^3 (u * (0 - u)))
best concise Eq: -6.5156u^2 + 5.8443u^3 + 9.5207( ^3 (u * (0 - u)))
100 generation repeat cross over 20 times and mutation 0 times
