current_time:  2024-08-21_14-54-45
sga_num =  20
sga_depth =  4
sga_width =  5
sga_p_var =  0.5
sga_p_rep =  1
sga_p_mute =  0.3
sga_p_cro =  0.5
sga_run =  100
Creating the original pdes in the pool ...
Creating the ith pde, i= 0
a_pde.visualize(): ( ^3 ((uxx - u) / (u * uxx)))+(u d^2 x)+((uxx d^2 x) d x)+(u^2 / ( ^3 (u / x)))+(((0 - uxx) / ( ^3 ux)) / u)
evaluate_aic: 8.800439001422957
Creating the ith pde, i= 1
a_pde.visualize(): (u^2 * u)+( ^2 uxx)+(u d x)
evaluate_aic: 14.801928235905187
Creating the ith pde, i= 2
a_pde.visualize(): (x d x)
evaluate_aic: 8.778548018748609
Creating the ith pde, i= 3
a_pde.visualize(): ( ^2 ( ^3 ux))+( ^2 (uxx + u^2))+( ^3 ((u / x) - u^2))+(((u^2 * x) + (u + 0)) d^2 x)
evaluate_aic: 18.722098531697252
Creating the ith pde, i= 4
a_pde.visualize(): (ux / 0)+(((u * ux) / (0 - ux)) / ((u d x) / (u / u)))+(ux / u)
evaluate_aic: 8.808057237402817
Creating the ith pde, i= 5
a_pde.visualize(): ( ^3 ( ^2 (u d^2 x)))
evaluate_aic: 4.808057007961004
Creating the ith pde, i= 6
a_pde.visualize(): ((uxx + (x + u^2)) * ((ux d^2 x) + u^2))
evaluate_aic: 4.808057007961004
Creating the ith pde, i= 7
a_pde.visualize(): ((( ^2 uxx) d^2 x) * ((ux / ux) + (x + u^2)))
evaluate_aic: 4.808057007961004
Creating the ith pde, i= 8
a_pde.visualize(): ((u^2 * ( ^3 u^2)) * ( ^3 u))
evaluate_aic: 6.761465073234683
Creating the ith pde, i= 9
a_pde.visualize(): (ux / ux)
evaluate_aic: 8.778548018748609
Creating the ith pde, i= 10
a_pde.visualize(): (uxx * ((ux d x) / (ux * x)))+( ^3 (ux d x))+(x / (0 / ( ^3 x)))+(u^2 d^2 x)
evaluate_aic: 12.444757344244417
Creating the ith pde, i= 11
a_pde.visualize(): ( ^2 u)+(uxx d x)
evaluate_aic: 10.80805686727438
Creating the ith pde, i= 12
a_pde.visualize(): (u^2 / ( ^2 (x - u)))
evaluate_aic: 4.808057007961004
Creating the ith pde, i= 13
a_pde.visualize(): (uxx * x)+(((u^2 * uxx) / (uxx d x)) / (u^2 d^2 x))+( ^3 ux)+( ^3 ux)
evaluate_aic: 8.808057007390325
Creating the ith pde, i= 14
a_pde.visualize(): ((u^2 / (x - 0)) d^2 x)+((u d x) * (u - (ux / u)))
evaluate_aic: 13.629182046787713
Creating the ith pde, i= 15
a_pde.visualize(): (u / ( ^3 0))
evaluate_aic: 6.808056870420808
Creating the ith pde, i= 16
a_pde.visualize(): (((uxx * 0) + (uxx d x)) * uxx)+(( ^3 (u^2 + ux)) / u^2)
evaluate_aic: 4.808057007961004
Creating the ith pde, i= 17
a_pde.visualize(): ( ^2 (x * (x / 0)))+( ^3 u^2)+(uxx d^2 x)
evaluate_aic: 4.751250133179207
Creating the ith pde, i= 18
a_pde.visualize(): ( ^2 u)+( ^3 ((ux + x) + u))
evaluate_aic: 6.808057007961004
Creating the ith pde, i= 19
a_pde.visualize(): (u d x)+(( ^3 x) * ((x d^2 x) d x))+((( ^3 u) / x) / ux)+(x / u)+(x / uxx)
evaluate_aic: 8.808057170522076
1 generation best_aic & best Eq: 4.751250133179207, ( ^2 (x * (x / 0)))+( ^3 u^2)+(uxx d^2 x)
best concise Eq: -6.5156u^2 + 5.8443u^3 + -9.5207( ^3 u^2)
1 generation repeat cross over 2 times and mutation 0 times
2 generation best_aic & best Eq: 4.751250133179207, ( ^2 (x * (x / 0)))+( ^3 u^2)+(uxx d^2 x)
best concise Eq: -6.5156u^2 + 5.8443u^3 + -9.5207( ^3 u^2)
2 generation repeat cross over 7 times and mutation 1 times
3 generation best_aic & best Eq: 4.751250133179207, ( ^2 (x * (x / 0)))+( ^3 u^2)+(uxx d^2 x)
best concise Eq: -6.5156u^2 + 5.8443u^3 + -9.5207( ^3 u^2)
3 generation repeat cross over 6 times and mutation 0 times
4 generation best_aic & best Eq: 4.751250133179207, ( ^2 (x * (x / 0)))+( ^3 u^2)+(uxx d^2 x)
best concise Eq: -6.5156u^2 + 5.8443u^3 + -9.5207( ^3 u^2)
4 generation repeat cross over 13 times and mutation 0 times
5 generation best_aic & best Eq: 4.751250133179207, ( ^2 (x * (x / 0)))+( ^3 u^2)+(uxx d^2 x)
best concise Eq: -6.5156u^2 + 5.8443u^3 + -9.5207( ^3 u^2)
5 generation repeat cross over 10 times and mutation 1 times
6 generation best_aic & best Eq: 4.751250133179207, ( ^2 (x * (x / 0)))+( ^3 u^2)+(uxx d^2 x)
best concise Eq: -6.5156u^2 + 5.8443u^3 + -9.5207( ^3 u^2)
6 generation repeat cross over 10 times and mutation 0 times
7 generation best_aic & best Eq: 4.751250133179207, ( ^2 (x * (x / 0)))+( ^3 u^2)+(uxx d^2 x)
best concise Eq: -6.5156u^2 + 5.8443u^3 + -9.5207( ^3 u^2)
7 generation repeat cross over 11 times and mutation 2 times
8 generation best_aic & best Eq: 4.751250133179207, ( ^2 (x * (x / 0)))+( ^3 u^2)+(uxx d^2 x)
best concise Eq: -6.5156u^2 + 5.8443u^3 + -9.5207( ^3 u^2)
8 generation repeat cross over 13 times and mutation 1 times
9 generation best_aic & best Eq: 4.751250133179207, ( ^2 (x * (x / 0)))+( ^3 u^2)+(uxx d^2 x)
best concise Eq: -6.5156u^2 + 5.8443u^3 + -9.5207( ^3 u^2)
9 generation repeat cross over 13 times and mutation 1 times
10 generation best_aic & best Eq: 4.751250133179207, ( ^2 (x * (x / 0)))+( ^3 u^2)+(uxx d^2 x)
best concise Eq: -6.5156u^2 + 5.8443u^3 + -9.5207( ^3 u^2)
10 generation repeat cross over 13 times and mutation 0 times
11 generation best_aic & best Eq: 4.751250133179207, ( ^2 (x * (x / 0)))+( ^3 u^2)+(uxx d^2 x)
best concise Eq: -6.5156u^2 + 5.8443u^3 + -9.5207( ^3 u^2)
11 generation repeat cross over 15 times and mutation 0 times
12 generation best_aic & best Eq: 4.751250133179207, ( ^2 (x * (x / 0)))+( ^3 u^2)+(uxx d^2 x)
best concise Eq: -6.5156u^2 + 5.8443u^3 + -9.5207( ^3 u^2)
12 generation repeat cross over 14 times and mutation 0 times
13 generation best_aic & best Eq: 4.751250133179207, ( ^2 (x * (x / 0)))+( ^3 u^2)+(uxx d^2 x)
best concise Eq: -6.5156u^2 + 5.8443u^3 + -9.5207( ^3 u^2)
13 generation repeat cross over 13 times and mutation 2 times
14 generation best_aic & best Eq: 4.751250133179207, ( ^2 (x * (x / 0)))+( ^3 u^2)+(uxx d^2 x)
best concise Eq: -6.5156u^2 + 5.8443u^3 + -9.5207( ^3 u^2)
14 generation repeat cross over 15 times and mutation 1 times
15 generation best_aic & best Eq: 4.751250133179207, ( ^2 (x * (x / 0)))+( ^3 u^2)+(uxx d^2 x)
best concise Eq: -6.5156u^2 + 5.8443u^3 + -9.5207( ^3 u^2)
15 generation repeat cross over 10 times and mutation 1 times
16 generation best_aic & best Eq: 4.751250133179207, ( ^2 (x * (x / 0)))+( ^3 u^2)+(uxx d^2 x)
best concise Eq: -6.5156u^2 + 5.8443u^3 + -9.5207( ^3 u^2)
16 generation repeat cross over 9 times and mutation 0 times
17 generation best_aic & best Eq: 4.751250133179207, ( ^2 (x * (x / 0)))+( ^3 u^2)+(uxx d^2 x)
best concise Eq: -6.5156u^2 + 5.8443u^3 + -9.5207( ^3 u^2)
17 generation repeat cross over 11 times and mutation 1 times
18 generation best_aic & best Eq: 4.751250133179207, ( ^2 (x * (x / 0)))+( ^3 u^2)+(uxx d^2 x)
best concise Eq: -6.5156u^2 + 5.8443u^3 + -9.5207( ^3 u^2)
18 generation repeat cross over 12 times and mutation 0 times
19 generation best_aic & best Eq: 4.751250133179207, ( ^2 (x * (x / 0)))+( ^3 u^2)+(uxx d^2 x)
best concise Eq: -6.5156u^2 + 5.8443u^3 + -9.5207( ^3 u^2)
19 generation repeat cross over 12 times and mutation 0 times
20 generation best_aic & best Eq: 4.751250133179207, ( ^2 (x * (x / 0)))+( ^3 u^2)+(uxx d^2 x)
best concise Eq: -6.5156u^2 + 5.8443u^3 + -9.5207( ^3 u^2)
20 generation repeat cross over 11 times and mutation 0 times
21 generation best_aic & best Eq: 4.751250133179207, ( ^2 (x * (x / 0)))+( ^3 u^2)+(uxx d^2 x)
best concise Eq: -6.5156u^2 + 5.8443u^3 + -9.5207( ^3 u^2)
21 generation repeat cross over 11 times and mutation 0 times
22 generation best_aic & best Eq: 4.751250133179207, ( ^2 (x * (x / 0)))+( ^3 u^2)+(uxx d^2 x)
best concise Eq: -6.5156u^2 + 5.8443u^3 + -9.5207( ^3 u^2)
22 generation repeat cross over 11 times and mutation 0 times
23 generation best_aic & best Eq: 4.751250133179207, ( ^2 (x * (x / 0)))+( ^3 u^2)+(uxx d^2 x)
best concise Eq: -6.5156u^2 + 5.8443u^3 + -9.5207( ^3 u^2)
23 generation repeat cross over 9 times and mutation 0 times
24 generation best_aic & best Eq: 4.751250133179207, ( ^2 (x * (x / 0)))+( ^3 u^2)+(uxx d^2 x)
best concise Eq: -6.5156u^2 + 5.8443u^3 + -9.5207( ^3 u^2)
24 generation repeat cross over 15 times and mutation 0 times
25 generation best_aic & best Eq: 4.751250133179207, ( ^2 (x * (x / 0)))+( ^3 u^2)+(uxx d^2 x)
best concise Eq: -6.5156u^2 + 5.8443u^3 + -9.5207( ^3 u^2)
25 generation repeat cross over 12 times and mutation 2 times
26 generation best_aic & best Eq: 4.751250133179207, ( ^2 (x * (x / 0)))+( ^3 u^2)+(uxx d^2 x)
best concise Eq: -6.5156u^2 + 5.8443u^3 + -9.5207( ^3 u^2)
26 generation repeat cross over 12 times and mutation 0 times
27 generation best_aic & best Eq: 4.751250133179207, ( ^2 (x * (x / 0)))+( ^3 u^2)+(uxx d^2 x)
best concise Eq: -6.5156u^2 + 5.8443u^3 + -9.5207( ^3 u^2)
27 generation repeat cross over 11 times and mutation 0 times
28 generation best_aic & best Eq: 4.751250133179207, ( ^2 (x * (x / 0)))+( ^3 u^2)+(uxx d^2 x)
best concise Eq: -6.5156u^2 + 5.8443u^3 + -9.5207( ^3 u^2)
28 generation repeat cross over 12 times and mutation 0 times
29 generation best_aic & best Eq: 4.751250133179207, ( ^2 (x * (x / 0)))+( ^3 u^2)+(uxx d^2 x)
best concise Eq: -6.5156u^2 + 5.8443u^3 + -9.5207( ^3 u^2)
29 generation repeat cross over 13 times and mutation 1 times
30 generation best_aic & best Eq: 4.751250133179207, ( ^2 (x * (x / 0)))+( ^3 u^2)+(uxx d^2 x)
best concise Eq: -6.5156u^2 + 5.8443u^3 + -9.5207( ^3 u^2)
30 generation repeat cross over 5 times and mutation 0 times
31 generation best_aic & best Eq: 4.751250133179207, ( ^2 (x * (x / 0)))+( ^3 u^2)+(uxx d^2 x)
best concise Eq: -6.5156u^2 + 5.8443u^3 + -9.5207( ^3 u^2)
31 generation repeat cross over 9 times and mutation 1 times
32 generation best_aic & best Eq: 4.751250133179207, ( ^2 (x * (x / 0)))+( ^3 u^2)+(uxx d^2 x)
best concise Eq: -6.5156u^2 + 5.8443u^3 + -9.5207( ^3 u^2)
32 generation repeat cross over 9 times and mutation 3 times
33 generation best_aic & best Eq: 4.751250133179207, ( ^2 (x * (x / 0)))+( ^3 u^2)+(uxx d^2 x)
best concise Eq: -6.5156u^2 + 5.8443u^3 + -9.5207( ^3 u^2)
33 generation repeat cross over 10 times and mutation 3 times
34 generation best_aic & best Eq: 4.751250133179207, ( ^2 (x * (x / 0)))+( ^3 u^2)+(uxx d^2 x)
best concise Eq: -6.5156u^2 + 5.8443u^3 + -9.5207( ^3 u^2)
34 generation repeat cross over 11 times and mutation 2 times
35 generation best_aic & best Eq: 4.751250133179207, ( ^2 (x * (x / 0)))+( ^3 u^2)+(uxx d^2 x)
best concise Eq: -6.5156u^2 + 5.8443u^3 + -9.5207( ^3 u^2)
35 generation repeat cross over 11 times and mutation 0 times
36 generation best_aic & best Eq: -0.5555926318820514, ( ^2 uxx)+( ^3 ux)+(u^2 d^2 x)
best concise Eq: -0.5031u^3 + 0.4677(u^2 d^2 x)
We are close to the answer, pay attention
36 generation repeat cross over 11 times and mutation 0 times
37 generation best_aic & best Eq: -2.461572155285295, ( ^2 uxx)+( ^2 (x * (x / 0)))+(u^2 d^2 x)
best concise Eq: 0.4903(u^2 d^2 x)
We are close to the answer, pay attention
37 generation repeat cross over 5 times and mutation 1 times
38 generation best_aic & best Eq: -2.461572155285295, ( ^2 uxx)+( ^2 (x * (x / 0)))+(u^2 d^2 x)
best concise Eq: 0.4903(u^2 d^2 x)
We are close to the answer, pay attention
38 generation repeat cross over 5 times and mutation 1 times
39 generation best_aic & best Eq: -2.461572155285295, ( ^2 uxx)+( ^2 (x * (x / 0)))+(u^2 d^2 x)
best concise Eq: 0.4903(u^2 d^2 x)
We are close to the answer, pay attention
39 generation repeat cross over 9 times and mutation 0 times
40 generation best_aic & best Eq: -2.4615721553148076, ( ^2 uxx)+( ^2 (x * (x / 0)))+((uxx - (uxx - u^2)) d^2 x)
best concise Eq: 0.4903((uxx - (uxx - u^2)) d^2 x)
We are close to the answer, pay attention
40 generation repeat cross over 8 times and mutation 0 times
41 generation best_aic & best Eq: -2.4615721553148076, ( ^2 uxx)+( ^2 (x * (x / 0)))+((uxx - (uxx - u^2)) d^2 x)
best concise Eq: 0.4903((uxx - (uxx - u^2)) d^2 x)
We are close to the answer, pay attention
41 generation repeat cross over 11 times and mutation 0 times
42 generation best_aic & best Eq: -2.461778609765757, ( ^3 x)+( ^2 (uxx + (x / uxx)))+((uxx - (uxx - u^2)) d^2 x)
best concise Eq: 0.4903((uxx - (uxx - u^2)) d^2 x)
We are close to the answer, pay attention
42 generation repeat cross over 13 times and mutation 0 times
43 generation best_aic & best Eq: -2.461778609765757, ( ^3 x)+( ^2 (uxx + (x / uxx)))+((uxx - (uxx - u^2)) d^2 x)
best concise Eq: 0.4903((uxx - (uxx - u^2)) d^2 x)
We are close to the answer, pay attention
43 generation repeat cross over 12 times and mutation 0 times
44 generation best_aic & best Eq: -2.461778609765757, ( ^3 x)+( ^2 (uxx + (x / uxx)))+((uxx - (uxx - u^2)) d^2 x)
best concise Eq: 0.4903((uxx - (uxx - u^2)) d^2 x)
We are close to the answer, pay attention
44 generation repeat cross over 14 times and mutation 0 times
45 generation best_aic & best Eq: -2.461778609765757, ( ^3 x)+( ^2 (uxx + (x / uxx)))+((uxx - (uxx - u^2)) d^2 x)
best concise Eq: 0.4903((uxx - (uxx - u^2)) d^2 x)
We are close to the answer, pay attention
45 generation repeat cross over 12 times and mutation 0 times
46 generation best_aic & best Eq: -2.461778609765757, ( ^3 x)+( ^2 (uxx + (x / uxx)))+((uxx - (uxx - u^2)) d^2 x)
best concise Eq: 0.4903((uxx - (uxx - u^2)) d^2 x)
We are close to the answer, pay attention
46 generation repeat cross over 16 times and mutation 0 times
47 generation best_aic & best Eq: -2.461778609765757, ( ^3 x)+( ^2 (uxx + (x / uxx)))+((uxx - (uxx - u^2)) d^2 x)
best concise Eq: 0.4903((uxx - (uxx - u^2)) d^2 x)
We are close to the answer, pay attention
47 generation repeat cross over 16 times and mutation 1 times
48 generation best_aic & best Eq: -2.461778609765757, ( ^3 x)+( ^2 (uxx + (x / uxx)))+((uxx - (uxx - u^2)) d^2 x)
best concise Eq: 0.4903((uxx - (uxx - u^2)) d^2 x)
We are close to the answer, pay attention
48 generation repeat cross over 17 times and mutation 0 times
49 generation best_aic & best Eq: -2.461778609765757, ( ^3 x)+( ^2 (uxx + (x / uxx)))+((uxx - (uxx - u^2)) d^2 x)
best concise Eq: 0.4903((uxx - (uxx - u^2)) d^2 x)
We are close to the answer, pay attention
49 generation repeat cross over 15 times and mutation 1 times
50 generation best_aic & best Eq: -2.461778609765757, ( ^3 x)+( ^2 (uxx + (x / uxx)))+((uxx - (uxx - u^2)) d^2 x)
best concise Eq: 0.4903((uxx - (uxx - u^2)) d^2 x)
We are close to the answer, pay attention
50 generation repeat cross over 18 times and mutation 1 times
51 generation best_aic & best Eq: -2.461778609765757, ( ^3 x)+( ^2 (uxx + (x / uxx)))+((uxx - (uxx - u^2)) d^2 x)
best concise Eq: 0.4903((uxx - (uxx - u^2)) d^2 x)
We are close to the answer, pay attention
51 generation repeat cross over 19 times and mutation 1 times
52 generation best_aic & best Eq: -2.461778609765757, ( ^3 x)+( ^2 (uxx + (x / uxx)))+((uxx - (uxx - u^2)) d^2 x)
best concise Eq: 0.4903((uxx - (uxx - u^2)) d^2 x)
We are close to the answer, pay attention
52 generation repeat cross over 18 times and mutation 1 times
53 generation best_aic & best Eq: -2.461778609765757, ( ^3 x)+( ^2 (uxx + (x / uxx)))+((uxx - (uxx - u^2)) d^2 x)
best concise Eq: 0.4903((uxx - (uxx - u^2)) d^2 x)
We are close to the answer, pay attention
53 generation repeat cross over 20 times and mutation 0 times
54 generation best_aic & best Eq: -2.461778609765757, ( ^3 x)+( ^2 (uxx + (x / uxx)))+((uxx - (uxx - u^2)) d^2 x)
best concise Eq: 0.4903((uxx - (uxx - u^2)) d^2 x)
We are close to the answer, pay attention
54 generation repeat cross over 19 times and mutation 0 times
55 generation best_aic & best Eq: -2.461778609765757, ( ^3 x)+( ^2 (uxx + (x / uxx)))+((uxx - (uxx - u^2)) d^2 x)
best concise Eq: 0.4903((uxx - (uxx - u^2)) d^2 x)
We are close to the answer, pay attention
55 generation repeat cross over 20 times and mutation 0 times
56 generation best_aic & best Eq: -2.461778609765757, ( ^3 x)+( ^2 (uxx + (x / uxx)))+((uxx - (uxx - u^2)) d^2 x)
best concise Eq: 0.4903((uxx - (uxx - u^2)) d^2 x)
We are close to the answer, pay attention
56 generation repeat cross over 20 times and mutation 0 times
57 generation best_aic & best Eq: -2.461778609765757, ( ^3 x)+( ^2 (uxx + (x / uxx)))+((uxx - (uxx - u^2)) d^2 x)
best concise Eq: 0.4903((uxx - (uxx - u^2)) d^2 x)
We are close to the answer, pay attention
57 generation repeat cross over 18 times and mutation 0 times
58 generation best_aic & best Eq: -2.461778609765757, ( ^3 x)+( ^2 (uxx + (x / uxx)))+((uxx - (uxx - u^2)) d^2 x)
best concise Eq: 0.4903((uxx - (uxx - u^2)) d^2 x)
We are close to the answer, pay attention
58 generation repeat cross over 19 times and mutation 1 times
59 generation best_aic & best Eq: -2.461778609765757, ( ^3 x)+( ^2 (uxx + (x / uxx)))+((uxx - (uxx - u^2)) d^2 x)
best concise Eq: 0.4903((uxx - (uxx - u^2)) d^2 x)
We are close to the answer, pay attention
59 generation repeat cross over 19 times and mutation 0 times
60 generation best_aic & best Eq: -2.461778609765757, ( ^3 x)+( ^2 (uxx + (x / uxx)))+((uxx - (uxx - u^2)) d^2 x)
best concise Eq: 0.4903((uxx - (uxx - u^2)) d^2 x)
We are close to the answer, pay attention
60 generation repeat cross over 20 times and mutation 0 times
61 generation best_aic & best Eq: -2.461778609765757, ( ^3 x)+( ^2 (uxx + (x / uxx)))+((uxx - (uxx - u^2)) d^2 x)
best concise Eq: 0.4903((uxx - (uxx - u^2)) d^2 x)
We are close to the answer, pay attention
61 generation repeat cross over 19 times and mutation 0 times
62 generation best_aic & best Eq: -2.461778609765757, ( ^3 x)+( ^2 (uxx + (x / uxx)))+((uxx - (uxx - u^2)) d^2 x)
best concise Eq: 0.4903((uxx - (uxx - u^2)) d^2 x)
We are close to the answer, pay attention
62 generation repeat cross over 20 times and mutation 0 times
63 generation best_aic & best Eq: -2.461778609765757, ( ^3 x)+( ^2 (uxx + (x / uxx)))+((uxx - (uxx - u^2)) d^2 x)
best concise Eq: 0.4903((uxx - (uxx - u^2)) d^2 x)
We are close to the answer, pay attention
63 generation repeat cross over 20 times and mutation 0 times
64 generation best_aic & best Eq: -2.461778609765757, ( ^3 x)+( ^2 (uxx + (x / uxx)))+((uxx - (uxx - u^2)) d^2 x)
best concise Eq: 0.4903((uxx - (uxx - u^2)) d^2 x)
We are close to the answer, pay attention
64 generation repeat cross over 18 times and mutation 0 times
65 generation best_aic & best Eq: -2.461778609765757, ( ^3 x)+( ^2 (uxx + (x / uxx)))+((uxx - (uxx - u^2)) d^2 x)
best concise Eq: 0.4903((uxx - (uxx - u^2)) d^2 x)
We are close to the answer, pay attention
65 generation repeat cross over 20 times and mutation 0 times
66 generation best_aic & best Eq: -2.461778609765757, ( ^3 x)+( ^2 (uxx + (x / uxx)))+((uxx - (uxx - u^2)) d^2 x)
best concise Eq: 0.4903((uxx - (uxx - u^2)) d^2 x)
We are close to the answer, pay attention
66 generation repeat cross over 19 times and mutation 0 times
67 generation best_aic & best Eq: -2.461778609765757, ( ^3 x)+( ^2 (uxx + (x / uxx)))+((uxx - (uxx - u^2)) d^2 x)
best concise Eq: 0.4903((uxx - (uxx - u^2)) d^2 x)
We are close to the answer, pay attention
67 generation repeat cross over 20 times and mutation 0 times
68 generation best_aic & best Eq: -2.461778609765757, ( ^3 x)+( ^2 (uxx + (x / uxx)))+((uxx - (uxx - u^2)) d^2 x)
best concise Eq: 0.4903((uxx - (uxx - u^2)) d^2 x)
We are close to the answer, pay attention
68 generation repeat cross over 20 times and mutation 0 times
69 generation best_aic & best Eq: -2.461778609765757, ( ^3 x)+( ^2 (uxx + (x / uxx)))+((uxx - (uxx - u^2)) d^2 x)
best concise Eq: 0.4903((uxx - (uxx - u^2)) d^2 x)
We are close to the answer, pay attention
69 generation repeat cross over 20 times and mutation 0 times
70 generation best_aic & best Eq: -2.461778609765757, ( ^3 x)+( ^2 (uxx + (x / uxx)))+((uxx - (uxx - u^2)) d^2 x)
best concise Eq: 0.4903((uxx - (uxx - u^2)) d^2 x)
We are close to the answer, pay attention
70 generation repeat cross over 20 times and mutation 0 times
71 generation best_aic & best Eq: -2.461778609765757, ( ^3 x)+( ^2 (uxx + (x / uxx)))+((uxx - (uxx - u^2)) d^2 x)
best concise Eq: 0.4903((uxx - (uxx - u^2)) d^2 x)
We are close to the answer, pay attention
71 generation repeat cross over 20 times and mutation 0 times
72 generation best_aic & best Eq: -2.461778609765757, ( ^3 x)+( ^2 (uxx + (x / uxx)))+((uxx - (uxx - u^2)) d^2 x)
best concise Eq: 0.4903((uxx - (uxx - u^2)) d^2 x)
We are close to the answer, pay attention
72 generation repeat cross over 20 times and mutation 0 times
73 generation best_aic & best Eq: -2.461778609765757, ( ^3 x)+( ^2 (uxx + (x / uxx)))+((uxx - (uxx - u^2)) d^2 x)
best concise Eq: 0.4903((uxx - (uxx - u^2)) d^2 x)
We are close to the answer, pay attention
73 generation repeat cross over 20 times and mutation 0 times
74 generation best_aic & best Eq: -2.461778609765757, ( ^3 x)+( ^2 (uxx + (x / uxx)))+((uxx - (uxx - u^2)) d^2 x)
best concise Eq: 0.4903((uxx - (uxx - u^2)) d^2 x)
We are close to the answer, pay attention
74 generation repeat cross over 20 times and mutation 0 times
75 generation best_aic & best Eq: -2.461778609765757, ( ^3 x)+( ^2 (uxx + (x / uxx)))+((uxx - (uxx - u^2)) d^2 x)
best concise Eq: 0.4903((uxx - (uxx - u^2)) d^2 x)
We are close to the answer, pay attention
75 generation repeat cross over 20 times and mutation 0 times
76 generation best_aic & best Eq: -2.461778609765757, ( ^3 x)+( ^2 (uxx + (x / uxx)))+((uxx - (uxx - u^2)) d^2 x)
best concise Eq: 0.4903((uxx - (uxx - u^2)) d^2 x)
We are close to the answer, pay attention
76 generation repeat cross over 20 times and mutation 0 times
77 generation best_aic & best Eq: -2.461778609765757, ( ^3 x)+( ^2 (uxx + (x / uxx)))+((uxx - (uxx - u^2)) d^2 x)
best concise Eq: 0.4903((uxx - (uxx - u^2)) d^2 x)
We are close to the answer, pay attention
77 generation repeat cross over 20 times and mutation 0 times
78 generation best_aic & best Eq: -2.461778609765757, ( ^3 x)+( ^2 (uxx + (x / uxx)))+((uxx - (uxx - u^2)) d^2 x)
best concise Eq: 0.4903((uxx - (uxx - u^2)) d^2 x)
We are close to the answer, pay attention
78 generation repeat cross over 20 times and mutation 0 times
79 generation best_aic & best Eq: -2.461778609765757, ( ^3 x)+( ^2 (uxx + (x / uxx)))+((uxx - (uxx - u^2)) d^2 x)
best concise Eq: 0.4903((uxx - (uxx - u^2)) d^2 x)
We are close to the answer, pay attention
79 generation repeat cross over 20 times and mutation 0 times
80 generation best_aic & best Eq: -2.461778609765757, ( ^3 x)+( ^2 (uxx + (x / uxx)))+((uxx - (uxx - u^2)) d^2 x)
best concise Eq: 0.4903((uxx - (uxx - u^2)) d^2 x)
We are close to the answer, pay attention
80 generation repeat cross over 20 times and mutation 0 times
81 generation best_aic & best Eq: -2.461778609765757, ( ^3 x)+( ^2 (uxx + (x / uxx)))+((uxx - (uxx - u^2)) d^2 x)
best concise Eq: 0.4903((uxx - (uxx - u^2)) d^2 x)
We are close to the answer, pay attention
81 generation repeat cross over 20 times and mutation 0 times
82 generation best_aic & best Eq: -2.461778609765757, ( ^3 x)+( ^2 (uxx + (x / uxx)))+((uxx - (uxx - u^2)) d^2 x)
best concise Eq: 0.4903((uxx - (uxx - u^2)) d^2 x)
We are close to the answer, pay attention
82 generation repeat cross over 20 times and mutation 0 times
83 generation best_aic & best Eq: -2.461778609765757, ( ^3 x)+( ^2 (uxx + (x / uxx)))+((uxx - (uxx - u^2)) d^2 x)
best concise Eq: 0.4903((uxx - (uxx - u^2)) d^2 x)
We are close to the answer, pay attention
83 generation repeat cross over 20 times and mutation 0 times
84 generation best_aic & best Eq: -2.461778609765757, ( ^3 x)+( ^2 (uxx + (x / uxx)))+((uxx - (uxx - u^2)) d^2 x)
best concise Eq: 0.4903((uxx - (uxx - u^2)) d^2 x)
We are close to the answer, pay attention
84 generation repeat cross over 20 times and mutation 0 times
85 generation best_aic & best Eq: -2.461778609765757, ( ^3 x)+( ^2 (uxx + (x / uxx)))+((uxx - (uxx - u^2)) d^2 x)
best concise Eq: 0.4903((uxx - (uxx - u^2)) d^2 x)
We are close to the answer, pay attention
85 generation repeat cross over 20 times and mutation 0 times
86 generation best_aic & best Eq: -2.461778609765757, ( ^3 x)+( ^2 (uxx + (x / uxx)))+((uxx - (uxx - u^2)) d^2 x)
best concise Eq: 0.4903((uxx - (uxx - u^2)) d^2 x)
We are close to the answer, pay attention
86 generation repeat cross over 20 times and mutation 0 times
87 generation best_aic & best Eq: -2.461778609765757, ( ^3 x)+( ^2 (uxx + (x / uxx)))+((uxx - (uxx - u^2)) d^2 x)
best concise Eq: 0.4903((uxx - (uxx - u^2)) d^2 x)
We are close to the answer, pay attention
87 generation repeat cross over 19 times and mutation 0 times
88 generation best_aic & best Eq: -2.461778609765757, ( ^3 x)+( ^2 (uxx + (x / uxx)))+((uxx - (uxx - u^2)) d^2 x)
best concise Eq: 0.4903((uxx - (uxx - u^2)) d^2 x)
We are close to the answer, pay attention
88 generation repeat cross over 20 times and mutation 0 times
89 generation best_aic & best Eq: -2.461778609765757, ( ^3 x)+( ^2 (uxx + (x / uxx)))+((uxx - (uxx - u^2)) d^2 x)
best concise Eq: 0.4903((uxx - (uxx - u^2)) d^2 x)
We are close to the answer, pay attention
89 generation repeat cross over 20 times and mutation 0 times
90 generation best_aic & best Eq: -2.461778609765757, ( ^3 x)+( ^2 (uxx + (x / uxx)))+((uxx - (uxx - u^2)) d^2 x)
best concise Eq: 0.4903((uxx - (uxx - u^2)) d^2 x)
We are close to the answer, pay attention
90 generation repeat cross over 18 times and mutation 0 times
91 generation best_aic & best Eq: -2.461778609765757, ( ^3 x)+( ^2 (uxx + (x / uxx)))+((uxx - (uxx - u^2)) d^2 x)
best concise Eq: 0.4903((uxx - (uxx - u^2)) d^2 x)
We are close to the answer, pay attention
91 generation repeat cross over 18 times and mutation 0 times
92 generation best_aic & best Eq: -2.461778609765757, ( ^3 x)+( ^2 (uxx + (x / uxx)))+((uxx - (uxx - u^2)) d^2 x)
best concise Eq: 0.4903((uxx - (uxx - u^2)) d^2 x)
We are close to the answer, pay attention
92 generation repeat cross over 18 times and mutation 0 times
93 generation best_aic & best Eq: -2.461778609765757, ( ^3 x)+( ^2 (uxx + (x / uxx)))+((uxx - (uxx - u^2)) d^2 x)
best concise Eq: 0.4903((uxx - (uxx - u^2)) d^2 x)
We are close to the answer, pay attention
93 generation repeat cross over 20 times and mutation 0 times
94 generation best_aic & best Eq: -2.461778609765757, ( ^3 x)+( ^2 (uxx + (x / uxx)))+((uxx - (uxx - u^2)) d^2 x)
best concise Eq: 0.4903((uxx - (uxx - u^2)) d^2 x)
We are close to the answer, pay attention
94 generation repeat cross over 17 times and mutation 0 times
95 generation best_aic & best Eq: -2.461778609765757, ( ^3 x)+( ^2 (uxx + (x / uxx)))+((uxx - (uxx - u^2)) d^2 x)
best concise Eq: 0.4903((uxx - (uxx - u^2)) d^2 x)
We are close to the answer, pay attention
95 generation repeat cross over 18 times and mutation 0 times
96 generation best_aic & best Eq: -2.461778609765757, ( ^3 x)+( ^2 (uxx + (x / uxx)))+((uxx - (uxx - u^2)) d^2 x)
best concise Eq: 0.4903((uxx - (uxx - u^2)) d^2 x)
We are close to the answer, pay attention
96 generation repeat cross over 19 times and mutation 0 times
97 generation best_aic & best Eq: -2.461778609765757, ( ^3 x)+( ^2 (uxx + (x / uxx)))+((uxx - (uxx - u^2)) d^2 x)
best concise Eq: 0.4903((uxx - (uxx - u^2)) d^2 x)
We are close to the answer, pay attention
97 generation repeat cross over 19 times and mutation 0 times
98 generation best_aic & best Eq: -2.461778609765757, ( ^3 x)+( ^2 (uxx + (x / uxx)))+((uxx - (uxx - u^2)) d^2 x)
best concise Eq: 0.4903((uxx - (uxx - u^2)) d^2 x)
We are close to the answer, pay attention
98 generation repeat cross over 19 times and mutation 0 times
99 generation best_aic & best Eq: -2.461778609765757, ( ^3 x)+( ^2 (uxx + (x / uxx)))+((uxx - (uxx - u^2)) d^2 x)
best concise Eq: 0.4903((uxx - (uxx - u^2)) d^2 x)
We are close to the answer, pay attention
99 generation repeat cross over 19 times and mutation 0 times
100 generation best_aic & best Eq: -2.4620424964438437, ( ^2 (uxx + (ux / uxx)))+(( ^3 (x d^2 x)) d^2 x)+(u^2 d^2 x)
best concise Eq: 0.4903(u^2 d^2 x)
We are close to the answer, pay attention
100 generation repeat cross over 20 times and mutation 0 times
